        -:    0:Source:/Applications/Xcode.app/Contents/Developer/Toolchains/XcodeDefault.xctoolchain/usr/bin/../include/c++/v1/algorithm
        -:    0:Graph:TestCollatz.gcno
        -:    0:Data:TestCollatz.gcda
        -:    0:Runs:2
        -:    0:Programs:1
        -:    1:// -*- C++ -*-
        -:    2://===-------------------------- algorithm ---------------------------------===//
        -:    3://
        -:    4://                     The LLVM Compiler Infrastructure
        -:    5://
        -:    6:// This file is dual licensed under the MIT and the University of Illinois Open
        -:    7:// Source Licenses. See LICENSE.TXT for details.
        -:    8://
        -:    9://===----------------------------------------------------------------------===//
        -:   10:
        -:   11:#ifndef _LIBCPP_ALGORITHM
        -:   12:#define _LIBCPP_ALGORITHM
        -:   13:
        -:   14:/*
        -:   15:    algorithm synopsis
        -:   16:
        -:   17:#include <initializer_list>
        -:   18:
        -:   19:namespace std
        -:   20:{
        -:   21:
        -:   22:template <class InputIterator, class Predicate>
        -:   23:    bool
        -:   24:    all_of(InputIterator first, InputIterator last, Predicate pred);
        -:   25:
        -:   26:template <class InputIterator, class Predicate>
        -:   27:    bool
        -:   28:    any_of(InputIterator first, InputIterator last, Predicate pred);
        -:   29:
        -:   30:template <class InputIterator, class Predicate>
        -:   31:    bool
        -:   32:    none_of(InputIterator first, InputIterator last, Predicate pred);
        -:   33:
        -:   34:template <class InputIterator, class Function>
        -:   35:    Function
        -:   36:    for_each(InputIterator first, InputIterator last, Function f);
        -:   37:
        -:   38:template <class InputIterator, class T>
        -:   39:    InputIterator
        -:   40:    find(InputIterator first, InputIterator last, const T& value);
        -:   41:
        -:   42:template <class InputIterator, class Predicate>
        -:   43:    InputIterator
        -:   44:    find_if(InputIterator first, InputIterator last, Predicate pred);
        -:   45:
        -:   46:template<class InputIterator, class Predicate>
        -:   47:    InputIterator
        -:   48:    find_if_not(InputIterator first, InputIterator last, Predicate pred);
        -:   49:
        -:   50:template <class ForwardIterator1, class ForwardIterator2>
        -:   51:    ForwardIterator1
        -:   52:    find_end(ForwardIterator1 first1, ForwardIterator1 last1,
        -:   53:             ForwardIterator2 first2, ForwardIterator2 last2);
        -:   54:
        -:   55:template <class ForwardIterator1, class ForwardIterator2, class BinaryPredicate>
        -:   56:    ForwardIterator1
        -:   57:    find_end(ForwardIterator1 first1, ForwardIterator1 last1,
        -:   58:             ForwardIterator2 first2, ForwardIterator2 last2, BinaryPredicate pred);
        -:   59:
        -:   60:template <class ForwardIterator1, class ForwardIterator2>
        -:   61:    ForwardIterator1
        -:   62:    find_first_of(ForwardIterator1 first1, ForwardIterator1 last1,
        -:   63:                  ForwardIterator2 first2, ForwardIterator2 last2);
        -:   64:
        -:   65:template <class ForwardIterator1, class ForwardIterator2, class BinaryPredicate>
        -:   66:    ForwardIterator1
        -:   67:    find_first_of(ForwardIterator1 first1, ForwardIterator1 last1,
        -:   68:                  ForwardIterator2 first2, ForwardIterator2 last2, BinaryPredicate pred);
        -:   69:
        -:   70:template <class ForwardIterator>
        -:   71:    ForwardIterator
        -:   72:    adjacent_find(ForwardIterator first, ForwardIterator last);
        -:   73:
        -:   74:template <class ForwardIterator, class BinaryPredicate>
        -:   75:    ForwardIterator
        -:   76:    adjacent_find(ForwardIterator first, ForwardIterator last, BinaryPredicate pred);
        -:   77:
        -:   78:template <class InputIterator, class T>
        -:   79:    typename iterator_traits<InputIterator>::difference_type
        -:   80:    count(InputIterator first, InputIterator last, const T& value);
        -:   81:
        -:   82:template <class InputIterator, class Predicate>
        -:   83:    typename iterator_traits<InputIterator>::difference_type
        -:   84:    count_if(InputIterator first, InputIterator last, Predicate pred);
        -:   85:
        -:   86:template <class InputIterator1, class InputIterator2>
        -:   87:    pair<InputIterator1, InputIterator2>
        -:   88:    mismatch(InputIterator1 first1, InputIterator1 last1, InputIterator2 first2);
        -:   89:
        -:   90:template <class InputIterator1, class InputIterator2>
        -:   91:    pair<InputIterator1, InputIterator2>
        -:   92:    mismatch(InputIterator1 first1, InputIterator1 last1, 
        -:   93:             InputIterator2 first2, InputIterator2 last2); // **C++14**
        -:   94:
        -:   95:template <class InputIterator1, class InputIterator2, class BinaryPredicate>
        -:   96:    pair<InputIterator1, InputIterator2>
        -:   97:    mismatch(InputIterator1 first1, InputIterator1 last1,
        -:   98:             InputIterator2 first2, BinaryPredicate pred);
        -:   99:
        -:  100:template <class InputIterator1, class InputIterator2, class BinaryPredicate>
        -:  101:    pair<InputIterator1, InputIterator2>
        -:  102:    mismatch(InputIterator1 first1, InputIterator1 last1,
        -:  103:             InputIterator2 first2, InputIterator2 last2,
        -:  104:             BinaryPredicate pred); // **C++14**
        -:  105:
        -:  106:template <class InputIterator1, class InputIterator2>
        -:  107:    bool
        -:  108:    equal(InputIterator1 first1, InputIterator1 last1, InputIterator2 first2);
        -:  109:
        -:  110:template <class InputIterator1, class InputIterator2>
        -:  111:    bool
        -:  112:    equal(InputIterator1 first1, InputIterator1 last1, 
        -:  113:          InputIterator2 first2, InputIterator2 last2); // **C++14**
        -:  114:
        -:  115:template <class InputIterator1, class InputIterator2, class BinaryPredicate>
        -:  116:    bool
        -:  117:    equal(InputIterator1 first1, InputIterator1 last1,
        -:  118:          InputIterator2 first2, BinaryPredicate pred);
        -:  119:
        -:  120:template <class InputIterator1, class InputIterator2, class BinaryPredicate>
        -:  121:    bool
        -:  122:    equal(InputIterator1 first1, InputIterator1 last1,
        -:  123:          InputIterator2 first2, InputIterator2 last2,
        -:  124:          BinaryPredicate pred); // **C++14**
        -:  125:
        -:  126:template<class ForwardIterator1, class ForwardIterator2>
        -:  127:    bool
        -:  128:    is_permutation(ForwardIterator1 first1, ForwardIterator1 last1,
        -:  129:                   ForwardIterator2 first2);
        -:  130:
        -:  131:template<class ForwardIterator1, class ForwardIterator2>
        -:  132:    bool
        -:  133:    is_permutation(ForwardIterator1 first1, ForwardIterator1 last1,
        -:  134:                   ForwardIterator2 first2, ForwardIterator2 last2); // **C++14**
        -:  135:
        -:  136:template<class ForwardIterator1, class ForwardIterator2, class BinaryPredicate>
        -:  137:    bool
        -:  138:    is_permutation(ForwardIterator1 first1, ForwardIterator1 last1,
        -:  139:                   ForwardIterator2 first2, BinaryPredicate pred);
        -:  140:
        -:  141:template<class ForwardIterator1, class ForwardIterator2, class BinaryPredicate>
        -:  142:    bool
        -:  143:    is_permutation(ForwardIterator1 first1, ForwardIterator1 last1,
        -:  144:                   ForwardIterator2 first2, ForwardIterator2 last2,
        -:  145:                   BinaryPredicate pred);  // **C++14**
        -:  146:
        -:  147:template <class ForwardIterator1, class ForwardIterator2>
        -:  148:    ForwardIterator1
        -:  149:    search(ForwardIterator1 first1, ForwardIterator1 last1,
        -:  150:           ForwardIterator2 first2, ForwardIterator2 last2);
        -:  151:
        -:  152:template <class ForwardIterator1, class ForwardIterator2, class BinaryPredicate>
        -:  153:    ForwardIterator1
        -:  154:    search(ForwardIterator1 first1, ForwardIterator1 last1,
        -:  155:           ForwardIterator2 first2, ForwardIterator2 last2, BinaryPredicate pred);
        -:  156:
        -:  157:template <class ForwardIterator, class Size, class T>
        -:  158:    ForwardIterator
        -:  159:    search_n(ForwardIterator first, ForwardIterator last, Size count, const T& value);
        -:  160:
        -:  161:template <class ForwardIterator, class Size, class T, class BinaryPredicate>
        -:  162:    ForwardIterator
        -:  163:    search_n(ForwardIterator first, ForwardIterator last,
        -:  164:             Size count, const T& value, BinaryPredicate pred);
        -:  165:
        -:  166:template <class InputIterator, class OutputIterator>
        -:  167:    OutputIterator
        -:  168:    copy(InputIterator first, InputIterator last, OutputIterator result);
        -:  169:
        -:  170:template<class InputIterator, class OutputIterator, class Predicate>
        -:  171:    OutputIterator
        -:  172:    copy_if(InputIterator first, InputIterator last,
        -:  173:            OutputIterator result, Predicate pred);
        -:  174:
        -:  175:template<class InputIterator, class Size, class OutputIterator>
        -:  176:    OutputIterator
        -:  177:    copy_n(InputIterator first, Size n, OutputIterator result);
        -:  178:
        -:  179:template <class BidirectionalIterator1, class BidirectionalIterator2>
        -:  180:    BidirectionalIterator2
        -:  181:    copy_backward(BidirectionalIterator1 first, BidirectionalIterator1 last,
        -:  182:                  BidirectionalIterator2 result);
        -:  183:
        -:  184:template <class ForwardIterator1, class ForwardIterator2>
        -:  185:    ForwardIterator2
        -:  186:    swap_ranges(ForwardIterator1 first1, ForwardIterator1 last1, ForwardIterator2 first2);
        -:  187:
        -:  188:template <class ForwardIterator1, class ForwardIterator2>
        -:  189:    void
        -:  190:    iter_swap(ForwardIterator1 a, ForwardIterator2 b);
        -:  191:
        -:  192:template <class InputIterator, class OutputIterator, class UnaryOperation>
        -:  193:    OutputIterator
        -:  194:    transform(InputIterator first, InputIterator last, OutputIterator result, UnaryOperation op);
        -:  195:
        -:  196:template <class InputIterator1, class InputIterator2, class OutputIterator, class BinaryOperation>
        -:  197:    OutputIterator
        -:  198:    transform(InputIterator1 first1, InputIterator1 last1, InputIterator2 first2,
        -:  199:              OutputIterator result, BinaryOperation binary_op);
        -:  200:
        -:  201:template <class ForwardIterator, class T>
        -:  202:    void
        -:  203:    replace(ForwardIterator first, ForwardIterator last, const T& old_value, const T& new_value);
        -:  204:
        -:  205:template <class ForwardIterator, class Predicate, class T>
        -:  206:    void
        -:  207:    replace_if(ForwardIterator first, ForwardIterator last, Predicate pred, const T& new_value);
        -:  208:
        -:  209:template <class InputIterator, class OutputIterator, class T>
        -:  210:    OutputIterator
        -:  211:    replace_copy(InputIterator first, InputIterator last, OutputIterator result,
        -:  212:                 const T& old_value, const T& new_value);
        -:  213:
        -:  214:template <class InputIterator, class OutputIterator, class Predicate, class T>
        -:  215:    OutputIterator
        -:  216:    replace_copy_if(InputIterator first, InputIterator last, OutputIterator result, Predicate pred, const T& new_value);
        -:  217:
        -:  218:template <class ForwardIterator, class T>
        -:  219:    void
        -:  220:    fill(ForwardIterator first, ForwardIterator last, const T& value);
        -:  221:
        -:  222:template <class OutputIterator, class Size, class T>
        -:  223:    OutputIterator
        -:  224:    fill_n(OutputIterator first, Size n, const T& value);
        -:  225:
        -:  226:template <class ForwardIterator, class Generator>
        -:  227:    void
        -:  228:    generate(ForwardIterator first, ForwardIterator last, Generator gen);
        -:  229:
        -:  230:template <class OutputIterator, class Size, class Generator>
        -:  231:    OutputIterator
        -:  232:    generate_n(OutputIterator first, Size n, Generator gen);
        -:  233:
        -:  234:template <class ForwardIterator, class T>
        -:  235:    ForwardIterator
        -:  236:    remove(ForwardIterator first, ForwardIterator last, const T& value);
        -:  237:
        -:  238:template <class ForwardIterator, class Predicate>
        -:  239:    ForwardIterator
        -:  240:    remove_if(ForwardIterator first, ForwardIterator last, Predicate pred);
        -:  241:
        -:  242:template <class InputIterator, class OutputIterator, class T>
        -:  243:    OutputIterator
        -:  244:    remove_copy(InputIterator first, InputIterator last, OutputIterator result, const T& value);
        -:  245:
        -:  246:template <class InputIterator, class OutputIterator, class Predicate>
        -:  247:    OutputIterator
        -:  248:    remove_copy_if(InputIterator first, InputIterator last, OutputIterator result, Predicate pred);
        -:  249:
        -:  250:template <class ForwardIterator>
        -:  251:    ForwardIterator
        -:  252:    unique(ForwardIterator first, ForwardIterator last);
        -:  253:
        -:  254:template <class ForwardIterator, class BinaryPredicate>
        -:  255:    ForwardIterator
        -:  256:    unique(ForwardIterator first, ForwardIterator last, BinaryPredicate pred);
        -:  257:
        -:  258:template <class InputIterator, class OutputIterator>
        -:  259:    OutputIterator
        -:  260:    unique_copy(InputIterator first, InputIterator last, OutputIterator result);
        -:  261:
        -:  262:template <class InputIterator, class OutputIterator, class BinaryPredicate>
        -:  263:    OutputIterator
        -:  264:    unique_copy(InputIterator first, InputIterator last, OutputIterator result, BinaryPredicate pred);
        -:  265:
        -:  266:template <class BidirectionalIterator>
        -:  267:    void
        -:  268:    reverse(BidirectionalIterator first, BidirectionalIterator last);
        -:  269:
        -:  270:template <class BidirectionalIterator, class OutputIterator>
        -:  271:    OutputIterator
        -:  272:    reverse_copy(BidirectionalIterator first, BidirectionalIterator last, OutputIterator result);
        -:  273:
        -:  274:template <class ForwardIterator>
        -:  275:    ForwardIterator
        -:  276:    rotate(ForwardIterator first, ForwardIterator middle, ForwardIterator last);
        -:  277:
        -:  278:template <class ForwardIterator, class OutputIterator>
        -:  279:    OutputIterator
        -:  280:    rotate_copy(ForwardIterator first, ForwardIterator middle, ForwardIterator last, OutputIterator result);
        -:  281:
        -:  282:template <class RandomAccessIterator>
        -:  283:    void
        -:  284:    random_shuffle(RandomAccessIterator first, RandomAccessIterator last);
        -:  285:
        -:  286:template <class RandomAccessIterator, class RandomNumberGenerator>
        -:  287:    void
        -:  288:    random_shuffle(RandomAccessIterator first, RandomAccessIterator last, RandomNumberGenerator& rand);
        -:  289:
        -:  290:template<class RandomAccessIterator, class UniformRandomNumberGenerator>
        -:  291:    void shuffle(RandomAccessIterator first, RandomAccessIterator last,
        -:  292:                 UniformRandomNumberGenerator&& g);
        -:  293:
        -:  294:template <class InputIterator, class Predicate>
        -:  295:    bool
        -:  296:    is_partitioned(InputIterator first, InputIterator last, Predicate pred);
        -:  297:
        -:  298:template <class ForwardIterator, class Predicate>
        -:  299:    ForwardIterator
        -:  300:    partition(ForwardIterator first, ForwardIterator last, Predicate pred);
        -:  301:
        -:  302:template <class InputIterator, class OutputIterator1,
        -:  303:          class OutputIterator2, class Predicate>
        -:  304:    pair<OutputIterator1, OutputIterator2>
        -:  305:    partition_copy(InputIterator first, InputIterator last,
        -:  306:                   OutputIterator1 out_true, OutputIterator2 out_false,
        -:  307:                   Predicate pred);
        -:  308:
        -:  309:template <class ForwardIterator, class Predicate>
        -:  310:    ForwardIterator
        -:  311:    stable_partition(ForwardIterator first, ForwardIterator last, Predicate pred);
        -:  312:
        -:  313:template<class ForwardIterator, class Predicate>
        -:  314:    ForwardIterator
        -:  315:    partition_point(ForwardIterator first, ForwardIterator last, Predicate pred);
        -:  316:
        -:  317:template <class ForwardIterator>
        -:  318:    bool
        -:  319:    is_sorted(ForwardIterator first, ForwardIterator last);
        -:  320:
        -:  321:template <class ForwardIterator, class Compare>
        -:  322:    bool
        -:  323:    is_sorted(ForwardIterator first, ForwardIterator last, Compare comp);
        -:  324:
        -:  325:template<class ForwardIterator>
        -:  326:    ForwardIterator
        -:  327:    is_sorted_until(ForwardIterator first, ForwardIterator last);
        -:  328:
        -:  329:template <class ForwardIterator, class Compare>
        -:  330:    ForwardIterator
        -:  331:    is_sorted_until(ForwardIterator first, ForwardIterator last, Compare comp);
        -:  332:
        -:  333:template <class RandomAccessIterator>
        -:  334:    void
        -:  335:    sort(RandomAccessIterator first, RandomAccessIterator last);
        -:  336:
        -:  337:template <class RandomAccessIterator, class Compare>
        -:  338:    void
        -:  339:    sort(RandomAccessIterator first, RandomAccessIterator last, Compare comp);
        -:  340:
        -:  341:template <class RandomAccessIterator>
        -:  342:    void
        -:  343:    stable_sort(RandomAccessIterator first, RandomAccessIterator last);
        -:  344:
        -:  345:template <class RandomAccessIterator, class Compare>
        -:  346:    void
        -:  347:    stable_sort(RandomAccessIterator first, RandomAccessIterator last, Compare comp);
        -:  348:
        -:  349:template <class RandomAccessIterator>
        -:  350:    void
        -:  351:    partial_sort(RandomAccessIterator first, RandomAccessIterator middle, RandomAccessIterator last);
        -:  352:
        -:  353:template <class RandomAccessIterator, class Compare>
        -:  354:    void
        -:  355:    partial_sort(RandomAccessIterator first, RandomAccessIterator middle, RandomAccessIterator last, Compare comp);
        -:  356:
        -:  357:template <class InputIterator, class RandomAccessIterator>
        -:  358:    RandomAccessIterator
        -:  359:    partial_sort_copy(InputIterator first, InputIterator last,
        -:  360:                      RandomAccessIterator result_first, RandomAccessIterator result_last);
        -:  361:
        -:  362:template <class InputIterator, class RandomAccessIterator, class Compare>
        -:  363:    RandomAccessIterator
        -:  364:    partial_sort_copy(InputIterator first, InputIterator last,
        -:  365:                      RandomAccessIterator result_first, RandomAccessIterator result_last, Compare comp);
        -:  366:
        -:  367:template <class RandomAccessIterator>
        -:  368:    void
        -:  369:    nth_element(RandomAccessIterator first, RandomAccessIterator nth, RandomAccessIterator last);
        -:  370:
        -:  371:template <class RandomAccessIterator, class Compare>
        -:  372:    void
        -:  373:    nth_element(RandomAccessIterator first, RandomAccessIterator nth, RandomAccessIterator last, Compare comp);
        -:  374:
        -:  375:template <class ForwardIterator, class T>
        -:  376:    ForwardIterator
        -:  377:    lower_bound(ForwardIterator first, ForwardIterator last, const T& value);
        -:  378:
        -:  379:template <class ForwardIterator, class T, class Compare>
        -:  380:    ForwardIterator
        -:  381:    lower_bound(ForwardIterator first, ForwardIterator last, const T& value, Compare comp);
        -:  382:
        -:  383:template <class ForwardIterator, class T>
        -:  384:    ForwardIterator
        -:  385:    upper_bound(ForwardIterator first, ForwardIterator last, const T& value);
        -:  386:
        -:  387:template <class ForwardIterator, class T, class Compare>
        -:  388:    ForwardIterator
        -:  389:    upper_bound(ForwardIterator first, ForwardIterator last, const T& value, Compare comp);
        -:  390:
        -:  391:template <class ForwardIterator, class T>
        -:  392:    pair<ForwardIterator, ForwardIterator>
        -:  393:    equal_range(ForwardIterator first, ForwardIterator last, const T& value);
        -:  394:
        -:  395:template <class ForwardIterator, class T, class Compare>
        -:  396:    pair<ForwardIterator, ForwardIterator>
        -:  397:    equal_range(ForwardIterator first, ForwardIterator last, const T& value, Compare comp);
        -:  398:
        -:  399:template <class ForwardIterator, class T>
        -:  400:    bool
        -:  401:    binary_search(ForwardIterator first, ForwardIterator last, const T& value);
        -:  402:
        -:  403:template <class ForwardIterator, class T, class Compare>
        -:  404:    bool
        -:  405:    binary_search(ForwardIterator first, ForwardIterator last, const T& value, Compare comp);
        -:  406:
        -:  407:template <class InputIterator1, class InputIterator2, class OutputIterator>
        -:  408:    OutputIterator
        -:  409:    merge(InputIterator1 first1, InputIterator1 last1,
        -:  410:          InputIterator2 first2, InputIterator2 last2, OutputIterator result);
        -:  411:
        -:  412:template <class InputIterator1, class InputIterator2, class OutputIterator, class Compare>
        -:  413:    OutputIterator
        -:  414:    merge(InputIterator1 first1, InputIterator1 last1,
        -:  415:          InputIterator2 first2, InputIterator2 last2, OutputIterator result, Compare comp);
        -:  416:
        -:  417:template <class BidirectionalIterator>
        -:  418:    void
        -:  419:    inplace_merge(BidirectionalIterator first, BidirectionalIterator middle, BidirectionalIterator last);
        -:  420:
        -:  421:template <class BidirectionalIterator, class Compare>
        -:  422:    void
        -:  423:    inplace_merge(BidirectionalIterator first, BidirectionalIterator middle, BidirectionalIterator last, Compare comp);
        -:  424:
        -:  425:template <class InputIterator1, class InputIterator2>
        -:  426:    bool
        -:  427:    includes(InputIterator1 first1, InputIterator1 last1, InputIterator2 first2, InputIterator2 last2);
        -:  428:
        -:  429:template <class InputIterator1, class InputIterator2, class Compare>
        -:  430:    bool
        -:  431:    includes(InputIterator1 first1, InputIterator1 last1, InputIterator2 first2, InputIterator2 last2, Compare comp);
        -:  432:
        -:  433:template <class InputIterator1, class InputIterator2, class OutputIterator>
        -:  434:    OutputIterator
        -:  435:    set_union(InputIterator1 first1, InputIterator1 last1,
        -:  436:              InputIterator2 first2, InputIterator2 last2, OutputIterator result);
        -:  437:
        -:  438:template <class InputIterator1, class InputIterator2, class OutputIterator, class Compare>
        -:  439:    OutputIterator
        -:  440:    set_union(InputIterator1 first1, InputIterator1 last1,
        -:  441:              InputIterator2 first2, InputIterator2 last2, OutputIterator result, Compare comp);
        -:  442:
        -:  443:template <class InputIterator1, class InputIterator2, class OutputIterator>
        -:  444:    OutputIterator
        -:  445:    set_intersection(InputIterator1 first1, InputIterator1 last1,
        -:  446:                     InputIterator2 first2, InputIterator2 last2, OutputIterator result);
        -:  447:
        -:  448:template <class InputIterator1, class InputIterator2, class OutputIterator, class Compare>
        -:  449:    OutputIterator
        -:  450:    set_intersection(InputIterator1 first1, InputIterator1 last1,
        -:  451:                     InputIterator2 first2, InputIterator2 last2, OutputIterator result, Compare comp);
        -:  452:
        -:  453:template <class InputIterator1, class InputIterator2, class OutputIterator>
        -:  454:    OutputIterator
        -:  455:    set_difference(InputIterator1 first1, InputIterator1 last1,
        -:  456:                   InputIterator2 first2, InputIterator2 last2, OutputIterator result);
        -:  457:
        -:  458:template <class InputIterator1, class InputIterator2, class OutputIterator, class Compare>
        -:  459:    OutputIterator
        -:  460:    set_difference(InputIterator1 first1, InputIterator1 last1,
        -:  461:                   InputIterator2 first2, InputIterator2 last2, OutputIterator result, Compare comp);
        -:  462:
        -:  463:template <class InputIterator1, class InputIterator2, class OutputIterator>
        -:  464:    OutputIterator
        -:  465:    set_symmetric_difference(InputIterator1 first1, InputIterator1 last1,
        -:  466:                             InputIterator2 first2, InputIterator2 last2, OutputIterator result);
        -:  467:
        -:  468:template <class InputIterator1, class InputIterator2, class OutputIterator, class Compare>
        -:  469:    OutputIterator
        -:  470:    set_symmetric_difference(InputIterator1 first1, InputIterator1 last1,
        -:  471:                             InputIterator2 first2, InputIterator2 last2, OutputIterator result, Compare comp);
        -:  472:
        -:  473:template <class RandomAccessIterator>
        -:  474:    void
        -:  475:    push_heap(RandomAccessIterator first, RandomAccessIterator last);
        -:  476:
        -:  477:template <class RandomAccessIterator, class Compare>
        -:  478:    void
        -:  479:    push_heap(RandomAccessIterator first, RandomAccessIterator last, Compare comp);
        -:  480:
        -:  481:template <class RandomAccessIterator>
        -:  482:    void
        -:  483:    pop_heap(RandomAccessIterator first, RandomAccessIterator last);
        -:  484:
        -:  485:template <class RandomAccessIterator, class Compare>
        -:  486:    void
        -:  487:    pop_heap(RandomAccessIterator first, RandomAccessIterator last, Compare comp);
        -:  488:
        -:  489:template <class RandomAccessIterator>
        -:  490:    void
        -:  491:    make_heap(RandomAccessIterator first, RandomAccessIterator last);
        -:  492:
        -:  493:template <class RandomAccessIterator, class Compare>
        -:  494:    void
        -:  495:    make_heap(RandomAccessIterator first, RandomAccessIterator last, Compare comp);
        -:  496:
        -:  497:template <class RandomAccessIterator>
        -:  498:    void
        -:  499:    sort_heap(RandomAccessIterator first, RandomAccessIterator last);
        -:  500:
        -:  501:template <class RandomAccessIterator, class Compare>
        -:  502:    void
        -:  503:    sort_heap(RandomAccessIterator first, RandomAccessIterator last, Compare comp);
        -:  504:
        -:  505:template <class RandomAccessIterator>
        -:  506:    bool
        -:  507:    is_heap(RandomAccessIterator first, RandomAccessiterator last);
        -:  508:
        -:  509:template <class RandomAccessIterator, class Compare>
        -:  510:    bool
        -:  511:    is_heap(RandomAccessIterator first, RandomAccessiterator last, Compare comp);
        -:  512:
        -:  513:template <class RandomAccessIterator>
        -:  514:    RandomAccessIterator
        -:  515:    is_heap_until(RandomAccessIterator first, RandomAccessiterator last);
        -:  516:
        -:  517:template <class RandomAccessIterator, class Compare>
        -:  518:    RandomAccessIterator
        -:  519:    is_heap_until(RandomAccessIterator first, RandomAccessiterator last, Compare comp);
        -:  520:
        -:  521:template <class ForwardIterator>
        -:  522:    ForwardIterator
        -:  523:    min_element(ForwardIterator first, ForwardIterator last);
        -:  524:
        -:  525:template <class ForwardIterator, class Compare>
        -:  526:    ForwardIterator
        -:  527:    min_element(ForwardIterator first, ForwardIterator last, Compare comp);
        -:  528:
        -:  529:template <class T>
        -:  530:    const T&
        -:  531:    min(const T& a, const T& b);
        -:  532:
        -:  533:template <class T, class Compare>
        -:  534:    const T&
        -:  535:    min(const T& a, const T& b, Compare comp);
        -:  536:
        -:  537:template<class T>
        -:  538:    T
        -:  539:    min(initializer_list<T> t);
        -:  540:
        -:  541:template<class T, class Compare>
        -:  542:    T
        -:  543:    min(initializer_list<T> t, Compare comp);
        -:  544:
        -:  545:template <class ForwardIterator>
        -:  546:    ForwardIterator
        -:  547:    max_element(ForwardIterator first, ForwardIterator last);
        -:  548:
        -:  549:template <class ForwardIterator, class Compare>
        -:  550:    ForwardIterator
        -:  551:    max_element(ForwardIterator first, ForwardIterator last, Compare comp);
        -:  552:
        -:  553:template <class T>
        -:  554:    const T&
        -:  555:    max(const T& a, const T& b);
        -:  556:
        -:  557:template <class T, class Compare>
        -:  558:    const T&
        -:  559:    max(const T& a, const T& b, Compare comp);
        -:  560:
        -:  561:template<class T>
        -:  562:    T
        -:  563:    max(initializer_list<T> t);
        -:  564:
        -:  565:template<class T, class Compare>
        -:  566:    T
        -:  567:    max(initializer_list<T> t, Compare comp);
        -:  568:
        -:  569:template<class ForwardIterator>
        -:  570:    pair<ForwardIterator, ForwardIterator>
        -:  571:    minmax_element(ForwardIterator first, ForwardIterator last);
        -:  572:
        -:  573:template<class ForwardIterator, class Compare>
        -:  574:    pair<ForwardIterator, ForwardIterator>
        -:  575:    minmax_element(ForwardIterator first, ForwardIterator last, Compare comp);
        -:  576:
        -:  577:template<class T>
        -:  578:    pair<const T&, const T&>
        -:  579:    minmax(const T& a, const T& b);
        -:  580:
        -:  581:template<class T, class Compare>
        -:  582:    pair<const T&, const T&>
        -:  583:    minmax(const T& a, const T& b, Compare comp);
        -:  584:
        -:  585:template<class T>
        -:  586:    pair<T, T>
        -:  587:    minmax(initializer_list<T> t);
        -:  588:
        -:  589:template<class T, class Compare>
        -:  590:    pair<T, T>
        -:  591:    minmax(initializer_list<T> t, Compare comp);
        -:  592:
        -:  593:template <class InputIterator1, class InputIterator2>
        -:  594:    bool
        -:  595:    lexicographical_compare(InputIterator1 first1, InputIterator1 last1, InputIterator2 first2, InputIterator2 last2);
        -:  596:
        -:  597:template <class InputIterator1, class InputIterator2, class Compare>
        -:  598:    bool
        -:  599:    lexicographical_compare(InputIterator1 first1, InputIterator1 last1,
        -:  600:                            InputIterator2 first2, InputIterator2 last2, Compare comp);
        -:  601:
        -:  602:template <class BidirectionalIterator>
        -:  603:    bool
        -:  604:    next_permutation(BidirectionalIterator first, BidirectionalIterator last);
        -:  605:
        -:  606:template <class BidirectionalIterator, class Compare>
        -:  607:    bool
        -:  608:    next_permutation(BidirectionalIterator first, BidirectionalIterator last, Compare comp);
        -:  609:
        -:  610:template <class BidirectionalIterator>
        -:  611:    bool
        -:  612:    prev_permutation(BidirectionalIterator first, BidirectionalIterator last);
        -:  613:
        -:  614:template <class BidirectionalIterator, class Compare>
        -:  615:    bool
        -:  616:    prev_permutation(BidirectionalIterator first, BidirectionalIterator last, Compare comp);
        -:  617:
        -:  618:}  // std
        -:  619:
        -:  620:*/
        -:  621:
        -:  622:#include <__config>
        -:  623:#include <initializer_list>
        -:  624:#include <type_traits>
        -:  625:#include <cstring>
        -:  626:#include <utility>
        -:  627:#include <memory>
        -:  628:#include <iterator>
        -:  629:#include <cstddef>
        -:  630:
        -:  631:#if defined(__IBMCPP__)
        -:  632:#include "support/ibm/support.h"
        -:  633:#endif
        -:  634:#if defined(_LIBCPP_MSVCRT) || defined(__MINGW32__)
        -:  635:#include "support/win32/support.h"
        -:  636:#endif
        -:  637:
        -:  638:#include <__undef_min_max>
        -:  639:
        -:  640:#if !defined(_LIBCPP_HAS_NO_PRAGMA_SYSTEM_HEADER)
        -:  641:#pragma GCC system_header
        -:  642:#endif
        -:  643:
        -:  644:_LIBCPP_BEGIN_NAMESPACE_STD
        -:  645:
        -:  646:template <class _T1, class _T2 = _T1>
        -:  647:struct __equal_to
        -:  648:{
        -:  649:    _LIBCPP_INLINE_VISIBILITY bool operator()(const _T1& __x, const _T1& __y) const {return __x == __y;}
        -:  650:    _LIBCPP_INLINE_VISIBILITY bool operator()(const _T1& __x, const _T2& __y) const {return __x == __y;}
        -:  651:    _LIBCPP_INLINE_VISIBILITY bool operator()(const _T2& __x, const _T1& __y) const {return __x == __y;}
        -:  652:    _LIBCPP_INLINE_VISIBILITY bool operator()(const _T2& __x, const _T2& __y) const {return __x == __y;}
        -:  653:};
        -:  654:
        -:  655:template <class _T1>
        -:  656:struct __equal_to<_T1, _T1>
        -:  657:{
        -:  658:    _LIBCPP_INLINE_VISIBILITY bool operator()(const _T1& __x, const _T1& __y) const {return __x == __y;}
        -:  659:};
        -:  660:
        -:  661:template <class _T1>
        -:  662:struct __equal_to<const _T1, _T1>
        -:  663:{
        -:  664:    _LIBCPP_INLINE_VISIBILITY bool operator()(const _T1& __x, const _T1& __y) const {return __x == __y;}
        -:  665:};
        -:  666:
        -:  667:template <class _T1>
        -:  668:struct __equal_to<_T1, const _T1>
        -:  669:{
        -:  670:    _LIBCPP_INLINE_VISIBILITY bool operator()(const _T1& __x, const _T1& __y) const {return __x == __y;}
        -:  671:};
        -:  672:
        -:  673:template <class _T1, class _T2 = _T1>
        -:  674:struct __less
        -:  675:{
        -:  676:    _LIBCPP_INLINE_VISIBILITY bool operator()(const _T1& __x, const _T1& __y) const {return __x < __y;}
        -:  677:    _LIBCPP_INLINE_VISIBILITY bool operator()(const _T1& __x, const _T2& __y) const {return __x < __y;}
        -:  678:    _LIBCPP_INLINE_VISIBILITY bool operator()(const _T2& __x, const _T1& __y) const {return __x < __y;}
        -:  679:    _LIBCPP_INLINE_VISIBILITY bool operator()(const _T2& __x, const _T2& __y) const {return __x < __y;}
        -:  680:};
        -:  681:
        -:  682:template <class _T1>
        -:  683:struct __less<_T1, _T1>
        -:  684:{
function _ZNKSt3__16__lessIPcS1_EclERKS1_S4_ called 0 returned 0% blocks executed 0%
    #####:  685:    _LIBCPP_INLINE_VISIBILITY bool operator()(const _T1& __x, const _T1& __y) const {return __x < __y;}
        -:  686:};
        -:  687:
        -:  688:template <class _T1>
        -:  689:struct __less<const _T1, _T1>
        -:  690:{
        -:  691:    _LIBCPP_INLINE_VISIBILITY bool operator()(const _T1& __x, const _T1& __y) const {return __x < __y;}
        -:  692:};
        -:  693:
        -:  694:template <class _T1>
        -:  695:struct __less<_T1, const _T1>
        -:  696:{
        -:  697:    _LIBCPP_INLINE_VISIBILITY bool operator()(const _T1& __x, const _T1& __y) const {return __x < __y;}
        -:  698:};
        -:  699:
        -:  700:template <class _Predicate>
        -:  701:class __negate
        -:  702:{
        -:  703:private:
        -:  704:    _Predicate __p_;
        -:  705:public:
        -:  706:    _LIBCPP_INLINE_VISIBILITY __negate() {}
        -:  707:
        -:  708:    _LIBCPP_INLINE_VISIBILITY
        -:  709:    explicit __negate(_Predicate __p) : __p_(__p) {}
        -:  710:
        -:  711:    template <class _T1>
        -:  712:    _LIBCPP_INLINE_VISIBILITY
        -:  713:    bool operator()(const _T1& __x) {return !__p_(__x);}
        -:  714:
        -:  715:    template <class _T1, class _T2>
        -:  716:    _LIBCPP_INLINE_VISIBILITY
        -:  717:    bool operator()(const _T1& __x, const _T2& __y) {return !__p_(__x, __y);}
        -:  718:};
        -:  719:
        -:  720:#ifdef _LIBCPP_DEBUG
        -:  721:
        -:  722:template <class _Compare>
        -:  723:struct __debug_less
        -:  724:{
        -:  725:    _Compare __comp_;
        -:  726:    __debug_less(_Compare& __c) : __comp_(__c) {}
        -:  727:    template <class _Tp, class _Up>
        -:  728:    bool operator()(const _Tp& __x, const _Up& __y)
        -:  729:    {
        -:  730:        bool __r = __comp_(__x, __y);
        -:  731:        if (__r)
        -:  732:            _LIBCPP_ASSERT(!__comp_(__y, __x), "Comparator does not induce a strict weak ordering");
        -:  733:        return __r;
        -:  734:    }
        -:  735:};
        -:  736:
        -:  737:#endif  // _LIBCPP_DEBUG
        -:  738:
        -:  739:// Precondition:  __x != 0
        -:  740:inline _LIBCPP_INLINE_VISIBILITY
        -:  741:unsigned
        -:  742:__ctz(unsigned __x)
        -:  743:{
        -:  744:    return static_cast<unsigned>(__builtin_ctz(__x));
        -:  745:}
        -:  746:
        -:  747:inline _LIBCPP_INLINE_VISIBILITY
        -:  748:unsigned long
        -:  749:__ctz(unsigned long __x)
        -:  750:{
        -:  751:    return static_cast<unsigned long>(__builtin_ctzl(__x));
        -:  752:}
        -:  753:
        -:  754:inline _LIBCPP_INLINE_VISIBILITY
        -:  755:unsigned long long
        -:  756:__ctz(unsigned long long __x)
        -:  757:{
        -:  758:    return static_cast<unsigned long long>(__builtin_ctzll(__x));
        -:  759:}
        -:  760:
        -:  761:// Precondition:  __x != 0
        -:  762:inline _LIBCPP_INLINE_VISIBILITY
        -:  763:unsigned
        -:  764:__clz(unsigned __x)
        -:  765:{
        -:  766:    return static_cast<unsigned>(__builtin_clz(__x));
        -:  767:}
        -:  768:
        -:  769:inline _LIBCPP_INLINE_VISIBILITY
        -:  770:unsigned long
        -:  771:__clz(unsigned long __x)
        -:  772:{
        -:  773:    return static_cast<unsigned long>(__builtin_clzl (__x));
        -:  774:}
        -:  775:
        -:  776:inline _LIBCPP_INLINE_VISIBILITY
        -:  777:unsigned long long
        -:  778:__clz(unsigned long long __x)
        -:  779:{
        -:  780:    return static_cast<unsigned long long>(__builtin_clzll(__x));
        -:  781:}
        -:  782:
        -:  783:inline _LIBCPP_INLINE_VISIBILITY int __pop_count(unsigned           __x) {return __builtin_popcount  (__x);}
        -:  784:inline _LIBCPP_INLINE_VISIBILITY int __pop_count(unsigned      long __x) {return __builtin_popcountl (__x);}
        -:  785:inline _LIBCPP_INLINE_VISIBILITY int __pop_count(unsigned long long __x) {return __builtin_popcountll(__x);}
        -:  786:
        -:  787:// all_of
        -:  788:
        -:  789:template <class _InputIterator, class _Predicate>
        -:  790:inline _LIBCPP_INLINE_VISIBILITY
        -:  791:bool
        -:  792:all_of(_InputIterator __first, _InputIterator __last, _Predicate __pred)
        -:  793:{
        -:  794:    for (; __first != __last; ++__first)
        -:  795:        if (!__pred(*__first))
        -:  796:            return false;
        -:  797:    return true;
        -:  798:}
        -:  799:
        -:  800:// any_of
        -:  801:
        -:  802:template <class _InputIterator, class _Predicate>
        -:  803:inline _LIBCPP_INLINE_VISIBILITY
        -:  804:bool
        -:  805:any_of(_InputIterator __first, _InputIterator __last, _Predicate __pred)
        -:  806:{
        -:  807:    for (; __first != __last; ++__first)
        -:  808:        if (__pred(*__first))
        -:  809:            return true;
        -:  810:    return false;
        -:  811:}
        -:  812:
        -:  813:// none_of
        -:  814:
        -:  815:template <class _InputIterator, class _Predicate>
        -:  816:inline _LIBCPP_INLINE_VISIBILITY
        -:  817:bool
        -:  818:none_of(_InputIterator __first, _InputIterator __last, _Predicate __pred)
        -:  819:{
        -:  820:    for (; __first != __last; ++__first)
        -:  821:        if (__pred(*__first))
        -:  822:            return false;
        -:  823:    return true;
        -:  824:}
        -:  825:
        -:  826:// for_each
        -:  827:
        -:  828:template <class _InputIterator, class _Function>
        -:  829:inline _LIBCPP_INLINE_VISIBILITY
        -:  830:_Function
        -:  831:for_each(_InputIterator __first, _InputIterator __last, _Function __f)
        -:  832:{
        -:  833:    for (; __first != __last; ++__first)
        -:  834:        __f(*__first);
        -:  835:    return _VSTD::move(__f);  // explicitly moved for (emulated) C++03
        -:  836:}
        -:  837:
        -:  838:// find
        -:  839:
        -:  840:template <class _InputIterator, class _Tp>
        -:  841:inline _LIBCPP_INLINE_VISIBILITY
        -:  842:_InputIterator
        -:  843:find(_InputIterator __first, _InputIterator __last, const _Tp& __value_)
        -:  844:{
        -:  845:    for (; __first != __last; ++__first)
        -:  846:        if (*__first == __value_)
        -:  847:            break;
        -:  848:    return __first;
        -:  849:}
        -:  850:
        -:  851:// find_if
        -:  852:
        -:  853:template <class _InputIterator, class _Predicate>
        -:  854:inline _LIBCPP_INLINE_VISIBILITY
        -:  855:_InputIterator
        -:  856:find_if(_InputIterator __first, _InputIterator __last, _Predicate __pred)
        -:  857:{
        -:  858:    for (; __first != __last; ++__first)
        -:  859:        if (__pred(*__first))
        -:  860:            break;
        -:  861:    return __first;
        -:  862:}
        -:  863:
        -:  864:// find_if_not
        -:  865:
        -:  866:template<class _InputIterator, class _Predicate>
        -:  867:inline _LIBCPP_INLINE_VISIBILITY
        -:  868:_InputIterator
        -:  869:find_if_not(_InputIterator __first, _InputIterator __last, _Predicate __pred)
        -:  870:{
        -:  871:    for (; __first != __last; ++__first)
        -:  872:        if (!__pred(*__first))
        -:  873:            break;
        -:  874:    return __first;
        -:  875:}
        -:  876:
        -:  877:// find_end
        -:  878:
        -:  879:template <class _BinaryPredicate, class _ForwardIterator1, class _ForwardIterator2>
        -:  880:_ForwardIterator1
        -:  881:__find_end(_ForwardIterator1 __first1, _ForwardIterator1 __last1,
        -:  882:           _ForwardIterator2 __first2, _ForwardIterator2 __last2, _BinaryPredicate __pred,
        -:  883:           forward_iterator_tag, forward_iterator_tag)
        -:  884:{
        -:  885:    // modeled after search algorithm
        -:  886:    _ForwardIterator1 __r = __last1;  // __last1 is the "default" answer
        -:  887:    if (__first2 == __last2)
        -:  888:        return __r;
        -:  889:    while (true)
        -:  890:    {
        -:  891:        while (true)
        -:  892:        {
        -:  893:            if (__first1 == __last1)         // if source exhausted return last correct answer
        -:  894:                return __r;                  //    (or __last1 if never found)
        -:  895:            if (__pred(*__first1, *__first2))
        -:  896:                break;
        -:  897:            ++__first1;
        -:  898:        }
        -:  899:        // *__first1 matches *__first2, now match elements after here
        -:  900:        _ForwardIterator1 __m1 = __first1;
        -:  901:        _ForwardIterator2 __m2 = __first2;
        -:  902:        while (true)
        -:  903:        {
        -:  904:            if (++__m2 == __last2)
        -:  905:            {                         // Pattern exhaused, record answer and search for another one
        -:  906:                __r = __first1;
        -:  907:                ++__first1;
        -:  908:                break;
        -:  909:            }
        -:  910:            if (++__m1 == __last1)     // Source exhausted, return last answer
        -:  911:                return __r;
        -:  912:            if (!__pred(*__m1, *__m2))  // mismatch, restart with a new __first
        -:  913:            {
        -:  914:                ++__first1;
        -:  915:                break;
        -:  916:            }  // else there is a match, check next elements
        -:  917:        }
        -:  918:    }
        -:  919:}
        -:  920:
        -:  921:template <class _BinaryPredicate, class _BidirectionalIterator1, class _BidirectionalIterator2>
        -:  922:_BidirectionalIterator1
        -:  923:__find_end(_BidirectionalIterator1 __first1, _BidirectionalIterator1 __last1,
        -:  924:           _BidirectionalIterator2 __first2, _BidirectionalIterator2 __last2, _BinaryPredicate __pred,
        -:  925:           bidirectional_iterator_tag, bidirectional_iterator_tag)
        -:  926:{
        -:  927:    // modeled after search algorithm (in reverse)
        -:  928:    if (__first2 == __last2)
        -:  929:        return __last1;  // Everything matches an empty sequence
        -:  930:    _BidirectionalIterator1 __l1 = __last1;
        -:  931:    _BidirectionalIterator2 __l2 = __last2;
        -:  932:    --__l2;
        -:  933:    while (true)
        -:  934:    {
        -:  935:        // Find last element in sequence 1 that matchs *(__last2-1), with a mininum of loop checks
        -:  936:        while (true)
        -:  937:        {
        -:  938:            if (__first1 == __l1)  // return __last1 if no element matches *__first2
        -:  939:                return __last1;
        -:  940:            if (__pred(*--__l1, *__l2))
        -:  941:                break;
        -:  942:        }
        -:  943:        // *__l1 matches *__l2, now match elements before here
        -:  944:        _BidirectionalIterator1 __m1 = __l1;
        -:  945:        _BidirectionalIterator2 __m2 = __l2;
        -:  946:        while (true)
        -:  947:        {
        -:  948:            if (__m2 == __first2)  // If pattern exhausted, __m1 is the answer (works for 1 element pattern)
        -:  949:                return __m1;
        -:  950:            if (__m1 == __first1)  // Otherwise if source exhaused, pattern not found
        -:  951:                return __last1;
        -:  952:            if (!__pred(*--__m1, *--__m2))  // if there is a mismatch, restart with a new __l1
        -:  953:            {
        -:  954:                break;
        -:  955:            }  // else there is a match, check next elements
        -:  956:        }
        -:  957:    }
        -:  958:}
        -:  959:
        -:  960:template <class _BinaryPredicate, class _RandomAccessIterator1, class _RandomAccessIterator2>
        -:  961:_RandomAccessIterator1
        -:  962:__find_end(_RandomAccessIterator1 __first1, _RandomAccessIterator1 __last1,
        -:  963:           _RandomAccessIterator2 __first2, _RandomAccessIterator2 __last2, _BinaryPredicate __pred,
        -:  964:           random_access_iterator_tag, random_access_iterator_tag)
        -:  965:{
        -:  966:    // Take advantage of knowing source and pattern lengths.  Stop short when source is smaller than pattern
        -:  967:    typename iterator_traits<_RandomAccessIterator2>::difference_type __len2 = __last2 - __first2;
        -:  968:    if (__len2 == 0)
        -:  969:        return __last1;
        -:  970:    typename iterator_traits<_RandomAccessIterator1>::difference_type __len1 = __last1 - __first1;
        -:  971:    if (__len1 < __len2)
        -:  972:        return __last1;
        -:  973:    const _RandomAccessIterator1 __s = __first1 + (__len2 - 1);  // End of pattern match can't go before here
        -:  974:    _RandomAccessIterator1 __l1 = __last1;
        -:  975:    _RandomAccessIterator2 __l2 = __last2;
        -:  976:    --__l2;
        -:  977:    while (true)
        -:  978:    {
        -:  979:        while (true)
        -:  980:        {
        -:  981:            if (__s == __l1)
        -:  982:                return __last1;
        -:  983:            if (__pred(*--__l1, *__l2))
        -:  984:                break;
        -:  985:        }
        -:  986:        _RandomAccessIterator1 __m1 = __l1;
        -:  987:        _RandomAccessIterator2 __m2 = __l2;
        -:  988:        while (true)
        -:  989:        {
        -:  990:            if (__m2 == __first2)
        -:  991:                return __m1;
        -:  992:                                 // no need to check range on __m1 because __s guarantees we have enough source
        -:  993:            if (!__pred(*--__m1, *--__m2))
        -:  994:            {
        -:  995:                break;
        -:  996:            }
        -:  997:        }
        -:  998:    }
        -:  999:}
        -: 1000:
        -: 1001:template <class _ForwardIterator1, class _ForwardIterator2, class _BinaryPredicate>
        -: 1002:inline _LIBCPP_INLINE_VISIBILITY
        -: 1003:_ForwardIterator1
        -: 1004:find_end(_ForwardIterator1 __first1, _ForwardIterator1 __last1,
        -: 1005:         _ForwardIterator2 __first2, _ForwardIterator2 __last2, _BinaryPredicate __pred)
        -: 1006:{
        -: 1007:    return _VSTD::__find_end<typename add_lvalue_reference<_BinaryPredicate>::type>
        -: 1008:                         (__first1, __last1, __first2, __last2, __pred,
        -: 1009:                          typename iterator_traits<_ForwardIterator1>::iterator_category(),
        -: 1010:                          typename iterator_traits<_ForwardIterator2>::iterator_category());
        -: 1011:}
        -: 1012:
        -: 1013:template <class _ForwardIterator1, class _ForwardIterator2>
        -: 1014:inline _LIBCPP_INLINE_VISIBILITY
        -: 1015:_ForwardIterator1
        -: 1016:find_end(_ForwardIterator1 __first1, _ForwardIterator1 __last1,
        -: 1017:         _ForwardIterator2 __first2, _ForwardIterator2 __last2)
        -: 1018:{
        -: 1019:    typedef typename iterator_traits<_ForwardIterator1>::value_type __v1;
        -: 1020:    typedef typename iterator_traits<_ForwardIterator2>::value_type __v2;
        -: 1021:    return _VSTD::find_end(__first1, __last1, __first2, __last2, __equal_to<__v1, __v2>());
        -: 1022:}
        -: 1023:
        -: 1024:// find_first_of
        -: 1025:
        -: 1026:template <class _ForwardIterator1, class _ForwardIterator2, class _BinaryPredicate>
        -: 1027:_ForwardIterator1
        -: 1028:find_first_of(_ForwardIterator1 __first1, _ForwardIterator1 __last1,
        -: 1029:              _ForwardIterator2 __first2, _ForwardIterator2 __last2, _BinaryPredicate __pred)
        -: 1030:{
        -: 1031:    for (; __first1 != __last1; ++__first1)
        -: 1032:        for (_ForwardIterator2 __j = __first2; __j != __last2; ++__j)
        -: 1033:            if (__pred(*__first1, *__j))
        -: 1034:                return __first1;
        -: 1035:    return __last1;
        -: 1036:}
        -: 1037:
        -: 1038:template <class _ForwardIterator1, class _ForwardIterator2>
        -: 1039:inline _LIBCPP_INLINE_VISIBILITY
        -: 1040:_ForwardIterator1
        -: 1041:find_first_of(_ForwardIterator1 __first1, _ForwardIterator1 __last1,
        -: 1042:              _ForwardIterator2 __first2, _ForwardIterator2 __last2)
        -: 1043:{
        -: 1044:    typedef typename iterator_traits<_ForwardIterator1>::value_type __v1;
        -: 1045:    typedef typename iterator_traits<_ForwardIterator2>::value_type __v2;
        -: 1046:    return _VSTD::find_first_of(__first1, __last1, __first2, __last2, __equal_to<__v1, __v2>());
        -: 1047:}
        -: 1048:
        -: 1049:// adjacent_find
        -: 1050:
        -: 1051:template <class _ForwardIterator, class _BinaryPredicate>
        -: 1052:inline _LIBCPP_INLINE_VISIBILITY
        -: 1053:_ForwardIterator
        -: 1054:adjacent_find(_ForwardIterator __first, _ForwardIterator __last, _BinaryPredicate __pred)
        -: 1055:{
        -: 1056:    if (__first != __last)
        -: 1057:    {
        -: 1058:        _ForwardIterator __i = __first;
        -: 1059:        while (++__i != __last)
        -: 1060:        {
        -: 1061:            if (__pred(*__first, *__i))
        -: 1062:                return __first;
        -: 1063:            __first = __i;
        -: 1064:        }
        -: 1065:    }
        -: 1066:    return __last;
        -: 1067:}
        -: 1068:
        -: 1069:template <class _ForwardIterator>
        -: 1070:inline _LIBCPP_INLINE_VISIBILITY
        -: 1071:_ForwardIterator
        -: 1072:adjacent_find(_ForwardIterator __first, _ForwardIterator __last)
        -: 1073:{
        -: 1074:    typedef typename iterator_traits<_ForwardIterator>::value_type __v;
        -: 1075:    return _VSTD::adjacent_find(__first, __last, __equal_to<__v>());
        -: 1076:}
        -: 1077:
        -: 1078:// count
        -: 1079:
        -: 1080:template <class _InputIterator, class _Tp>
        -: 1081:inline _LIBCPP_INLINE_VISIBILITY
        -: 1082:typename iterator_traits<_InputIterator>::difference_type
        -: 1083:count(_InputIterator __first, _InputIterator __last, const _Tp& __value_)
        -: 1084:{
        -: 1085:    typename iterator_traits<_InputIterator>::difference_type __r(0);
        -: 1086:    for (; __first != __last; ++__first)
        -: 1087:        if (*__first == __value_)
        -: 1088:            ++__r;
        -: 1089:    return __r;
        -: 1090:}
        -: 1091:
        -: 1092:// count_if
        -: 1093:
        -: 1094:template <class _InputIterator, class _Predicate>
        -: 1095:inline _LIBCPP_INLINE_VISIBILITY
        -: 1096:typename iterator_traits<_InputIterator>::difference_type
        -: 1097:count_if(_InputIterator __first, _InputIterator __last, _Predicate __pred)
        -: 1098:{
        -: 1099:    typename iterator_traits<_InputIterator>::difference_type __r(0);
        -: 1100:    for (; __first != __last; ++__first)
        -: 1101:        if (__pred(*__first))
        -: 1102:            ++__r;
        -: 1103:    return __r;
        -: 1104:}
        -: 1105:
        -: 1106:// mismatch
        -: 1107:
        -: 1108:template <class _InputIterator1, class _InputIterator2, class _BinaryPredicate>
        -: 1109:inline _LIBCPP_INLINE_VISIBILITY
        -: 1110:pair<_InputIterator1, _InputIterator2>
        -: 1111:mismatch(_InputIterator1 __first1, _InputIterator1 __last1,
        -: 1112:         _InputIterator2 __first2, _BinaryPredicate __pred)
        -: 1113:{
        -: 1114:    for (; __first1 != __last1; ++__first1, ++__first2)
        -: 1115:        if (!__pred(*__first1, *__first2))
        -: 1116:            break;
        -: 1117:    return pair<_InputIterator1, _InputIterator2>(__first1, __first2);
        -: 1118:}
        -: 1119:
        -: 1120:template <class _InputIterator1, class _InputIterator2>
        -: 1121:inline _LIBCPP_INLINE_VISIBILITY
        -: 1122:pair<_InputIterator1, _InputIterator2>
        -: 1123:mismatch(_InputIterator1 __first1, _InputIterator1 __last1, _InputIterator2 __first2)
        -: 1124:{
        -: 1125:    typedef typename iterator_traits<_InputIterator1>::value_type __v1;
        -: 1126:    typedef typename iterator_traits<_InputIterator2>::value_type __v2;
        -: 1127:    return _VSTD::mismatch(__first1, __last1, __first2, __equal_to<__v1, __v2>());
        -: 1128:}
        -: 1129:
        -: 1130:#if _LIBCPP_STD_VER > 11
        -: 1131:template <class _InputIterator1, class _InputIterator2, class _BinaryPredicate>
        -: 1132:inline _LIBCPP_INLINE_VISIBILITY
        -: 1133:pair<_InputIterator1, _InputIterator2>
        -: 1134:mismatch(_InputIterator1 __first1, _InputIterator1 __last1,
        -: 1135:         _InputIterator2 __first2, _InputIterator2 __last2,
        -: 1136:         _BinaryPredicate __pred)
        -: 1137:{
        -: 1138:    for (; __first1 != __last1 && __first2 != __last2; ++__first1, ++__first2)
        -: 1139:        if (!__pred(*__first1, *__first2))
        -: 1140:            break;
        -: 1141:    return pair<_InputIterator1, _InputIterator2>(__first1, __first2);
        -: 1142:}
        -: 1143:
        -: 1144:template <class _InputIterator1, class _InputIterator2>
        -: 1145:inline _LIBCPP_INLINE_VISIBILITY
        -: 1146:pair<_InputIterator1, _InputIterator2>
        -: 1147:mismatch(_InputIterator1 __first1, _InputIterator1 __last1,
        -: 1148:         _InputIterator2 __first2, _InputIterator2 __last2)
        -: 1149:{
        -: 1150:    typedef typename iterator_traits<_InputIterator1>::value_type __v1;
        -: 1151:    typedef typename iterator_traits<_InputIterator2>::value_type __v2;
        -: 1152:    return _VSTD::mismatch(__first1, __last1, __first2, __last2, __equal_to<__v1, __v2>());
        -: 1153:}
        -: 1154:#endif
        -: 1155:
        -: 1156:// equal
        -: 1157:
        -: 1158:template <class _InputIterator1, class _InputIterator2, class _BinaryPredicate>
        -: 1159:inline _LIBCPP_INLINE_VISIBILITY
        -: 1160:bool
        -: 1161:equal(_InputIterator1 __first1, _InputIterator1 __last1, _InputIterator2 __first2, _BinaryPredicate __pred)
        -: 1162:{
        -: 1163:    for (; __first1 != __last1; ++__first1, ++__first2)
        -: 1164:        if (!__pred(*__first1, *__first2))
        -: 1165:            return false;
        -: 1166:    return true;
        -: 1167:}
        -: 1168:
        -: 1169:template <class _InputIterator1, class _InputIterator2>
        -: 1170:inline _LIBCPP_INLINE_VISIBILITY
        -: 1171:bool
        -: 1172:equal(_InputIterator1 __first1, _InputIterator1 __last1, _InputIterator2 __first2)
        -: 1173:{
        -: 1174:    typedef typename iterator_traits<_InputIterator1>::value_type __v1;
        -: 1175:    typedef typename iterator_traits<_InputIterator2>::value_type __v2;
        -: 1176:    return _VSTD::equal(__first1, __last1, __first2, __equal_to<__v1, __v2>());
        -: 1177:}
        -: 1178:
        -: 1179:#if _LIBCPP_STD_VER > 11
        -: 1180:template <class _BinaryPredicate, class _InputIterator1, class _InputIterator2>
        -: 1181:inline _LIBCPP_INLINE_VISIBILITY
        -: 1182:bool
        -: 1183:__equal(_InputIterator1 __first1, _InputIterator1 __last1, 
        -: 1184:        _InputIterator2 __first2, _InputIterator2 __last2, _BinaryPredicate __pred,
        -: 1185:        input_iterator_tag, input_iterator_tag )
        -: 1186:{
        -: 1187:    for (; __first1 != __last1 && __first2 != __last2; ++__first1, ++__first2)
        -: 1188:        if (!__pred(*__first1, *__first2))
        -: 1189:            return false;
        -: 1190:    return __first1 == __last1 && __first2 == __last2;
        -: 1191:}
        -: 1192:
        -: 1193:template <class _BinaryPredicate, class _RandomAccessIterator1, class _RandomAccessIterator2>
        -: 1194:inline _LIBCPP_INLINE_VISIBILITY
        -: 1195:bool
        -: 1196:__equal(_RandomAccessIterator1 __first1, _RandomAccessIterator1 __last1, 
        -: 1197:        _RandomAccessIterator2 __first2, _RandomAccessIterator2 __last2, _BinaryPredicate __pred, 
        -: 1198:      random_access_iterator_tag, random_access_iterator_tag )
        -: 1199:{
        -: 1200:    if ( _VSTD::distance(__first1, __last1) != _VSTD::distance(__first2, __last2))
        -: 1201:        return false;
        -: 1202:    return _VSTD::equal<_RandomAccessIterator1, _RandomAccessIterator2,
        -: 1203:                        typename add_lvalue_reference<_BinaryPredicate>::type>
        -: 1204:                       (__first1, __last1, __first2, __pred );
        -: 1205:}
        -: 1206:
        -: 1207:template <class _InputIterator1, class _InputIterator2, class _BinaryPredicate>
        -: 1208:inline _LIBCPP_INLINE_VISIBILITY
        -: 1209:bool
        -: 1210:equal(_InputIterator1 __first1, _InputIterator1 __last1, 
        -: 1211:      _InputIterator2 __first2, _InputIterator2 __last2, _BinaryPredicate __pred )
        -: 1212:{
        -: 1213:    return _VSTD::__equal<typename add_lvalue_reference<_BinaryPredicate>::type>
        -: 1214:       (__first1, __last1, __first2, __last2, __pred, 
        -: 1215:        typename iterator_traits<_InputIterator1>::iterator_category(),
        -: 1216:        typename iterator_traits<_InputIterator2>::iterator_category());
        -: 1217:}
        -: 1218:
        -: 1219:template <class _InputIterator1, class _InputIterator2>
        -: 1220:inline _LIBCPP_INLINE_VISIBILITY
        -: 1221:bool
        -: 1222:equal(_InputIterator1 __first1, _InputIterator1 __last1, 
        -: 1223:      _InputIterator2 __first2, _InputIterator2 __last2)
        -: 1224:{
        -: 1225:    typedef typename iterator_traits<_InputIterator1>::value_type __v1;
        -: 1226:    typedef typename iterator_traits<_InputIterator2>::value_type __v2;
        -: 1227:    return _VSTD::__equal(__first1, __last1, __first2, __last2, __equal_to<__v1, __v2>(),
        -: 1228:        typename iterator_traits<_InputIterator1>::iterator_category(),
        -: 1229:        typename iterator_traits<_InputIterator2>::iterator_category());
        -: 1230:}
        -: 1231:#endif
        -: 1232:
        -: 1233:// is_permutation
        -: 1234:
        -: 1235:template<class _ForwardIterator1, class _ForwardIterator2, class _BinaryPredicate>
        -: 1236:bool
        -: 1237:is_permutation(_ForwardIterator1 __first1, _ForwardIterator1 __last1,
        -: 1238:               _ForwardIterator2 __first2, _BinaryPredicate __pred)
        -: 1239:{
        -: 1240:    // shorten sequences as much as possible by lopping of any equal parts
        -: 1241:    for (; __first1 != __last1; ++__first1, ++__first2)
        -: 1242:        if (!__pred(*__first1, *__first2))
        -: 1243:            goto __not_done;
        -: 1244:    return true;
        -: 1245:__not_done:
        -: 1246:    // __first1 != __last1 && *__first1 != *__first2
        -: 1247:    typedef typename iterator_traits<_ForwardIterator1>::difference_type _D1;
        -: 1248:    _D1 __l1 = _VSTD::distance(__first1, __last1);
        -: 1249:    if (__l1 == _D1(1))
        -: 1250:        return false;
        -: 1251:    _ForwardIterator2 __last2 = _VSTD::next(__first2, __l1);
        -: 1252:    // For each element in [f1, l1) see if there are the same number of
        -: 1253:    //    equal elements in [f2, l2)
        -: 1254:    for (_ForwardIterator1 __i = __first1; __i != __last1; ++__i)
        -: 1255:    {
        -: 1256:        // Have we already counted the number of *__i in [f1, l1)?
        -: 1257:        for (_ForwardIterator1 __j = __first1; __j != __i; ++__j)
        -: 1258:            if (__pred(*__j, *__i))
        -: 1259:                goto __next_iter;
        -: 1260:        {
        -: 1261:            // Count number of *__i in [f2, l2)
        -: 1262:            _D1 __c2 = 0;
        -: 1263:            for (_ForwardIterator2 __j = __first2; __j != __last2; ++__j)
        -: 1264:                if (__pred(*__i, *__j))
        -: 1265:                    ++__c2;
        -: 1266:            if (__c2 == 0)
        -: 1267:                return false;
        -: 1268:            // Count number of *__i in [__i, l1) (we can start with 1)
        -: 1269:            _D1 __c1 = 1;
        -: 1270:            for (_ForwardIterator1 __j = _VSTD::next(__i); __j != __last1; ++__j)
        -: 1271:                if (__pred(*__i, *__j))
        -: 1272:                    ++__c1;
        -: 1273:            if (__c1 != __c2)
        -: 1274:                return false;
        -: 1275:        }
        -: 1276:__next_iter:;
        -: 1277:    }
        -: 1278:    return true;
        -: 1279:}
        -: 1280:
        -: 1281:template<class _ForwardIterator1, class _ForwardIterator2>
        -: 1282:inline _LIBCPP_INLINE_VISIBILITY
        -: 1283:bool
        -: 1284:is_permutation(_ForwardIterator1 __first1, _ForwardIterator1 __last1,
        -: 1285:               _ForwardIterator2 __first2)
        -: 1286:{
        -: 1287:    typedef typename iterator_traits<_ForwardIterator1>::value_type __v1;
        -: 1288:    typedef typename iterator_traits<_ForwardIterator2>::value_type __v2;
        -: 1289:    return _VSTD::is_permutation(__first1, __last1, __first2, __equal_to<__v1, __v2>());
        -: 1290:}
        -: 1291:
        -: 1292:#if _LIBCPP_STD_VER > 11
        -: 1293:template<class _BinaryPredicate, class _ForwardIterator1, class _ForwardIterator2>
        -: 1294:bool
        -: 1295:__is_permutation(_ForwardIterator1 __first1, _ForwardIterator1 __last1,
        -: 1296:                 _ForwardIterator2 __first2, _ForwardIterator2 __last2, 
        -: 1297:                 _BinaryPredicate __pred,
        -: 1298:                 forward_iterator_tag, forward_iterator_tag )
        -: 1299:{
        -: 1300:    // shorten sequences as much as possible by lopping of any equal parts
        -: 1301:    for (; __first1 != __last1 && __first2 != __last2; ++__first1, ++__first2)
        -: 1302:        if (!__pred(*__first1, *__first2))
        -: 1303:            goto __not_done;
        -: 1304:    return __first1 == __last1 && __first2 == __last2;
        -: 1305:__not_done:
        -: 1306:    // __first1 != __last1 && __first2 != __last2 && *__first1 != *__first2
        -: 1307:    typedef typename iterator_traits<_ForwardIterator1>::difference_type _D1;
        -: 1308:    _D1 __l1 = _VSTD::distance(__first1, __last1);
        -: 1309:
        -: 1310:    typedef typename iterator_traits<_ForwardIterator2>::difference_type _D2;
        -: 1311:    _D2 __l2 = _VSTD::distance(__first2, __last2);
        -: 1312:    if (__l1 != __l2)
        -: 1313:        return false;
        -: 1314:
        -: 1315:    // For each element in [f1, l1) see if there are the same number of
        -: 1316:    //    equal elements in [f2, l2)
        -: 1317:    for (_ForwardIterator1 __i = __first1; __i != __last1; ++__i)
        -: 1318:    {
        -: 1319:        // Have we already counted the number of *__i in [f1, l1)?
        -: 1320:        for (_ForwardIterator1 __j = __first1; __j != __i; ++__j)
        -: 1321:            if (__pred(*__j, *__i))
        -: 1322:                goto __next_iter;
        -: 1323:        {
        -: 1324:            // Count number of *__i in [f2, l2)
        -: 1325:            _D1 __c2 = 0;
        -: 1326:            for (_ForwardIterator2 __j = __first2; __j != __last2; ++__j)
        -: 1327:                if (__pred(*__i, *__j))
        -: 1328:                    ++__c2;
        -: 1329:            if (__c2 == 0)
        -: 1330:                return false;
        -: 1331:            // Count number of *__i in [__i, l1) (we can start with 1)
        -: 1332:            _D1 __c1 = 1;
        -: 1333:            for (_ForwardIterator1 __j = _VSTD::next(__i); __j != __last1; ++__j)
        -: 1334:                if (__pred(*__i, *__j))
        -: 1335:                    ++__c1;
        -: 1336:            if (__c1 != __c2)
        -: 1337:                return false;
        -: 1338:        }
        -: 1339:__next_iter:;
        -: 1340:    }
        -: 1341:    return true;
        -: 1342:}
        -: 1343:
        -: 1344:template<class _BinaryPredicate, class _RandomAccessIterator1, class _RandomAccessIterator2>
        -: 1345:bool
        -: 1346:__is_permutation(_RandomAccessIterator1 __first1, _RandomAccessIterator2 __last1,
        -: 1347:               _RandomAccessIterator1 __first2, _RandomAccessIterator2 __last2, 
        -: 1348:               _BinaryPredicate __pred,
        -: 1349:               random_access_iterator_tag, random_access_iterator_tag )
        -: 1350:{
        -: 1351:    if ( _VSTD::distance(__first1, __last1) != _VSTD::distance(__first2, __last2))
        -: 1352:        return false;
        -: 1353:    return _VSTD::is_permutation<_RandomAccessIterator1, _RandomAccessIterator2,
        -: 1354:                                 typename add_lvalue_reference<_BinaryPredicate>::type>
        -: 1355:                                (__first1, __last1, __first2, __pred );
        -: 1356:}
        -: 1357:
        -: 1358:template<class _ForwardIterator1, class _ForwardIterator2, class _BinaryPredicate>
        -: 1359:inline _LIBCPP_INLINE_VISIBILITY
        -: 1360:bool
        -: 1361:is_permutation(_ForwardIterator1 __first1, _ForwardIterator1 __last1,
        -: 1362:               _ForwardIterator2 __first2, _ForwardIterator2 __last2,
        -: 1363:               _BinaryPredicate __pred )
        -: 1364:{
        -: 1365:    return _VSTD::__is_permutation<typename add_lvalue_reference<_BinaryPredicate>::type>
        -: 1366:       (__first1, __last1, __first2, __last2, __pred,
        -: 1367:        typename iterator_traits<_ForwardIterator1>::iterator_category(),
        -: 1368:        typename iterator_traits<_ForwardIterator2>::iterator_category());
        -: 1369:}
        -: 1370:
        -: 1371:template<class _ForwardIterator1, class _ForwardIterator2>
        -: 1372:inline _LIBCPP_INLINE_VISIBILITY
        -: 1373:bool
        -: 1374:is_permutation(_ForwardIterator1 __first1, _ForwardIterator1 __last1,
        -: 1375:               _ForwardIterator2 __first2, _ForwardIterator2 __last2)
        -: 1376:{
        -: 1377:    typedef typename iterator_traits<_ForwardIterator1>::value_type __v1;
        -: 1378:    typedef typename iterator_traits<_ForwardIterator2>::value_type __v2;
        -: 1379:    return _VSTD::__is_permutation(__first1, __last1, __first2, __last2,
        -: 1380:        __equal_to<__v1, __v2>(),
        -: 1381:        typename iterator_traits<_ForwardIterator1>::iterator_category(),
        -: 1382:        typename iterator_traits<_ForwardIterator2>::iterator_category());
        -: 1383:}
        -: 1384:#endif
        -: 1385:
        -: 1386:// search
        -: 1387:
        -: 1388:template <class _BinaryPredicate, class _ForwardIterator1, class _ForwardIterator2>
        -: 1389:_ForwardIterator1
        -: 1390:__search(_ForwardIterator1 __first1, _ForwardIterator1 __last1,
        -: 1391:         _ForwardIterator2 __first2, _ForwardIterator2 __last2, _BinaryPredicate __pred,
        -: 1392:         forward_iterator_tag, forward_iterator_tag)
        -: 1393:{
        -: 1394:    if (__first2 == __last2)
        -: 1395:        return __first1;  // Everything matches an empty sequence
        -: 1396:    while (true)
        -: 1397:    {
        -: 1398:        // Find first element in sequence 1 that matchs *__first2, with a mininum of loop checks
        -: 1399:        while (true)
        -: 1400:        {
        -: 1401:            if (__first1 == __last1)  // return __last1 if no element matches *__first2
        -: 1402:                return __last1;
        -: 1403:            if (__pred(*__first1, *__first2))
        -: 1404:                break;
        -: 1405:            ++__first1;
        -: 1406:        }
        -: 1407:        // *__first1 matches *__first2, now match elements after here
        -: 1408:        _ForwardIterator1 __m1 = __first1;
        -: 1409:        _ForwardIterator2 __m2 = __first2;
        -: 1410:        while (true)
        -: 1411:        {
        -: 1412:            if (++__m2 == __last2)  // If pattern exhausted, __first1 is the answer (works for 1 element pattern)
        -: 1413:                return __first1;
        -: 1414:            if (++__m1 == __last1)  // Otherwise if source exhaused, pattern not found
        -: 1415:                return __last1;
        -: 1416:            if (!__pred(*__m1, *__m2))  // if there is a mismatch, restart with a new __first1
        -: 1417:            {
        -: 1418:                ++__first1;
        -: 1419:                break;
        -: 1420:            }  // else there is a match, check next elements
        -: 1421:        }
        -: 1422:    }
        -: 1423:}
        -: 1424:
        -: 1425:template <class _BinaryPredicate, class _RandomAccessIterator1, class _RandomAccessIterator2>
        -: 1426:_RandomAccessIterator1
        -: 1427:__search(_RandomAccessIterator1 __first1, _RandomAccessIterator1 __last1,
        -: 1428:           _RandomAccessIterator2 __first2, _RandomAccessIterator2 __last2, _BinaryPredicate __pred,
        -: 1429:           random_access_iterator_tag, random_access_iterator_tag)
        -: 1430:{
        -: 1431:    typedef typename std::iterator_traits<_RandomAccessIterator1>::difference_type _D1;
        -: 1432:    typedef typename std::iterator_traits<_RandomAccessIterator2>::difference_type _D2;
        -: 1433:    // Take advantage of knowing source and pattern lengths.  Stop short when source is smaller than pattern
        -: 1434:    _D2 __len2 = __last2 - __first2;
        -: 1435:    if (__len2 == 0)
        -: 1436:        return __first1;
        -: 1437:    _D1 __len1 = __last1 - __first1;
        -: 1438:    if (__len1 < __len2)
        -: 1439:        return __last1;
        -: 1440:    const _RandomAccessIterator1 __s = __last1 - (__len2 - 1);  // Start of pattern match can't go beyond here
        -: 1441:    while (true)
        -: 1442:    {
        -: 1443:#if !_LIBCPP_UNROLL_LOOPS
        -: 1444:        while (true)
        -: 1445:        {
        -: 1446:            if (__first1 == __s)
        -: 1447:                return __last1;
        -: 1448:            if (__pred(*__first1, *__first2))
        -: 1449:                break;
        -: 1450:            ++__first1;
        -: 1451:        }
        -: 1452:#else  // !_LIBCPP_UNROLL_LOOPS
        -: 1453:        for (_D1 __loop_unroll = (__s - __first1) / 4; __loop_unroll > 0; --__loop_unroll)
        -: 1454:        {
        -: 1455:            if (__pred(*__first1, *__first2))
        -: 1456:                goto __phase2;
        -: 1457:            if (__pred(*++__first1, *__first2))
        -: 1458:                goto __phase2;
        -: 1459:            if (__pred(*++__first1, *__first2))
        -: 1460:                goto __phase2;
        -: 1461:            if (__pred(*++__first1, *__first2))
        -: 1462:                goto __phase2;
        -: 1463:            ++__first1;
        -: 1464:        }
        -: 1465:        switch (__s - __first1)
        -: 1466:        {
        -: 1467:        case 3:
        -: 1468:            if (__pred(*__first1, *__first2))
        -: 1469:                break;
        -: 1470:            ++__first1;
        -: 1471:        case 2:
        -: 1472:            if (__pred(*__first1, *__first2))
        -: 1473:                break;
        -: 1474:            ++__first1;
        -: 1475:        case 1:
        -: 1476:            if (__pred(*__first1, *__first2))
        -: 1477:                break;
        -: 1478:        case 0:
        -: 1479:            return __last1;
        -: 1480:        }
        -: 1481:    __phase2:
        -: 1482:#endif  // !_LIBCPP_UNROLL_LOOPS
        -: 1483:        _RandomAccessIterator1 __m1 = __first1;
        -: 1484:        _RandomAccessIterator2 __m2 = __first2;
        -: 1485:#if !_LIBCPP_UNROLL_LOOPS
        -: 1486:         while (true)
        -: 1487:         {
        -: 1488:             if (++__m2 == __last2)
        -: 1489:                 return __first1;
        -: 1490:             ++__m1;          // no need to check range on __m1 because __s guarantees we have enough source
        -: 1491:             if (!__pred(*__m1, *__m2))
        -: 1492:             {
        -: 1493:                 ++__first1;
        -: 1494:                 break;
        -: 1495:             }
        -: 1496:         }
        -: 1497:#else  // !_LIBCPP_UNROLL_LOOPS
        -: 1498:        ++__m2;
        -: 1499:        ++__m1;
        -: 1500:        for (_D2 __loop_unroll = (__last2 - __m2) / 4; __loop_unroll > 0; --__loop_unroll)
        -: 1501:        {
        -: 1502:            if (!__pred(*__m1, *__m2))
        -: 1503:                goto __continue;
        -: 1504:            if (!__pred(*++__m1, *++__m2))
        -: 1505:                goto __continue;
        -: 1506:            if (!__pred(*++__m1, *++__m2))
        -: 1507:                goto __continue;
        -: 1508:            if (!__pred(*++__m1, *++__m2))
        -: 1509:                goto __continue;
        -: 1510:            ++__m1;
        -: 1511:            ++__m2;
        -: 1512:        }
        -: 1513:        switch (__last2 - __m2)
        -: 1514:        {
        -: 1515:        case 3:
        -: 1516:            if (!__pred(*__m1, *__m2))
        -: 1517:                break;
        -: 1518:            ++__m1;
        -: 1519:            ++__m2;
        -: 1520:        case 2:
        -: 1521:            if (!__pred(*__m1, *__m2))
        -: 1522:                break;
        -: 1523:            ++__m1;
        -: 1524:            ++__m2;
        -: 1525:        case 1:
        -: 1526:            if (!__pred(*__m1, *__m2))
        -: 1527:                break;
        -: 1528:        case 0:
        -: 1529:            return __first1;
        -: 1530:        }
        -: 1531:    __continue:
[...]
        -: 5300:                ++__first2;
        -: 5301:            ++__first1;
        -: 5302:        }
        -: 5303:    }
        -: 5304:    return _VSTD::copy(__first2, __last2, __result);
        -: 5305:}
        -: 5306:
        -: 5307:template <class _InputIterator1, class _InputIterator2, class _OutputIterator, class _Compare>
        -: 5308:inline _LIBCPP_INLINE_VISIBILITY
        -: 5309:_OutputIterator
        -: 5310:set_union(_InputIterator1 __first1, _InputIterator1 __last1,
        -: 5311:          _InputIterator2 __first2, _InputIterator2 __last2, _OutputIterator __result, _Compare __comp)
        -: 5312:{
        -: 5313:#ifdef _LIBCPP_DEBUG
        -: 5314:    typedef typename add_lvalue_reference<__debug_less<_Compare> >::type _Comp_ref;
        -: 5315:    __debug_less<_Compare> __c(__comp);
        -: 5316:    return __set_union<_Comp_ref>(__first1, __last1, __first2, __last2, __result, __c);
        -: 5317:#else  // _LIBCPP_DEBUG
        -: 5318:    typedef typename add_lvalue_reference<_Compare>::type _Comp_ref;
        -: 5319:    return __set_union<_Comp_ref>(__first1, __last1, __first2, __last2, __result, __comp);
        -: 5320:#endif  // _LIBCPP_DEBUG
        -: 5321:}
        -: 5322:
        -: 5323:template <class _InputIterator1, class _InputIterator2, class _OutputIterator>
        -: 5324:inline _LIBCPP_INLINE_VISIBILITY
        -: 5325:_OutputIterator
        -: 5326:set_union(_InputIterator1 __first1, _InputIterator1 __last1,
        -: 5327:          _InputIterator2 __first2, _InputIterator2 __last2, _OutputIterator __result)
        -: 5328:{
        -: 5329:    return _VSTD::set_union(__first1, __last1, __first2, __last2, __result,
        -: 5330:                          __less<typename iterator_traits<_InputIterator1>::value_type,
        -: 5331:                                 typename iterator_traits<_InputIterator2>::value_type>());
        -: 5332:}
        -: 5333:
        -: 5334:// set_intersection
        -: 5335:
        -: 5336:template <class _Compare, class _InputIterator1, class _InputIterator2, class _OutputIterator>
        -: 5337:_OutputIterator
        -: 5338:__set_intersection(_InputIterator1 __first1, _InputIterator1 __last1,
        -: 5339:                   _InputIterator2 __first2, _InputIterator2 __last2, _OutputIterator __result, _Compare __comp)
        -: 5340:{
        -: 5341:    while (__first1 != __last1 && __first2 != __last2)
        -: 5342:    {
        -: 5343:        if (__comp(*__first1, *__first2))
        -: 5344:            ++__first1;
        -: 5345:        else
        -: 5346:        {
        -: 5347:            if (!__comp(*__first2, *__first1))
        -: 5348:            {
        -: 5349:                *__result = *__first1;
        -: 5350:                ++__result;
        -: 5351:                ++__first1;
        -: 5352:            }
        -: 5353:            ++__first2;
        -: 5354:        }
        -: 5355:    }
        -: 5356:    return __result;
        -: 5357:}
        -: 5358:
        -: 5359:template <class _InputIterator1, class _InputIterator2, class _OutputIterator, class _Compare>
        -: 5360:inline _LIBCPP_INLINE_VISIBILITY
        -: 5361:_OutputIterator
        -: 5362:set_intersection(_InputIterator1 __first1, _InputIterator1 __last1,
        -: 5363:                 _InputIterator2 __first2, _InputIterator2 __last2, _OutputIterator __result, _Compare __comp)
        -: 5364:{
        -: 5365:#ifdef _LIBCPP_DEBUG
        -: 5366:    typedef typename add_lvalue_reference<__debug_less<_Compare> >::type _Comp_ref;
        -: 5367:    __debug_less<_Compare> __c(__comp);
        -: 5368:    return __set_intersection<_Comp_ref>(__first1, __last1, __first2, __last2, __result, __c);
        -: 5369:#else  // _LIBCPP_DEBUG
        -: 5370:    typedef typename add_lvalue_reference<_Compare>::type _Comp_ref;
        -: 5371:    return __set_intersection<_Comp_ref>(__first1, __last1, __first2, __last2, __result, __comp);
        -: 5372:#endif  // _LIBCPP_DEBUG
        -: 5373:}
        -: 5374:
        -: 5375:template <class _InputIterator1, class _InputIterator2, class _OutputIterator>
        -: 5376:inline _LIBCPP_INLINE_VISIBILITY
        -: 5377:_OutputIterator
        -: 5378:set_intersection(_InputIterator1 __first1, _InputIterator1 __last1,
        -: 5379:                 _InputIterator2 __first2, _InputIterator2 __last2, _OutputIterator __result)
        -: 5380:{
        -: 5381:    return _VSTD::set_intersection(__first1, __last1, __first2, __last2, __result,
        -: 5382:                                  __less<typename iterator_traits<_InputIterator1>::value_type,
        -: 5383:                                         typename iterator_traits<_InputIterator2>::value_type>());
        -: 5384:}
        -: 5385:
        -: 5386:// set_difference
        -: 5387:
        -: 5388:template <class _Compare, class _InputIterator1, class _InputIterator2, class _OutputIterator>
        -: 5389:_OutputIterator
        -: 5390:__set_difference(_InputIterator1 __first1, _InputIterator1 __last1,
        -: 5391:                 _InputIterator2 __first2, _InputIterator2 __last2, _OutputIterator __result, _Compare __comp)
        -: 5392:{
        -: 5393:    while (__first1 != __last1)
        -: 5394:    {
        -: 5395:        if (__first2 == __last2)
        -: 5396:            return _VSTD::copy(__first1, __last1, __result);
        -: 5397:        if (__comp(*__first1, *__first2))
        -: 5398:        {
        -: 5399:            *__result = *__first1;
        -: 5400:            ++__result;
        -: 5401:            ++__first1;
        -: 5402:        }
        -: 5403:        else
        -: 5404:        {
        -: 5405:            if (!__comp(*__first2, *__first1))
        -: 5406:                ++__first1;
        -: 5407:            ++__first2;
        -: 5408:        }
        -: 5409:    }
        -: 5410:    return __result;
        -: 5411:}
        -: 5412:
        -: 5413:template <class _InputIterator1, class _InputIterator2, class _OutputIterator, class _Compare>
        -: 5414:inline _LIBCPP_INLINE_VISIBILITY
        -: 5415:_OutputIterator
        -: 5416:set_difference(_InputIterator1 __first1, _InputIterator1 __last1,
        -: 5417:               _InputIterator2 __first2, _InputIterator2 __last2, _OutputIterator __result, _Compare __comp)
        -: 5418:{
        -: 5419:#ifdef _LIBCPP_DEBUG
        -: 5420:    typedef typename add_lvalue_reference<__debug_less<_Compare> >::type _Comp_ref;
        -: 5421:    __debug_less<_Compare> __c(__comp);
        -: 5422:    return __set_difference<_Comp_ref>(__first1, __last1, __first2, __last2, __result, __c);
        -: 5423:#else  // _LIBCPP_DEBUG
        -: 5424:    typedef typename add_lvalue_reference<_Compare>::type _Comp_ref;
        -: 5425:    return __set_difference<_Comp_ref>(__first1, __last1, __first2, __last2, __result, __comp);
        -: 5426:#endif  // _LIBCPP_DEBUG
        -: 5427:}
        -: 5428:
        -: 5429:template <class _InputIterator1, class _InputIterator2, class _OutputIterator>
        -: 5430:inline _LIBCPP_INLINE_VISIBILITY
        -: 5431:_OutputIterator
        -: 5432:set_difference(_InputIterator1 __first1, _InputIterator1 __last1,
        -: 5433:               _InputIterator2 __first2, _InputIterator2 __last2, _OutputIterator __result)
        -: 5434:{
        -: 5435:    return _VSTD::set_difference(__first1, __last1, __first2, __last2, __result,
        -: 5436:                                __less<typename iterator_traits<_InputIterator1>::value_type,
        -: 5437:                                       typename iterator_traits<_InputIterator2>::value_type>());
        -: 5438:}
        -: 5439:
        -: 5440:// set_symmetric_difference
        -: 5441:
        -: 5442:template <class _Compare, class _InputIterator1, class _InputIterator2, class _OutputIterator>
        -: 5443:_OutputIterator
        -: 5444:__set_symmetric_difference(_InputIterator1 __first1, _InputIterator1 __last1,
        -: 5445:                           _InputIterator2 __first2, _InputIterator2 __last2, _OutputIterator __result, _Compare __comp)
        -: 5446:{
        -: 5447:    while (__first1 != __last1)
        -: 5448:    {
        -: 5449:        if (__first2 == __last2)
        -: 5450:            return _VSTD::copy(__first1, __last1, __result);
        -: 5451:        if (__comp(*__first1, *__first2))
        -: 5452:        {
        -: 5453:            *__result = *__first1;
        -: 5454:            ++__result;
        -: 5455:            ++__first1;
        -: 5456:        }
        -: 5457:        else
        -: 5458:        {
        -: 5459:            if (__comp(*__first2, *__first1))
        -: 5460:            {
        -: 5461:                *__result = *__first2;
        -: 5462:                ++__result;
        -: 5463:            }
        -: 5464:            else
        -: 5465:                ++__first1;
        -: 5466:            ++__first2;
        -: 5467:        }
        -: 5468:    }
        -: 5469:    return _VSTD::copy(__first2, __last2, __result);
        -: 5470:}
        -: 5471:
        -: 5472:template <class _InputIterator1, class _InputIterator2, class _OutputIterator, class _Compare>
        -: 5473:inline _LIBCPP_INLINE_VISIBILITY
        -: 5474:_OutputIterator
        -: 5475:set_symmetric_difference(_InputIterator1 __first1, _InputIterator1 __last1,
        -: 5476:                         _InputIterator2 __first2, _InputIterator2 __last2, _OutputIterator __result, _Compare __comp)
        -: 5477:{
        -: 5478:#ifdef _LIBCPP_DEBUG
        -: 5479:    typedef typename add_lvalue_reference<__debug_less<_Compare> >::type _Comp_ref;
        -: 5480:    __debug_less<_Compare> __c(__comp);
        -: 5481:    return __set_symmetric_difference<_Comp_ref>(__first1, __last1, __first2, __last2, __result, __c);
        -: 5482:#else  // _LIBCPP_DEBUG
        -: 5483:    typedef typename add_lvalue_reference<_Compare>::type _Comp_ref;
        -: 5484:    return __set_symmetric_difference<_Comp_ref>(__first1, __last1, __first2, __last2, __result, __comp);
        -: 5485:#endif  // _LIBCPP_DEBUG
        -: 5486:}
        -: 5487:
        -: 5488:template <class _InputIterator1, class _InputIterator2, class _OutputIterator>
        -: 5489:inline _LIBCPP_INLINE_VISIBILITY
        -: 5490:_OutputIterator
        -: 5491:set_symmetric_difference(_InputIterator1 __first1, _InputIterator1 __last1,
        -: 5492:                         _InputIterator2 __first2, _InputIterator2 __last2, _OutputIterator __result)
        -: 5493:{
        -: 5494:    return _VSTD::set_symmetric_difference(__first1, __last1, __first2, __last2, __result,
        -: 5495:                                          __less<typename iterator_traits<_InputIterator1>::value_type,
        -: 5496:                                                 typename iterator_traits<_InputIterator2>::value_type>());
        -: 5497:}
        -: 5498:
        -: 5499:// lexicographical_compare
        -: 5500:
        -: 5501:template <class _Compare, class _InputIterator1, class _InputIterator2>
        -: 5502:bool
        -: 5503:__lexicographical_compare(_InputIterator1 __first1, _InputIterator1 __last1,
        -: 5504:                          _InputIterator2 __first2, _InputIterator2 __last2, _Compare __comp)
        -: 5505:{
        -: 5506:    for (; __first2 != __last2; ++__first1, ++__first2)
        -: 5507:    {
        -: 5508:        if (__first1 == __last1 || __comp(*__first1, *__first2))
        -: 5509:            return true;
        -: 5510:        if (__comp(*__first2, *__first1))
        -: 5511:            return false;
        -: 5512:    }
        -: 5513:    return false;
        -: 5514:}
        -: 5515:
        -: 5516:template <class _InputIterator1, class _InputIterator2, class _Compare>
        -: 5517:inline _LIBCPP_INLINE_VISIBILITY
        -: 5518:bool
        -: 5519:lexicographical_compare(_InputIterator1 __first1, _InputIterator1 __last1,
        -: 5520:                        _InputIterator2 __first2, _InputIterator2 __last2, _Compare __comp)
        -: 5521:{
        -: 5522:#ifdef _LIBCPP_DEBUG
        -: 5523:    typedef typename add_lvalue_reference<__debug_less<_Compare> >::type _Comp_ref;
        -: 5524:    __debug_less<_Compare> __c(__comp);
        -: 5525:    return __lexicographical_compare<_Comp_ref>(__first1, __last1, __first2, __last2, __c);
        -: 5526:#else  // _LIBCPP_DEBUG
        -: 5527:    typedef typename add_lvalue_reference<_Compare>::type _Comp_ref;
        -: 5528:    return __lexicographical_compare<_Comp_ref>(__first1, __last1, __first2, __last2, __comp);
        -: 5529:#endif  // _LIBCPP_DEBUG
        -: 5530:}
        -: 5531:
        -: 5532:template <class _InputIterator1, class _InputIterator2>
        -: 5533:inline _LIBCPP_INLINE_VISIBILITY
        -: 5534:bool
        -: 5535:lexicographical_compare(_InputIterator1 __first1, _InputIterator1 __last1,
        -: 5536:                        _InputIterator2 __first2, _InputIterator2 __last2)
        -: 5537:{
        -: 5538:    return _VSTD::lexicographical_compare(__first1, __last1, __first2, __last2,
        -: 5539:                                         __less<typename iterator_traits<_InputIterator1>::value_type,
        -: 5540:                                                typename iterator_traits<_InputIterator2>::value_type>());
        -: 5541:}
        -: 5542:
        -: 5543:// next_permutation
        -: 5544:
        -: 5545:template <class _Compare, class _BidirectionalIterator>
        -: 5546:bool
        -: 5547:__next_permutation(_BidirectionalIterator __first, _BidirectionalIterator __last, _Compare __comp)
        -: 5548:{
        -: 5549:    _BidirectionalIterator __i = __last;
        -: 5550:    if (__first == __last || __first == --__i)
        -: 5551:        return false;
        -: 5552:    while (true)
        -: 5553:    {
        -: 5554:        _BidirectionalIterator __ip1 = __i;
        -: 5555:        if (__comp(*--__i, *__ip1))
        -: 5556:        {
        -: 5557:            _BidirectionalIterator __j = __last;
        -: 5558:            while (!__comp(*__i, *--__j))
        -: 5559:                ;
        -: 5560:            swap(*__i, *__j);
        -: 5561:            _VSTD::reverse(__ip1, __last);
        -: 5562:            return true;
        -: 5563:        }
        -: 5564:        if (__i == __first)
        -: 5565:        {
        -: 5566:            _VSTD::reverse(__first, __last);
        -: 5567:            return false;
        -: 5568:        }
        -: 5569:    }
        -: 5570:}
        -: 5571:
        -: 5572:template <class _BidirectionalIterator, class _Compare>
        -: 5573:inline _LIBCPP_INLINE_VISIBILITY
        -: 5574:bool
        -: 5575:next_permutation(_BidirectionalIterator __first, _BidirectionalIterator __last, _Compare __comp)
        -: 5576:{
        -: 5577:#ifdef _LIBCPP_DEBUG
        -: 5578:    typedef typename add_lvalue_reference<__debug_less<_Compare> >::type _Comp_ref;
        -: 5579:    __debug_less<_Compare> __c(__comp);
        -: 5580:    return __next_permutation<_Comp_ref>(__first, __last, __c);
        -: 5581:#else  // _LIBCPP_DEBUG
        -: 5582:    typedef typename add_lvalue_reference<_Compare>::type _Comp_ref;
        -: 5583:    return __next_permutation<_Comp_ref>(__first, __last, __comp);
        -: 5584:#endif  // _LIBCPP_DEBUG
        -: 5585:}
        -: 5586:
        -: 5587:template <class _BidirectionalIterator>
        -: 5588:inline _LIBCPP_INLINE_VISIBILITY
        -: 5589:bool
        -: 5590:next_permutation(_BidirectionalIterator __first, _BidirectionalIterator __last)
        -: 5591:{
        -: 5592:    return _VSTD::next_permutation(__first, __last,
        -: 5593:                                  __less<typename iterator_traits<_BidirectionalIterator>::value_type>());
        -: 5594:}
        -: 5595:
        -: 5596:// prev_permutation
        -: 5597:
        -: 5598:template <class _Compare, class _BidirectionalIterator>
        -: 5599:bool
        -: 5600:__prev_permutation(_BidirectionalIterator __first, _BidirectionalIterator __last, _Compare __comp)
        -: 5601:{
        -: 5602:    _BidirectionalIterator __i = __last;
        -: 5603:    if (__first == __last || __first == --__i)
        -: 5604:        return false;
        -: 5605:    while (true)
        -: 5606:    {
        -: 5607:        _BidirectionalIterator __ip1 = __i;
        -: 5608:        if (__comp(*__ip1, *--__i))
        -: 5609:        {
        -: 5610:            _BidirectionalIterator __j = __last;
        -: 5611:            while (!__comp(*--__j, *__i))
        -: 5612:                ;
        -: 5613:            swap(*__i, *__j);
        -: 5614:            _VSTD::reverse(__ip1, __last);
        -: 5615:            return true;
        -: 5616:        }
        -: 5617:        if (__i == __first)
        -: 5618:        {
        -: 5619:            _VSTD::reverse(__first, __last);
        -: 5620:            return false;
        -: 5621:        }
        -: 5622:    }
        -: 5623:}
        -: 5624:
        -: 5625:template <class _BidirectionalIterator, class _Compare>
        -: 5626:inline _LIBCPP_INLINE_VISIBILITY
        -: 5627:bool
        -: 5628:prev_permutation(_BidirectionalIterator __first, _BidirectionalIterator __last, _Compare __comp)
        -: 5629:{
        -: 5630:#ifdef _LIBCPP_DEBUG
        -: 5631:    typedef typename add_lvalue_reference<__debug_less<_Compare> >::type _Comp_ref;
        -: 5632:    __debug_less<_Compare> __c(__comp);
        -: 5633:    return __prev_permutation<_Comp_ref>(__first, __last, __c);
        -: 5634:#else  // _LIBCPP_DEBUG
        -: 5635:    typedef typename add_lvalue_reference<_Compare>::type _Comp_ref;
        -: 5636:    return __prev_permutation<_Comp_ref>(__first, __last, __comp);
        -: 5637:#endif  // _LIBCPP_DEBUG
        -: 5638:}
        -: 5639:
        -: 5640:template <class _BidirectionalIterator>
        -: 5641:inline _LIBCPP_INLINE_VISIBILITY
        -: 5642:bool
        -: 5643:prev_permutation(_BidirectionalIterator __first, _BidirectionalIterator __last)
        -: 5644:{
        -: 5645:    return _VSTD::prev_permutation(__first, __last,
        -: 5646:                                  __less<typename iterator_traits<_BidirectionalIterator>::value_type>());
        -: 5647:}
        -: 5648:
        -: 5649:template <class _Tp>
        -: 5650:inline _LIBCPP_INLINE_VISIBILITY
        -: 5651:typename enable_if
        -: 5652:<
        -: 5653:    is_integral<_Tp>::value,
        -: 5654:    _Tp
        -: 5655:>::type
        -: 5656:__rotate_left(_Tp __t, _Tp __n = 1)
        -: 5657:{
        -: 5658:    const unsigned __bits = static_cast<unsigned>(sizeof(_Tp) * __CHAR_BIT__ - 1);
        -: 5659:    __n &= __bits;
        -: 5660:    return static_cast<_Tp>((__t << __n) | (static_cast<typename make_unsigned<_Tp>::type>(__t) >> (__bits - __n)));
        -: 5661:}
        -: 5662:
        -: 5663:template <class _Tp>
        -: 5664:inline _LIBCPP_INLINE_VISIBILITY
        -: 5665:typename enable_if
        -: 5666:<
        -: 5667:    is_integral<_Tp>::value,
        -: 5668:    _Tp
        -: 5669:>::type
        -: 5670:__rotate_right(_Tp __t, _Tp __n = 1)
        -: 5671:{
        -: 5672:    const unsigned __bits = static_cast<unsigned>(sizeof(_Tp) * __CHAR_BIT__ - 1);
        -: 5673:    __n &= __bits;
        -: 5674:    return static_cast<_Tp>((__t << (__bits - __n)) | (static_cast<typename make_unsigned<_Tp>::type>(__t) >> __n));
        -: 5675:}
        -: 5676:
        -: 5677:_LIBCPP_END_NAMESPACE_STD
        -: 5678:
        -: 5679:#endif  // _LIBCPP_ALGORITHM
