        -:    0:Source:/Applications/Xcode.app/Contents/Developer/Toolchains/XcodeDefault.xctoolchain/usr/bin/../include/c++/v1/string
        -:    0:Graph:TestCollatz.gcno
        -:    0:Data:TestCollatz.gcda
        -:    0:Runs:2
        -:    0:Programs:1
        -:    1:// -*- C++ -*-
        -:    2://===--------------------------- string -----------------------------------===//
        -:    3://
        -:    4://                     The LLVM Compiler Infrastructure
        -:    5://
        -:    6:// This file is distributed under the University of Illinois Open Source
        -:    7:// License. See LICENSE.TXT for details.
        -:    8://
        -:    9://===----------------------------------------------------------------------===//
        -:   10:
        -:   11:#ifndef _LIBCPP_STRING
        -:   12:#define _LIBCPP_STRING
        -:   13:
        -:   14:/*
        -:   15:    string synopsis
        -:   16:
        -:   17:namespace std
        -:   18:{
        -:   19:
        -:   20:template <class stateT>
        -:   21:class fpos
        -:   22:{
        -:   23:private:
        -:   24:    stateT st;
        -:   25:public:
        -:   26:    fpos(streamoff = streamoff());
        -:   27:
        -:   28:    operator streamoff() const;
        -:   29:
        -:   30:    stateT state() const;
        -:   31:    void state(stateT);
        -:   32:
        -:   33:    fpos& operator+=(streamoff);
        -:   34:    fpos  operator+ (streamoff) const;
        -:   35:    fpos& operator-=(streamoff);
        -:   36:    fpos  operator- (streamoff) const;
        -:   37:};
        -:   38:
        -:   39:template <class stateT> streamoff operator-(const fpos<stateT>& x, const fpos<stateT>& y);
        -:   40:
        -:   41:template <class stateT> bool operator==(const fpos<stateT>& x, const fpos<stateT>& y);
        -:   42:template <class stateT> bool operator!=(const fpos<stateT>& x, const fpos<stateT>& y);
        -:   43:
        -:   44:template <class charT>
        -:   45:struct char_traits
        -:   46:{
        -:   47:    typedef charT     char_type;
        -:   48:    typedef ...       int_type;
        -:   49:    typedef streamoff off_type;
        -:   50:    typedef streampos pos_type;
        -:   51:    typedef mbstate_t state_type;
        -:   52:
        -:   53:    static void assign(char_type& c1, const char_type& c2) noexcept;
        -:   54:    static constexpr bool eq(char_type c1, char_type c2) noexcept;
        -:   55:    static constexpr bool lt(char_type c1, char_type c2) noexcept;
        -:   56:
        -:   57:    static int              compare(const char_type* s1, const char_type* s2, size_t n);
        -:   58:    static size_t           length(const char_type* s);
        -:   59:    static const char_type* find(const char_type* s, size_t n, const char_type& a);
        -:   60:    static char_type*       move(char_type* s1, const char_type* s2, size_t n);
        -:   61:    static char_type*       copy(char_type* s1, const char_type* s2, size_t n);
        -:   62:    static char_type*       assign(char_type* s, size_t n, char_type a);
        -:   63:
        -:   64:    static constexpr int_type  not_eof(int_type c) noexcept;
        -:   65:    static constexpr char_type to_char_type(int_type c) noexcept;
        -:   66:    static constexpr int_type  to_int_type(char_type c) noexcept;
        -:   67:    static constexpr bool      eq_int_type(int_type c1, int_type c2) noexcept;
        -:   68:    static constexpr int_type  eof() noexcept;
        -:   69:};
        -:   70:
        -:   71:template <> struct char_traits<char>;
        -:   72:template <> struct char_traits<wchar_t>;
        -:   73:
        -:   74:template<class charT, class traits = char_traits<charT>, class Allocator = allocator<charT> >
        -:   75:class basic_string
        -:   76:{
        -:   77:public:
        -:   78:// types:
        -:   79:    typedef traits traits_type;
        -:   80:    typedef typename traits_type::char_type value_type;
        -:   81:    typedef Allocator allocator_type;
        -:   82:    typedef typename allocator_type::size_type size_type;
        -:   83:    typedef typename allocator_type::difference_type difference_type;
        -:   84:    typedef typename allocator_type::reference reference;
        -:   85:    typedef typename allocator_type::const_reference const_reference;
        -:   86:    typedef typename allocator_type::pointer pointer;
        -:   87:    typedef typename allocator_type::const_pointer const_pointer;
        -:   88:    typedef implementation-defined iterator;
        -:   89:    typedef implementation-defined const_iterator;
        -:   90:    typedef std::reverse_iterator<iterator> reverse_iterator;
        -:   91:    typedef std::reverse_iterator<const_iterator> const_reverse_iterator;
        -:   92:
        -:   93:    static const size_type npos = -1;
        -:   94:
        -:   95:    basic_string()
        -:   96:        noexcept(is_nothrow_default_constructible<allocator_type>::value);
        -:   97:    explicit basic_string(const allocator_type& a);
        -:   98:    basic_string(const basic_string& str);
        -:   99:    basic_string(basic_string&& str)
        -:  100:        noexcept(is_nothrow_move_constructible<allocator_type>::value);
        -:  101:    basic_string(const basic_string& str, size_type pos, size_type n = npos,
        -:  102:                 const allocator_type& a = allocator_type());
        -:  103:    basic_string(const value_type* s, const allocator_type& a = allocator_type());
        -:  104:    basic_string(const value_type* s, size_type n, const allocator_type& a = allocator_type());
        -:  105:    basic_string(size_type n, value_type c, const allocator_type& a = allocator_type());
        -:  106:    template<class InputIterator>
        -:  107:        basic_string(InputIterator begin, InputIterator end,
        -:  108:                     const allocator_type& a = allocator_type());
        -:  109:    basic_string(initializer_list<value_type>, const Allocator& = Allocator());
        -:  110:    basic_string(const basic_string&, const Allocator&);
        -:  111:    basic_string(basic_string&&, const Allocator&);
        -:  112:
        -:  113:    ~basic_string();
        -:  114:
        -:  115:    basic_string& operator=(const basic_string& str);
        -:  116:    basic_string& operator=(basic_string&& str)
        -:  117:        noexcept(
        -:  118:             allocator_type::propagate_on_container_move_assignment::value &&
        -:  119:             is_nothrow_move_assignable<allocator_type>::value);
        -:  120:    basic_string& operator=(const value_type* s);
        -:  121:    basic_string& operator=(value_type c);
        -:  122:    basic_string& operator=(initializer_list<value_type>);
        -:  123:
        -:  124:    iterator       begin() noexcept;
        -:  125:    const_iterator begin() const noexcept;
        -:  126:    iterator       end() noexcept;
        -:  127:    const_iterator end() const noexcept;
        -:  128:
        -:  129:    reverse_iterator       rbegin() noexcept;
        -:  130:    const_reverse_iterator rbegin() const noexcept;
        -:  131:    reverse_iterator       rend() noexcept;
        -:  132:    const_reverse_iterator rend() const noexcept;
        -:  133:
        -:  134:    const_iterator         cbegin() const noexcept;
        -:  135:    const_iterator         cend() const noexcept;
        -:  136:    const_reverse_iterator crbegin() const noexcept;
        -:  137:    const_reverse_iterator crend() const noexcept;
        -:  138:
        -:  139:    size_type size() const noexcept;
        -:  140:    size_type length() const noexcept;
        -:  141:    size_type max_size() const noexcept;
        -:  142:    size_type capacity() const noexcept;
        -:  143:
        -:  144:    void resize(size_type n, value_type c);
        -:  145:    void resize(size_type n);
        -:  146:
        -:  147:    void reserve(size_type res_arg = 0);
        -:  148:    void shrink_to_fit();
        -:  149:    void clear() noexcept;
        -:  150:    bool empty() const noexcept;
        -:  151:
        -:  152:    const_reference operator[](size_type pos) const;
        -:  153:    reference       operator[](size_type pos);
        -:  154:
        -:  155:    const_reference at(size_type n) const;
        -:  156:    reference       at(size_type n);
        -:  157:
        -:  158:    basic_string& operator+=(const basic_string& str);
        -:  159:    basic_string& operator+=(const value_type* s);
        -:  160:    basic_string& operator+=(value_type c);
        -:  161:    basic_string& operator+=(initializer_list<value_type>);
        -:  162:
        -:  163:    basic_string& append(const basic_string& str);
        -:  164:    basic_string& append(const basic_string& str, size_type pos, size_type n);
        -:  165:    basic_string& append(const value_type* s, size_type n);
        -:  166:    basic_string& append(const value_type* s);
        -:  167:    basic_string& append(size_type n, value_type c);
        -:  168:    template<class InputIterator>
        -:  169:        basic_string& append(InputIterator first, InputIterator last);
        -:  170:    basic_string& append(initializer_list<value_type>);
        -:  171:
        -:  172:    void push_back(value_type c);
        -:  173:    void pop_back();
        -:  174:    reference       front();
        -:  175:    const_reference front() const;
        -:  176:    reference       back();
        -:  177:    const_reference back() const;
        -:  178:
        -:  179:    basic_string& assign(const basic_string& str);
        -:  180:    basic_string& assign(basic_string&& str);
        -:  181:    basic_string& assign(const basic_string& str, size_type pos, size_type n);
        -:  182:    basic_string& assign(const value_type* s, size_type n);
        -:  183:    basic_string& assign(const value_type* s);
        -:  184:    basic_string& assign(size_type n, value_type c);
        -:  185:    template<class InputIterator>
        -:  186:        basic_string& assign(InputIterator first, InputIterator last);
        -:  187:    basic_string& assign(initializer_list<value_type>);
        -:  188:
        -:  189:    basic_string& insert(size_type pos1, const basic_string& str);
        -:  190:    basic_string& insert(size_type pos1, const basic_string& str,
        -:  191:                         size_type pos2, size_type n);
        -:  192:    basic_string& insert(size_type pos, const value_type* s, size_type n);
        -:  193:    basic_string& insert(size_type pos, const value_type* s);
        -:  194:    basic_string& insert(size_type pos, size_type n, value_type c);
        -:  195:    iterator      insert(const_iterator p, value_type c);
        -:  196:    iterator      insert(const_iterator p, size_type n, value_type c);
        -:  197:    template<class InputIterator>
        -:  198:        iterator insert(const_iterator p, InputIterator first, InputIterator last);
        -:  199:    iterator      insert(const_iterator p, initializer_list<value_type>);
        -:  200:
        -:  201:    basic_string& erase(size_type pos = 0, size_type n = npos);
        -:  202:    iterator      erase(const_iterator position);
        -:  203:    iterator      erase(const_iterator first, const_iterator last);
        -:  204:
        -:  205:    basic_string& replace(size_type pos1, size_type n1, const basic_string& str);
        -:  206:    basic_string& replace(size_type pos1, size_type n1, const basic_string& str,
        -:  207:                          size_type pos2, size_type n2);
        -:  208:    basic_string& replace(size_type pos, size_type n1, const value_type* s, size_type n2);
        -:  209:    basic_string& replace(size_type pos, size_type n1, const value_type* s);
        -:  210:    basic_string& replace(size_type pos, size_type n1, size_type n2, value_type c);
        -:  211:    basic_string& replace(const_iterator i1, const_iterator i2, const basic_string& str);
        -:  212:    basic_string& replace(const_iterator i1, const_iterator i2, const value_type* s, size_type n);
        -:  213:    basic_string& replace(const_iterator i1, const_iterator i2, const value_type* s);
        -:  214:    basic_string& replace(const_iterator i1, const_iterator i2, size_type n, value_type c);
        -:  215:    template<class InputIterator>
        -:  216:        basic_string& replace(const_iterator i1, const_iterator i2, InputIterator j1, InputIterator j2);
        -:  217:    basic_string& replace(const_iterator i1, const_iterator i2, initializer_list<value_type>);
        -:  218:
        -:  219:    size_type copy(value_type* s, size_type n, size_type pos = 0) const;
        -:  220:    basic_string substr(size_type pos = 0, size_type n = npos) const;
        -:  221:
        -:  222:    void swap(basic_string& str)
        -:  223:        noexcept(!allocator_type::propagate_on_container_swap::value ||
        -:  224:                 __is_nothrow_swappable<allocator_type>::value)
        -:  225:
        -:  226:    const value_type* c_str() const noexcept;
        -:  227:    const value_type* data() const noexcept;
        -:  228:
        -:  229:    allocator_type get_allocator() const noexcept;
        -:  230:
        -:  231:    size_type find(const basic_string& str, size_type pos = 0) const noexcept;
        -:  232:    size_type find(const value_type* s, size_type pos, size_type n) const noexcept;
        -:  233:    size_type find(const value_type* s, size_type pos = 0) const noexcept;
        -:  234:    size_type find(value_type c, size_type pos = 0) const noexcept;
        -:  235:
        -:  236:    size_type rfind(const basic_string& str, size_type pos = npos) const noexcept;
        -:  237:    size_type rfind(const value_type* s, size_type pos, size_type n) const noexcept;
        -:  238:    size_type rfind(const value_type* s, size_type pos = npos) const noexcept;
        -:  239:    size_type rfind(value_type c, size_type pos = npos) const noexcept;
        -:  240:
        -:  241:    size_type find_first_of(const basic_string& str, size_type pos = 0) const noexcept;
        -:  242:    size_type find_first_of(const value_type* s, size_type pos, size_type n) const noexcept;
        -:  243:    size_type find_first_of(const value_type* s, size_type pos = 0) const noexcept;
        -:  244:    size_type find_first_of(value_type c, size_type pos = 0) const noexcept;
        -:  245:
        -:  246:    size_type find_last_of(const basic_string& str, size_type pos = npos) const noexcept;
        -:  247:    size_type find_last_of(const value_type* s, size_type pos, size_type n) const noexcept;
        -:  248:    size_type find_last_of(const value_type* s, size_type pos = npos) const noexcept;
        -:  249:    size_type find_last_of(value_type c, size_type pos = npos) const noexcept;
        -:  250:
        -:  251:    size_type find_first_not_of(const basic_string& str, size_type pos = 0) const noexcept;
        -:  252:    size_type find_first_not_of(const value_type* s, size_type pos, size_type n) const noexcept;
        -:  253:    size_type find_first_not_of(const value_type* s, size_type pos = 0) const noexcept;
        -:  254:    size_type find_first_not_of(value_type c, size_type pos = 0) const noexcept;
        -:  255:
        -:  256:    size_type find_last_not_of(const basic_string& str, size_type pos = npos) const noexcept;
        -:  257:    size_type find_last_not_of(const value_type* s, size_type pos, size_type n) const noexcept;
        -:  258:    size_type find_last_not_of(const value_type* s, size_type pos = npos) const noexcept;
        -:  259:    size_type find_last_not_of(value_type c, size_type pos = npos) const noexcept;
        -:  260:
        -:  261:    int compare(const basic_string& str) const noexcept;
        -:  262:    int compare(size_type pos1, size_type n1, const basic_string& str) const;
        -:  263:    int compare(size_type pos1, size_type n1, const basic_string& str,
        -:  264:                size_type pos2, size_type n2) const;
        -:  265:    int compare(const value_type* s) const noexcept;
        -:  266:    int compare(size_type pos1, size_type n1, const value_type* s) const;
        -:  267:    int compare(size_type pos1, size_type n1, const value_type* s, size_type n2) const;
        -:  268:
        -:  269:    bool __invariants() const;
        -:  270:};
        -:  271:
        -:  272:template<class charT, class traits, class Allocator>
        -:  273:basic_string<charT, traits, Allocator>
        -:  274:operator+(const basic_string<charT, traits, Allocator>& lhs,
        -:  275:          const basic_string<charT, traits, Allocator>& rhs);
        -:  276:
        -:  277:template<class charT, class traits, class Allocator>
        -:  278:basic_string<charT, traits, Allocator>
        -:  279:operator+(const charT* lhs , const basic_string<charT,traits,Allocator>&rhs);
        -:  280:
        -:  281:template<class charT, class traits, class Allocator>
        -:  282:basic_string<charT, traits, Allocator>
        -:  283:operator+(charT lhs, const basic_string<charT,traits,Allocator>& rhs);
        -:  284:
        -:  285:template<class charT, class traits, class Allocator>
        -:  286:basic_string<charT, traits, Allocator>
        -:  287:operator+(const basic_string<charT, traits, Allocator>& lhs, const charT* rhs);
        -:  288:
        -:  289:template<class charT, class traits, class Allocator>
        -:  290:basic_string<charT, traits, Allocator>
        -:  291:operator+(const basic_string<charT, traits, Allocator>& lhs, charT rhs);
        -:  292:
        -:  293:template<class charT, class traits, class Allocator>
        -:  294:bool operator==(const basic_string<charT, traits, Allocator>& lhs,
        -:  295:                const basic_string<charT, traits, Allocator>& rhs) noexcept;
        -:  296:
        -:  297:template<class charT, class traits, class Allocator>
        -:  298:bool operator==(const charT* lhs, const basic_string<charT, traits, Allocator>& rhs) noexcept;
        -:  299:
        -:  300:template<class charT, class traits, class Allocator>
        -:  301:bool operator==(const basic_string<charT,traits,Allocator>& lhs, const charT* rhs) noexcept;
        -:  302:
        -:  303:template<class charT, class traits, class Allocator>
        -:  304:bool operator!=(const basic_string<charT,traits,Allocator>& lhs,
        -:  305:                const basic_string<charT, traits, Allocator>& rhs) noexcept;
        -:  306:
        -:  307:template<class charT, class traits, class Allocator>
        -:  308:bool operator!=(const charT* lhs, const basic_string<charT, traits, Allocator>& rhs) noexcept;
        -:  309:
        -:  310:template<class charT, class traits, class Allocator>
        -:  311:bool operator!=(const basic_string<charT, traits, Allocator>& lhs, const charT* rhs) noexcept;
        -:  312:
        -:  313:template<class charT, class traits, class Allocator>
        -:  314:bool operator< (const basic_string<charT, traits, Allocator>& lhs,
        -:  315:                const basic_string<charT, traits, Allocator>& rhs) noexcept;
        -:  316:
        -:  317:template<class charT, class traits, class Allocator>
        -:  318:bool operator< (const basic_string<charT, traits, Allocator>& lhs, const charT* rhs) noexcept;
        -:  319:
        -:  320:template<class charT, class traits, class Allocator>
        -:  321:bool operator< (const charT* lhs, const basic_string<charT, traits, Allocator>& rhs) noexcept;
        -:  322:
        -:  323:template<class charT, class traits, class Allocator>
        -:  324:bool operator> (const basic_string<charT, traits, Allocator>& lhs,
        -:  325:                const basic_string<charT, traits, Allocator>& rhs) noexcept;
        -:  326:
        -:  327:template<class charT, class traits, class Allocator>
        -:  328:bool operator> (const basic_string<charT, traits, Allocator>& lhs, const charT* rhs) noexcept;
        -:  329:
        -:  330:template<class charT, class traits, class Allocator>
        -:  331:bool operator> (const charT* lhs, const basic_string<charT, traits, Allocator>& rhs) noexcept;
        -:  332:
        -:  333:template<class charT, class traits, class Allocator>
        -:  334:bool operator<=(const basic_string<charT, traits, Allocator>& lhs,
        -:  335:                const basic_string<charT, traits, Allocator>& rhs) noexcept;
        -:  336:
        -:  337:template<class charT, class traits, class Allocator>
        -:  338:bool operator<=(const basic_string<charT, traits, Allocator>& lhs, const charT* rhs) noexcept;
        -:  339:
        -:  340:template<class charT, class traits, class Allocator>
        -:  341:bool operator<=(const charT* lhs, const basic_string<charT, traits, Allocator>& rhs) noexcept;
        -:  342:
        -:  343:template<class charT, class traits, class Allocator>
        -:  344:bool operator>=(const basic_string<charT, traits, Allocator>& lhs,
        -:  345:                const basic_string<charT, traits, Allocator>& rhs) noexcept;
        -:  346:
        -:  347:template<class charT, class traits, class Allocator>
        -:  348:bool operator>=(const basic_string<charT, traits, Allocator>& lhs, const charT* rhs) noexcept;
        -:  349:
        -:  350:template<class charT, class traits, class Allocator>
        -:  351:bool operator>=(const charT* lhs, const basic_string<charT, traits, Allocator>& rhs) noexcept;
        -:  352:
        -:  353:template<class charT, class traits, class Allocator>
        -:  354:void swap(basic_string<charT, traits, Allocator>& lhs,
        -:  355:          basic_string<charT, traits, Allocator>& rhs)
        -:  356:            noexcept(noexcept(lhs.swap(rhs)));
        -:  357:
        -:  358:template<class charT, class traits, class Allocator>
        -:  359:basic_istream<charT, traits>&
        -:  360:operator>>(basic_istream<charT, traits>& is, basic_string<charT, traits, Allocator>& str);
        -:  361:
        -:  362:template<class charT, class traits, class Allocator>
        -:  363:basic_ostream<charT, traits>&
        -:  364:operator<<(basic_ostream<charT, traits>& os, const basic_string<charT, traits, Allocator>& str);
        -:  365:
        -:  366:template<class charT, class traits, class Allocator>
        -:  367:basic_istream<charT, traits>&
        -:  368:getline(basic_istream<charT, traits>& is, basic_string<charT, traits, Allocator>& str,
        -:  369:        charT delim);
        -:  370:
        -:  371:template<class charT, class traits, class Allocator>
        -:  372:basic_istream<charT, traits>&
        -:  373:getline(basic_istream<charT, traits>& is, basic_string<charT, traits, Allocator>& str);
        -:  374:
        -:  375:typedef basic_string<char>    string;
        -:  376:typedef basic_string<wchar_t> wstring;
        -:  377:typedef basic_string<char16_t> u16string;
        -:  378:typedef basic_string<char32_t> u32string;
        -:  379:
        -:  380:int                stoi  (const string& str, size_t* idx = 0, int base = 10);
        -:  381:long               stol  (const string& str, size_t* idx = 0, int base = 10);
        -:  382:unsigned long      stoul (const string& str, size_t* idx = 0, int base = 10);
        -:  383:long long          stoll (const string& str, size_t* idx = 0, int base = 10);
        -:  384:unsigned long long stoull(const string& str, size_t* idx = 0, int base = 10);
        -:  385:
        -:  386:float       stof (const string& str, size_t* idx = 0);
        -:  387:double      stod (const string& str, size_t* idx = 0);
        -:  388:long double stold(const string& str, size_t* idx = 0);
        -:  389:
        -:  390:string to_string(int val);
        -:  391:string to_string(unsigned val);
        -:  392:string to_string(long val);
        -:  393:string to_string(unsigned long val);
        -:  394:string to_string(long long val);
        -:  395:string to_string(unsigned long long val);
        -:  396:string to_string(float val);
        -:  397:string to_string(double val);
        -:  398:string to_string(long double val);
        -:  399:
        -:  400:int                stoi  (const wstring& str, size_t* idx = 0, int base = 10);
        -:  401:long               stol  (const wstring& str, size_t* idx = 0, int base = 10);
        -:  402:unsigned long      stoul (const wstring& str, size_t* idx = 0, int base = 10);
        -:  403:long long          stoll (const wstring& str, size_t* idx = 0, int base = 10);
        -:  404:unsigned long long stoull(const wstring& str, size_t* idx = 0, int base = 10);
        -:  405:
        -:  406:float       stof (const wstring& str, size_t* idx = 0);
        -:  407:double      stod (const wstring& str, size_t* idx = 0);
        -:  408:long double stold(const wstring& str, size_t* idx = 0);
        -:  409:
        -:  410:wstring to_wstring(int val);
        -:  411:wstring to_wstring(unsigned val);
        -:  412:wstring to_wstring(long val);
        -:  413:wstring to_wstring(unsigned long val);
        -:  414:wstring to_wstring(long long val);
        -:  415:wstring to_wstring(unsigned long long val);
        -:  416:wstring to_wstring(float val);
        -:  417:wstring to_wstring(double val);
        -:  418:wstring to_wstring(long double val);
        -:  419:
        -:  420:template <> struct hash<string>;
        -:  421:template <> struct hash<u16string>;
        -:  422:template <> struct hash<u32string>;
        -:  423:template <> struct hash<wstring>;
        -:  424:
        -:  425:basic_string<char>     operator "" s( const char *str,     size_t len ); // C++14
        -:  426:basic_string<wchar_t>  operator "" s( const wchar_t *str,  size_t len ); // C++14
        -:  427:basic_string<char16_t> operator "" s( const char16_t *str, size_t len ); // C++14
        -:  428:basic_string<char32_t> operator "" s( const char32_t *str, size_t len ); // C++14
        -:  429:
        -:  430:}  // std
        -:  431:
        -:  432:*/
        -:  433:
        -:  434:#include <__config>
        -:  435:#include <iosfwd>
        -:  436:#include <cstring>
        -:  437:#include <cstdio>  // For EOF.
        -:  438:#include <cwchar>
        -:  439:#include <algorithm>
        -:  440:#include <iterator>
        -:  441:#include <utility>
        -:  442:#include <memory>
        -:  443:#include <stdexcept>
        -:  444:#include <type_traits>
        -:  445:#include <initializer_list>
        -:  446:#include <__functional_base>
        -:  447:#ifndef _LIBCPP_HAS_NO_UNICODE_CHARS
        -:  448:#include <cstdint>
        -:  449:#endif
        -:  450:#if defined(_LIBCPP_NO_EXCEPTIONS)
        -:  451:#include <cassert>
        -:  452:#endif
        -:  453:
        -:  454:#include <__undef_min_max>
        -:  455:
        -:  456:#if !defined(_LIBCPP_HAS_NO_PRAGMA_SYSTEM_HEADER)
        -:  457:#pragma GCC system_header
        -:  458:#endif
        -:  459:
        -:  460:_LIBCPP_BEGIN_NAMESPACE_STD
        -:  461:
        -:  462:// fpos
        -:  463:
        -:  464:template <class _StateT>
        -:  465:class _LIBCPP_TYPE_VIS_ONLY fpos
        -:  466:{
        -:  467:private:
        -:  468:    _StateT __st_;
        -:  469:    streamoff __off_;
        -:  470:public:
function _ZNSt3__14fposI11__mbstate_tEC1Ex called 0 returned 0% blocks executed 0%
function _ZNSt3__14fposI11__mbstate_tEC2Ex called 0 returned 0% blocks executed 0%
    #####:  471:    _LIBCPP_INLINE_VISIBILITY fpos(streamoff __off = streamoff()) : __st_(), __off_(__off) {}
        -:  472:
function _ZNKSt3__14fposI11__mbstate_tEcvxEv called 0 returned 0% blocks executed 0%
    #####:  473:    _LIBCPP_INLINE_VISIBILITY operator streamoff() const {return __off_;}
        -:  474:
        -:  475:    _LIBCPP_INLINE_VISIBILITY _StateT state() const {return __st_;}
        -:  476:    _LIBCPP_INLINE_VISIBILITY void state(_StateT __st) {__st_ = __st;}
        -:  477:
        -:  478:    _LIBCPP_INLINE_VISIBILITY fpos& operator+=(streamoff __off) {__off_ += __off; return *this;}
        -:  479:    _LIBCPP_INLINE_VISIBILITY fpos  operator+ (streamoff __off) const {fpos __t(*this); __t += __off; return __t;}
        -:  480:    _LIBCPP_INLINE_VISIBILITY fpos& operator-=(streamoff __off) {__off_ -= __off; return *this;}
        -:  481:    _LIBCPP_INLINE_VISIBILITY fpos  operator- (streamoff __off) const {fpos __t(*this); __t -= __off; return __t;}
        -:  482:};
        -:  483:
        -:  484:template <class _StateT>
        -:  485:inline _LIBCPP_INLINE_VISIBILITY
        -:  486:streamoff operator-(const fpos<_StateT>& __x, const fpos<_StateT>& __y)
        -:  487:    {return streamoff(__x) - streamoff(__y);}
        -:  488:
        -:  489:template <class _StateT>
        -:  490:inline _LIBCPP_INLINE_VISIBILITY
        -:  491:bool operator==(const fpos<_StateT>& __x, const fpos<_StateT>& __y)
        -:  492:    {return streamoff(__x) == streamoff(__y);}
        -:  493:
        -:  494:template <class _StateT>
        -:  495:inline _LIBCPP_INLINE_VISIBILITY
        -:  496:bool operator!=(const fpos<_StateT>& __x, const fpos<_StateT>& __y)
        -:  497:    {return streamoff(__x) != streamoff(__y);}
        -:  498:
        -:  499:// char_traits
        -:  500:
        -:  501:template <class _CharT>
        -:  502:struct _LIBCPP_TYPE_VIS_ONLY char_traits
        -:  503:{
        -:  504:    typedef _CharT    char_type;
        -:  505:    typedef int       int_type;
        -:  506:    typedef streamoff off_type;
        -:  507:    typedef streampos pos_type;
        -:  508:    typedef mbstate_t state_type;
        -:  509:
        -:  510:    _LIBCPP_INLINE_VISIBILITY
        -:  511:    static void assign(char_type& __c1, const char_type& __c2) _NOEXCEPT
        -:  512:        {__c1 = __c2;}
        -:  513:    _LIBCPP_INLINE_VISIBILITY
        -:  514:    static _LIBCPP_CONSTEXPR bool eq(char_type __c1, char_type __c2) _NOEXCEPT
        -:  515:        {return __c1 == __c2;}
        -:  516:    _LIBCPP_INLINE_VISIBILITY
        -:  517:    static _LIBCPP_CONSTEXPR bool lt(char_type __c1, char_type __c2) _NOEXCEPT
        -:  518:        {return __c1 < __c2;}
        -:  519:
        -:  520:    static int              compare(const char_type* __s1, const char_type* __s2, size_t __n);
        -:  521:    static size_t           length(const char_type* __s);
        -:  522:    static const char_type* find(const char_type* __s, size_t __n, const char_type& __a);
        -:  523:    static char_type*       move(char_type* __s1, const char_type* __s2, size_t __n);
        -:  524:    static char_type*       copy(char_type* __s1, const char_type* __s2, size_t __n);
        -:  525:    static char_type*       assign(char_type* __s, size_t __n, char_type __a);
        -:  526:
        -:  527:    _LIBCPP_INLINE_VISIBILITY
        -:  528:    static _LIBCPP_CONSTEXPR int_type  not_eof(int_type __c) _NOEXCEPT
        -:  529:        {return eq_int_type(__c, eof()) ? ~eof() : __c;}
        -:  530:    _LIBCPP_INLINE_VISIBILITY
        -:  531:    static _LIBCPP_CONSTEXPR char_type to_char_type(int_type __c) _NOEXCEPT
        -:  532:        {return char_type(__c);}
        -:  533:    _LIBCPP_INLINE_VISIBILITY
        -:  534:    static _LIBCPP_CONSTEXPR int_type  to_int_type(char_type __c) _NOEXCEPT
        -:  535:        {return int_type(__c);}
        -:  536:    _LIBCPP_INLINE_VISIBILITY
        -:  537:    static _LIBCPP_CONSTEXPR bool      eq_int_type(int_type __c1, int_type __c2) _NOEXCEPT
        -:  538:        {return __c1 == __c2;}
        -:  539:    _LIBCPP_INLINE_VISIBILITY
        -:  540:    static _LIBCPP_CONSTEXPR int_type  eof() _NOEXCEPT
        -:  541:        {return int_type(EOF);}
        -:  542:};
        -:  543:
        -:  544:template <class _CharT>
        -:  545:int
        -:  546:char_traits<_CharT>::compare(const char_type* __s1, const char_type* __s2, size_t __n)
        -:  547:{
        -:  548:    for (; __n; --__n, ++__s1, ++__s2)
        -:  549:    {
        -:  550:        if (lt(*__s1, *__s2))
        -:  551:            return -1;
        -:  552:        if (lt(*__s2, *__s1))
        -:  553:            return 1;
        -:  554:    }
        -:  555:    return 0;
        -:  556:}
        -:  557:
        -:  558:template <class _CharT>
        -:  559:inline _LIBCPP_INLINE_VISIBILITY
        -:  560:size_t
        -:  561:char_traits<_CharT>::length(const char_type* __s)
        -:  562:{
        -:  563:    size_t __len = 0;
        -:  564:    for (; !eq(*__s, char_type(0)); ++__s)
        -:  565:        ++__len;
        -:  566:    return __len;
        -:  567:}
        -:  568:
        -:  569:template <class _CharT>
        -:  570:inline _LIBCPP_INLINE_VISIBILITY
        -:  571:const _CharT*
        -:  572:char_traits<_CharT>::find(const char_type* __s, size_t __n, const char_type& __a)
        -:  573:{
        -:  574:    for (; __n; --__n)
        -:  575:    {
        -:  576:        if (eq(*__s, __a))
        -:  577:            return __s;
        -:  578:        ++__s;
        -:  579:    }
        -:  580:    return 0;
        -:  581:}
        -:  582:
        -:  583:template <class _CharT>
        -:  584:_CharT*
        -:  585:char_traits<_CharT>::move(char_type* __s1, const char_type* __s2, size_t __n)
        -:  586:{
        -:  587:    char_type* __r = __s1;
        -:  588:    if (__s1 < __s2)
        -:  589:    {
        -:  590:        for (; __n; --__n, ++__s1, ++__s2)
        -:  591:            assign(*__s1, *__s2);
        -:  592:    }
        -:  593:    else if (__s2 < __s1)
        -:  594:    {
        -:  595:        __s1 += __n;
        -:  596:        __s2 += __n;
        -:  597:        for (; __n; --__n)
        -:  598:            assign(*--__s1, *--__s2);
        -:  599:    }
        -:  600:    return __r;
        -:  601:}
        -:  602:
        -:  603:template <class _CharT>
        -:  604:inline _LIBCPP_INLINE_VISIBILITY
        -:  605:_CharT*
        -:  606:char_traits<_CharT>::copy(char_type* __s1, const char_type* __s2, size_t __n)
        -:  607:{
        -:  608:    _LIBCPP_ASSERT(__s2 < __s1 || __s2 >= __s1+__n, "char_traits::copy overlapped range");
        -:  609:    char_type* __r = __s1;
        -:  610:    for (; __n; --__n, ++__s1, ++__s2)
        -:  611:        assign(*__s1, *__s2);
        -:  612:    return __r;
        -:  613:}
        -:  614:
        -:  615:template <class _CharT>
        -:  616:inline _LIBCPP_INLINE_VISIBILITY
        -:  617:_CharT*
        -:  618:char_traits<_CharT>::assign(char_type* __s, size_t __n, char_type __a)
        -:  619:{
        -:  620:    char_type* __r = __s;
        -:  621:    for (; __n; --__n, ++__s)
        -:  622:        assign(*__s, __a);
        -:  623:    return __r;
        -:  624:}
        -:  625:
        -:  626:// char_traits<char>
        -:  627:
        -:  628:template <>
        -:  629:struct _LIBCPP_TYPE_VIS_ONLY char_traits<char>
        -:  630:{
        -:  631:    typedef char      char_type;
        -:  632:    typedef int       int_type;
        -:  633:    typedef streamoff off_type;
        -:  634:    typedef streampos pos_type;
        -:  635:    typedef mbstate_t state_type;
        -:  636:
        -:  637:    _LIBCPP_INLINE_VISIBILITY
function _ZNSt3__111char_traitsIcE6assignERcRKc called 1914 returned 100% blocks executed 100%
        -:  638:    static void assign(char_type& __c1, const char_type& __c2) _NOEXCEPT
     1914:  639:        {__c1 = __c2;}
        -:  640:    _LIBCPP_INLINE_VISIBILITY
function _ZNSt3__111char_traitsIcE2eqEcc called 0 returned 0% blocks executed 0%
        -:  641:    static _LIBCPP_CONSTEXPR bool eq(char_type __c1, char_type __c2) _NOEXCEPT
    #####:  642:            {return __c1 == __c2;}
        -:  643:    _LIBCPP_INLINE_VISIBILITY
        -:  644:    static _LIBCPP_CONSTEXPR bool lt(char_type __c1, char_type __c2) _NOEXCEPT
        -:  645:        {return (unsigned char)__c1 < (unsigned char)__c2;}
        -:  646:
        -:  647:    _LIBCPP_INLINE_VISIBILITY
        -:  648:    static int compare(const char_type* __s1, const char_type* __s2, size_t __n)
        -:  649:        {return memcmp(__s1, __s2, __n);}
        -:  650:    _LIBCPP_INLINE_VISIBILITY
function _ZNSt3__111char_traitsIcE6lengthEPKc called 14 returned 100% blocks executed 100%
       14:  651:    static size_t length(const char_type* __s) {return strlen(__s);}
        -:  652:    _LIBCPP_INLINE_VISIBILITY
        -:  653:    static const char_type* find(const char_type* __s, size_t __n, const char_type& __a)
        -:  654:        {return (const char_type*)memchr(__s, to_int_type(__a), __n);}
        -:  655:    _LIBCPP_INLINE_VISIBILITY
        -:  656:    static char_type* move(char_type* __s1, const char_type* __s2, size_t __n)
        -:  657:        {return (char_type*)memmove(__s1, __s2, __n);}
        -:  658:    _LIBCPP_INLINE_VISIBILITY
        -:  659:    static char_type* copy(char_type* __s1, const char_type* __s2, size_t __n)
        -:  660:        {
        -:  661:            _LIBCPP_ASSERT(__s2 < __s1 || __s2 >= __s1+__n, "char_traits::copy overlapped range");
        -:  662:            return (char_type*)memcpy(__s1, __s2, __n);
        -:  663:        }
        -:  664:    _LIBCPP_INLINE_VISIBILITY
        -:  665:    static char_type* assign(char_type* __s, size_t __n, char_type __a)
        -:  666:        {return (char_type*)memset(__s, to_int_type(__a), __n);}
        -:  667:
        -:  668:    _LIBCPP_INLINE_VISIBILITY
function _ZNSt3__111char_traitsIcE7not_eofEi called 0 returned 0% blocks executed 0%
        -:  669:    static _LIBCPP_CONSTEXPR int_type  not_eof(int_type __c) _NOEXCEPT
    #####:  670:        {return eq_int_type(__c, eof()) ? ~eof() : __c;}
branch  0 never executed
branch  1 never executed
        -:  671:    _LIBCPP_INLINE_VISIBILITY
function _ZNSt3__111char_traitsIcE12to_char_typeEi called 0 returned 0% blocks executed 0%
        -:  672:    static _LIBCPP_CONSTEXPR char_type to_char_type(int_type __c) _NOEXCEPT
    #####:  673:        {return char_type(__c);}
        -:  674:    _LIBCPP_INLINE_VISIBILITY
function _ZNSt3__111char_traitsIcE11to_int_typeEc called 0 returned 0% blocks executed 0%
        -:  675:    static _LIBCPP_CONSTEXPR int_type to_int_type(char_type __c) _NOEXCEPT
    #####:  676:        {return int_type((unsigned char)__c);}
        -:  677:    _LIBCPP_INLINE_VISIBILITY
function _ZNSt3__111char_traitsIcE11eq_int_typeEii called 0 returned 0% blocks executed 0%
        -:  678:    static _LIBCPP_CONSTEXPR bool eq_int_type(int_type __c1, int_type __c2) _NOEXCEPT
    #####:  679:        {return __c1 == __c2;}
        -:  680:    _LIBCPP_INLINE_VISIBILITY
function _ZNSt3__111char_traitsIcE3eofEv called 22 returned 100% blocks executed 100%
        -:  681:    static _LIBCPP_CONSTEXPR int_type  eof() _NOEXCEPT
       22:  682:        {return int_type(EOF);}
        -:  683:};
        -:  684:
        -:  685:// char_traits<wchar_t>
        -:  686:
        -:  687:template <>
        -:  688:struct _LIBCPP_TYPE_VIS_ONLY char_traits<wchar_t>
        -:  689:{
        -:  690:    typedef wchar_t   char_type;
        -:  691:    typedef wint_t    int_type;
        -:  692:    typedef streamoff off_type;
        -:  693:    typedef streampos pos_type;
        -:  694:    typedef mbstate_t state_type;
        -:  695:
        -:  696:    _LIBCPP_INLINE_VISIBILITY
        -:  697:    static void assign(char_type& __c1, const char_type& __c2) _NOEXCEPT
        -:  698:        {__c1 = __c2;}
        -:  699:    _LIBCPP_INLINE_VISIBILITY
        -:  700:    static _LIBCPP_CONSTEXPR bool eq(char_type __c1, char_type __c2) _NOEXCEPT
        -:  701:        {return __c1 == __c2;}
        -:  702:    _LIBCPP_INLINE_VISIBILITY
        -:  703:    static _LIBCPP_CONSTEXPR bool lt(char_type __c1, char_type __c2) _NOEXCEPT
        -:  704:        {return __c1 < __c2;}
        -:  705:
        -:  706:    _LIBCPP_INLINE_VISIBILITY
        -:  707:    static int compare(const char_type* __s1, const char_type* __s2, size_t __n)
        -:  708:        {return wmemcmp(__s1, __s2, __n);}
        -:  709:    _LIBCPP_INLINE_VISIBILITY
        -:  710:    static size_t length(const char_type* __s)
        -:  711:        {return wcslen(__s);}
        -:  712:    _LIBCPP_INLINE_VISIBILITY
        -:  713:    static const char_type* find(const char_type* __s, size_t __n, const char_type& __a)
        -:  714:        {return (const char_type*)wmemchr(__s, __a, __n);}
        -:  715:    _LIBCPP_INLINE_VISIBILITY
        -:  716:    static char_type* move(char_type* __s1, const char_type* __s2, size_t __n)
        -:  717:        {return (char_type*)wmemmove(__s1, __s2, __n);}
        -:  718:    _LIBCPP_INLINE_VISIBILITY
        -:  719:    static char_type* copy(char_type* __s1, const char_type* __s2, size_t __n)
        -:  720:        {
        -:  721:            _LIBCPP_ASSERT(__s2 < __s1 || __s2 >= __s1+__n, "char_traits::copy overlapped range");
        -:  722:            return (char_type*)wmemcpy(__s1, __s2, __n);
        -:  723:        }
        -:  724:    _LIBCPP_INLINE_VISIBILITY
        -:  725:    static char_type* assign(char_type* __s, size_t __n, char_type __a)
        -:  726:        {return (char_type*)wmemset(__s, __a, __n);}
        -:  727:
        -:  728:    _LIBCPP_INLINE_VISIBILITY
        -:  729:    static _LIBCPP_CONSTEXPR int_type  not_eof(int_type __c) _NOEXCEPT
        -:  730:        {return eq_int_type(__c, eof()) ? ~eof() : __c;}
        -:  731:    _LIBCPP_INLINE_VISIBILITY
        -:  732:    static _LIBCPP_CONSTEXPR char_type to_char_type(int_type __c) _NOEXCEPT
        -:  733:        {return char_type(__c);}
        -:  734:    _LIBCPP_INLINE_VISIBILITY
        -:  735:    static _LIBCPP_CONSTEXPR int_type to_int_type(char_type __c) _NOEXCEPT
        -:  736:        {return int_type(__c);}
        -:  737:    _LIBCPP_INLINE_VISIBILITY
        -:  738:    static _LIBCPP_CONSTEXPR bool eq_int_type(int_type __c1, int_type __c2) _NOEXCEPT
        -:  739:        {return __c1 == __c2;}
        -:  740:    _LIBCPP_INLINE_VISIBILITY
        -:  741:    static _LIBCPP_CONSTEXPR int_type eof() _NOEXCEPT
        -:  742:        {return int_type(WEOF);}
        -:  743:};
        -:  744:
        -:  745:#ifndef _LIBCPP_HAS_NO_UNICODE_CHARS
        -:  746:
        -:  747:template <>
        -:  748:struct _LIBCPP_TYPE_VIS_ONLY char_traits<char16_t>
        -:  749:{
        -:  750:    typedef char16_t       char_type;
        -:  751:    typedef uint_least16_t int_type;
        -:  752:    typedef streamoff      off_type;
        -:  753:    typedef u16streampos   pos_type;
        -:  754:    typedef mbstate_t      state_type;
        -:  755:
        -:  756:    _LIBCPP_INLINE_VISIBILITY
        -:  757:    static void assign(char_type& __c1, const char_type& __c2) _NOEXCEPT
        -:  758:        {__c1 = __c2;}
        -:  759:    _LIBCPP_INLINE_VISIBILITY
        -:  760:    static _LIBCPP_CONSTEXPR bool eq(char_type __c1, char_type __c2) _NOEXCEPT
        -:  761:        {return __c1 == __c2;}
        -:  762:    _LIBCPP_INLINE_VISIBILITY
        -:  763:    static _LIBCPP_CONSTEXPR bool lt(char_type __c1, char_type __c2) _NOEXCEPT
        -:  764:        {return __c1 < __c2;}
        -:  765:
        -:  766:    static int              compare(const char_type* __s1, const char_type* __s2, size_t __n);
        -:  767:    static size_t           length(const char_type* __s);
        -:  768:    static const char_type* find(const char_type* __s, size_t __n, const char_type& __a);
        -:  769:    static char_type*       move(char_type* __s1, const char_type* __s2, size_t __n);
        -:  770:    static char_type*       copy(char_type* __s1, const char_type* __s2, size_t __n);
        -:  771:    static char_type*       assign(char_type* __s, size_t __n, char_type __a);
        -:  772:
        -:  773:    _LIBCPP_INLINE_VISIBILITY
        -:  774:    static _LIBCPP_CONSTEXPR int_type  not_eof(int_type __c) _NOEXCEPT
        -:  775:        {return eq_int_type(__c, eof()) ? ~eof() : __c;}
        -:  776:    _LIBCPP_INLINE_VISIBILITY
        -:  777:    static _LIBCPP_CONSTEXPR char_type to_char_type(int_type __c) _NOEXCEPT
        -:  778:        {return char_type(__c);}
        -:  779:    _LIBCPP_INLINE_VISIBILITY
        -:  780:    static _LIBCPP_CONSTEXPR int_type to_int_type(char_type __c) _NOEXCEPT
        -:  781:        {return int_type(__c);}
        -:  782:    _LIBCPP_INLINE_VISIBILITY
        -:  783:    static _LIBCPP_CONSTEXPR bool eq_int_type(int_type __c1, int_type __c2) _NOEXCEPT
        -:  784:        {return __c1 == __c2;}
        -:  785:    _LIBCPP_INLINE_VISIBILITY
        -:  786:    static _LIBCPP_CONSTEXPR int_type eof() _NOEXCEPT
        -:  787:        {return int_type(0xDFFF);}
        -:  788:};
        -:  789:
        -:  790:inline _LIBCPP_INLINE_VISIBILITY
        -:  791:int
        -:  792:char_traits<char16_t>::compare(const char_type* __s1, const char_type* __s2, size_t __n)
        -:  793:{
        -:  794:    for (; __n; --__n, ++__s1, ++__s2)
        -:  795:    {
        -:  796:        if (lt(*__s1, *__s2))
        -:  797:            return -1;
        -:  798:        if (lt(*__s2, *__s1))
        -:  799:            return 1;
        -:  800:    }
        -:  801:    return 0;
        -:  802:}
        -:  803:
        -:  804:inline _LIBCPP_INLINE_VISIBILITY
        -:  805:size_t
        -:  806:char_traits<char16_t>::length(const char_type* __s)
        -:  807:{
        -:  808:    size_t __len = 0;
        -:  809:    for (; !eq(*__s, char_type(0)); ++__s)
        -:  810:        ++__len;
        -:  811:    return __len;
        -:  812:}
        -:  813:
        -:  814:inline _LIBCPP_INLINE_VISIBILITY
        -:  815:const char16_t*
        -:  816:char_traits<char16_t>::find(const char_type* __s, size_t __n, const char_type& __a)
        -:  817:{
        -:  818:    for (; __n; --__n)
        -:  819:    {
        -:  820:        if (eq(*__s, __a))
        -:  821:            return __s;
        -:  822:        ++__s;
        -:  823:    }
        -:  824:    return 0;
        -:  825:}
        -:  826:
        -:  827:inline _LIBCPP_INLINE_VISIBILITY
        -:  828:char16_t*
        -:  829:char_traits<char16_t>::move(char_type* __s1, const char_type* __s2, size_t __n)
        -:  830:{
        -:  831:    char_type* __r = __s1;
        -:  832:    if (__s1 < __s2)
        -:  833:    {
        -:  834:        for (; __n; --__n, ++__s1, ++__s2)
        -:  835:            assign(*__s1, *__s2);
        -:  836:    }
        -:  837:    else if (__s2 < __s1)
        -:  838:    {
        -:  839:        __s1 += __n;
        -:  840:        __s2 += __n;
        -:  841:        for (; __n; --__n)
        -:  842:            assign(*--__s1, *--__s2);
        -:  843:    }
        -:  844:    return __r;
        -:  845:}
        -:  846:
        -:  847:inline _LIBCPP_INLINE_VISIBILITY
        -:  848:char16_t*
        -:  849:char_traits<char16_t>::copy(char_type* __s1, const char_type* __s2, size_t __n)
        -:  850:{
        -:  851:    _LIBCPP_ASSERT(__s2 < __s1 || __s2 >= __s1+__n, "char_traits::copy overlapped range");
        -:  852:    char_type* __r = __s1;
        -:  853:    for (; __n; --__n, ++__s1, ++__s2)
        -:  854:        assign(*__s1, *__s2);
        -:  855:    return __r;
        -:  856:}
        -:  857:
        -:  858:inline _LIBCPP_INLINE_VISIBILITY
        -:  859:char16_t*
        -:  860:char_traits<char16_t>::assign(char_type* __s, size_t __n, char_type __a)
        -:  861:{
        -:  862:    char_type* __r = __s;
        -:  863:    for (; __n; --__n, ++__s)
        -:  864:        assign(*__s, __a);
        -:  865:    return __r;
        -:  866:}
        -:  867:
        -:  868:template <>
        -:  869:struct _LIBCPP_TYPE_VIS_ONLY char_traits<char32_t>
        -:  870:{
        -:  871:    typedef char32_t       char_type;
        -:  872:    typedef uint_least32_t int_type;
        -:  873:    typedef streamoff      off_type;
        -:  874:    typedef u32streampos   pos_type;
        -:  875:    typedef mbstate_t      state_type;
        -:  876:
        -:  877:    _LIBCPP_INLINE_VISIBILITY
        -:  878:    static void assign(char_type& __c1, const char_type& __c2) _NOEXCEPT
        -:  879:        {__c1 = __c2;}
        -:  880:    _LIBCPP_INLINE_VISIBILITY
        -:  881:    static _LIBCPP_CONSTEXPR bool eq(char_type __c1, char_type __c2) _NOEXCEPT
        -:  882:        {return __c1 == __c2;}
        -:  883:    _LIBCPP_INLINE_VISIBILITY
        -:  884:    static _LIBCPP_CONSTEXPR bool lt(char_type __c1, char_type __c2) _NOEXCEPT
        -:  885:        {return __c1 < __c2;}
        -:  886:
        -:  887:    static int              compare(const char_type* __s1, const char_type* __s2, size_t __n);
        -:  888:    static size_t           length(const char_type* __s);
        -:  889:    static const char_type* find(const char_type* __s, size_t __n, const char_type& __a);
        -:  890:    static char_type*       move(char_type* __s1, const char_type* __s2, size_t __n);
        -:  891:    static char_type*       copy(char_type* __s1, const char_type* __s2, size_t __n);
        -:  892:    static char_type*       assign(char_type* __s, size_t __n, char_type __a);
        -:  893:
        -:  894:    _LIBCPP_INLINE_VISIBILITY
        -:  895:    static _LIBCPP_CONSTEXPR int_type  not_eof(int_type __c) _NOEXCEPT
        -:  896:        {return eq_int_type(__c, eof()) ? ~eof() : __c;}
        -:  897:    _LIBCPP_INLINE_VISIBILITY
        -:  898:    static _LIBCPP_CONSTEXPR char_type to_char_type(int_type __c) _NOEXCEPT
        -:  899:        {return char_type(__c);}
        -:  900:    _LIBCPP_INLINE_VISIBILITY
        -:  901:    static _LIBCPP_CONSTEXPR int_type to_int_type(char_type __c) _NOEXCEPT
        -:  902:        {return int_type(__c);}
        -:  903:    _LIBCPP_INLINE_VISIBILITY
        -:  904:    static _LIBCPP_CONSTEXPR bool eq_int_type(int_type __c1, int_type __c2) _NOEXCEPT
        -:  905:        {return __c1 == __c2;}
        -:  906:    _LIBCPP_INLINE_VISIBILITY
        -:  907:    static _LIBCPP_CONSTEXPR int_type eof() _NOEXCEPT
        -:  908:        {return int_type(0xFFFFFFFF);}
        -:  909:};
        -:  910:
        -:  911:inline _LIBCPP_INLINE_VISIBILITY
        -:  912:int
        -:  913:char_traits<char32_t>::compare(const char_type* __s1, const char_type* __s2, size_t __n)
        -:  914:{
        -:  915:    for (; __n; --__n, ++__s1, ++__s2)
        -:  916:    {
        -:  917:        if (lt(*__s1, *__s2))
        -:  918:            return -1;
        -:  919:        if (lt(*__s2, *__s1))
        -:  920:            return 1;
        -:  921:    }
        -:  922:    return 0;
        -:  923:}
        -:  924:
        -:  925:inline _LIBCPP_INLINE_VISIBILITY
        -:  926:size_t
        -:  927:char_traits<char32_t>::length(const char_type* __s)
        -:  928:{
        -:  929:    size_t __len = 0;
        -:  930:    for (; !eq(*__s, char_type(0)); ++__s)
        -:  931:        ++__len;
        -:  932:    return __len;
        -:  933:}
        -:  934:
        -:  935:inline _LIBCPP_INLINE_VISIBILITY
        -:  936:const char32_t*
        -:  937:char_traits<char32_t>::find(const char_type* __s, size_t __n, const char_type& __a)
        -:  938:{
        -:  939:    for (; __n; --__n)
        -:  940:    {
        -:  941:        if (eq(*__s, __a))
        -:  942:            return __s;
        -:  943:        ++__s;
        -:  944:    }
        -:  945:    return 0;
        -:  946:}
        -:  947:
        -:  948:inline _LIBCPP_INLINE_VISIBILITY
        -:  949:char32_t*
        -:  950:char_traits<char32_t>::move(char_type* __s1, const char_type* __s2, size_t __n)
        -:  951:{
        -:  952:    char_type* __r = __s1;
        -:  953:    if (__s1 < __s2)
        -:  954:    {
        -:  955:        for (; __n; --__n, ++__s1, ++__s2)
        -:  956:            assign(*__s1, *__s2);
        -:  957:    }
        -:  958:    else if (__s2 < __s1)
        -:  959:    {
        -:  960:        __s1 += __n;
        -:  961:        __s2 += __n;
        -:  962:        for (; __n; --__n)
        -:  963:            assign(*--__s1, *--__s2);
        -:  964:    }
        -:  965:    return __r;
        -:  966:}
        -:  967:
        -:  968:inline _LIBCPP_INLINE_VISIBILITY
        -:  969:char32_t*
        -:  970:char_traits<char32_t>::copy(char_type* __s1, const char_type* __s2, size_t __n)
        -:  971:{
        -:  972:    _LIBCPP_ASSERT(__s2 < __s1 || __s2 >= __s1+__n, "char_traits::copy overlapped range");
        -:  973:    char_type* __r = __s1;
        -:  974:    for (; __n; --__n, ++__s1, ++__s2)
        -:  975:        assign(*__s1, *__s2);
        -:  976:    return __r;
        -:  977:}
        -:  978:
        -:  979:inline _LIBCPP_INLINE_VISIBILITY
        -:  980:char32_t*
        -:  981:char_traits<char32_t>::assign(char_type* __s, size_t __n, char_type __a)
        -:  982:{
        -:  983:    char_type* __r = __s;
        -:  984:    for (; __n; --__n, ++__s)
        -:  985:        assign(*__s, __a);
        -:  986:    return __r;
        -:  987:}
        -:  988:
        -:  989:#endif  // _LIBCPP_HAS_NO_UNICODE_CHARS
        -:  990:
        -:  991:// helper fns for basic_string
        -:  992:
        -:  993:template<class _CharT, class _SizeT, class _Traits, _SizeT __npos>
        -:  994:_SizeT _LIBCPP_INLINE_VISIBILITY __find_first_of(const _CharT *__p, _SizeT __sz,
        -:  995:    const _CharT* __s, _SizeT __pos, _SizeT __n) _NOEXCEPT
        -:  996:{
        -:  997:    if (__pos >= __sz || __n == 0)
        -:  998:        return __npos;
        -:  999:    const _CharT* __r = _VSTD::find_first_of
        -: 1000:        (__p + __pos, __p + __sz, __s, __s + __n, _Traits::eq );
        -: 1001:    if (__r == __p + __sz)
        -: 1002:        return __npos;
        -: 1003:    return static_cast<_SizeT>(__r - __p);
        -: 1004:}
        -: 1005:
        -: 1006:template<class _CharT, class _SizeT, class _Traits, _SizeT __npos>
        -: 1007:_SizeT _LIBCPP_INLINE_VISIBILITY __find_last_of(const _CharT *__p, _SizeT __sz,
        -: 1008:    const _CharT* __s, _SizeT __pos, _SizeT __n) _NOEXCEPT
        -: 1009:    {
        -: 1010:    if (__n != 0)
        -: 1011:    {
        -: 1012:        if (__pos < __sz)
        -: 1013:            ++__pos;
        -: 1014:        else
        -: 1015:            __pos = __sz;
        -: 1016:        for (const _CharT* __ps = __p + __pos; __ps != __p;)
        -: 1017:        {
        -: 1018:            const _CharT* __r = _Traits::find(__s, __n, *--__ps);
        -: 1019:            if (__r)
        -: 1020:                return static_cast<_SizeT>(__ps - __p);
        -: 1021:        }
        -: 1022:    }
        -: 1023:    return __npos;
        -: 1024:}
        -: 1025:
        -: 1026:
        -: 1027:template<class _CharT, class _SizeT, class _Traits, _SizeT __npos>
        -: 1028:_SizeT _LIBCPP_INLINE_VISIBILITY __find_first_not_of(const _CharT *__p, _SizeT __sz,
        -: 1029:    const _CharT* __s, _SizeT __pos, _SizeT __n) _NOEXCEPT
        -: 1030:{
        -: 1031:    if (__pos < __sz)
        -: 1032:    {
        -: 1033:        const _CharT* __pe = __p + __sz;
        -: 1034:        for (const _CharT* __ps = __p + __pos; __ps != __pe; ++__ps)
        -: 1035:            if (_Traits::find(__s, __n, *__ps) == 0)
        -: 1036:                return static_cast<_SizeT>(__ps - __p);
        -: 1037:    }
        -: 1038:    return __npos;
        -: 1039:}
        -: 1040:
        -: 1041:
        -: 1042:template<class _CharT, class _SizeT, class _Traits, _SizeT __npos>
        -: 1043:_SizeT _LIBCPP_INLINE_VISIBILITY __find_first_not_of(const _CharT *__p, _SizeT __sz,
        -: 1044:    _CharT __c, _SizeT __pos) _NOEXCEPT
        -: 1045:{
        -: 1046:    if (__pos < __sz)
        -: 1047:    {
        -: 1048:        const _CharT* __pe = __p + __sz;
        -: 1049:        for (const _CharT* __ps = __p + __pos; __ps != __pe; ++__ps)
        -: 1050:            if (!_Traits::eq(*__ps, __c))
        -: 1051:                return static_cast<_SizeT>(__ps - __p);
        -: 1052:    }
        -: 1053:    return __npos;
        -: 1054:}
        -: 1055:
        -: 1056:
        -: 1057:template<class _CharT, class _SizeT, class _Traits, _SizeT __npos>
        -: 1058:_SizeT _LIBCPP_INLINE_VISIBILITY __find_last_not_of(const _CharT *__p, _SizeT __sz,
        -: 1059:        const _CharT* __s, _SizeT __pos, _SizeT __n) _NOEXCEPT
        -: 1060:{
        -: 1061:    if (__pos < __sz)
        -: 1062:        ++__pos;
        -: 1063:    else
        -: 1064:        __pos = __sz;
        -: 1065:    for (const _CharT* __ps = __p + __pos; __ps != __p;)
        -: 1066:        if (_Traits::find(__s, __n, *--__ps) == 0)
        -: 1067:            return static_cast<_SizeT>(__ps - __p);
        -: 1068:    return __npos;
        -: 1069:}
        -: 1070:
        -: 1071:
        -: 1072:template<class _CharT, class _SizeT, class _Traits, _SizeT __npos>
        -: 1073:_SizeT _LIBCPP_INLINE_VISIBILITY __find_last_not_of(const _CharT *__p, _SizeT __sz,
        -: 1074:        _CharT __c, _SizeT __pos) _NOEXCEPT
        -: 1075:{
        -: 1076:    if (__pos < __sz)
        -: 1077:        ++__pos;
        -: 1078:    else
        -: 1079:        __pos = __sz;
        -: 1080:    for (const _CharT* __ps = __p + __pos; __ps != __p;)
        -: 1081:        if (!_Traits::eq(*--__ps, __c))
        -: 1082:            return static_cast<_SizeT>(__ps - __p);
        -: 1083:    return __npos;
        -: 1084:}
        -: 1085:
        -: 1086:template<class _Ptr>
        -: 1087:size_t _LIBCPP_INLINE_VISIBILITY __do_string_hash(_Ptr __p, _Ptr __e)
        -: 1088:{
        -: 1089:    typedef typename iterator_traits<_Ptr>::value_type value_type;
        -: 1090:    return __murmur2_or_cityhash<size_t>()(__p, (__e-__p)*sizeof(value_type));
        -: 1091:}
        -: 1092:
        -: 1093:// basic_string
        -: 1094:
        -: 1095:template<class _CharT, class _Traits, class _Allocator>
        -: 1096:basic_string<_CharT, _Traits, _Allocator>
        -: 1097:operator+(const basic_string<_CharT, _Traits, _Allocator>& __x,
        -: 1098:          const basic_string<_CharT, _Traits, _Allocator>& __y);
        -: 1099:
        -: 1100:template<class _CharT, class _Traits, class _Allocator>
        -: 1101:basic_string<_CharT, _Traits, _Allocator>
        -: 1102:operator+(const _CharT* __x, const basic_string<_CharT,_Traits,_Allocator>& __y);
        -: 1103:
        -: 1104:template<class _CharT, class _Traits, class _Allocator>
        -: 1105:basic_string<_CharT, _Traits, _Allocator>
        -: 1106:operator+(_CharT __x, const basic_string<_CharT,_Traits,_Allocator>& __y);
        -: 1107:
        -: 1108:template<class _CharT, class _Traits, class _Allocator>
        -: 1109:basic_string<_CharT, _Traits, _Allocator>
        -: 1110:operator+(const basic_string<_CharT, _Traits, _Allocator>& __x, const _CharT* __y);
        -: 1111:
        -: 1112:template<class _CharT, class _Traits, class _Allocator>
        -: 1113:basic_string<_CharT, _Traits, _Allocator>
        -: 1114:operator+(const basic_string<_CharT, _Traits, _Allocator>& __x, _CharT __y);
        -: 1115:
        -: 1116:template <bool>
        -: 1117:class _LIBCPP_TYPE_VIS_ONLY __basic_string_common
        -: 1118:{
        -: 1119:protected:
        -: 1120:    void __throw_length_error() const;
        -: 1121:    void __throw_out_of_range() const;
        -: 1122:};
        -: 1123:
        -: 1124:template <bool __b>
        -: 1125:void
        -: 1126:__basic_string_common<__b>::__throw_length_error() const
        -: 1127:{
        -: 1128:#ifndef _LIBCPP_NO_EXCEPTIONS
        -: 1129:    throw length_error("basic_string");
        -: 1130:#else
        -: 1131:    assert(!"basic_string length_error");
        -: 1132:#endif
        -: 1133:}
        -: 1134:
        -: 1135:template <bool __b>
        -: 1136:void
        -: 1137:__basic_string_common<__b>::__throw_out_of_range() const
        -: 1138:{
        -: 1139:#ifndef _LIBCPP_NO_EXCEPTIONS
        -: 1140:    throw out_of_range("basic_string");
        -: 1141:#else
        -: 1142:    assert(!"basic_string out_of_range");
        -: 1143:#endif
        -: 1144:}
        -: 1145:
        -: 1146:#ifdef _LIBCPP_MSVC
        -: 1147:#pragma warning( push )
        -: 1148:#pragma warning( disable: 4231 )
        -: 1149:#endif // _LIBCPP_MSVC
        -: 1150:_LIBCPP_EXTERN_TEMPLATE(class _LIBCPP_TYPE_VIS __basic_string_common<true>)
        -: 1151:#ifdef _LIBCPP_MSVC
        -: 1152:#pragma warning( pop )
        -: 1153:#endif // _LIBCPP_MSVC
        -: 1154:
        -: 1155:#ifdef _LIBCPP_ALTERNATE_STRING_LAYOUT
        -: 1156:
        -: 1157:template <class _CharT, size_t = sizeof(_CharT)>
        -: 1158:struct __padding
        -: 1159:{
        -: 1160:    unsigned char __xx[sizeof(_CharT)-1];
        -: 1161:};
        -: 1162:
        -: 1163:template <class _CharT>
        -: 1164:struct __padding<_CharT, 1>
        -: 1165:{
        -: 1166:};
        -: 1167:
        -: 1168:#endif  // _LIBCPP_ALTERNATE_STRING_LAYOUT
        -: 1169:
        -: 1170:template<class _CharT, class _Traits, class _Allocator>
        -: 1171:class _LIBCPP_TYPE_VIS_ONLY basic_string
        -: 1172:    : private __basic_string_common<true>
        -: 1173:{
        -: 1174:public:
        -: 1175:    typedef basic_string                                 __self;
        -: 1176:    typedef _Traits                                      traits_type;
        -: 1177:    typedef typename traits_type::char_type              value_type;
        -: 1178:    typedef _Allocator                                   allocator_type;
        -: 1179:    typedef allocator_traits<allocator_type>             __alloc_traits;
        -: 1180:    typedef typename __alloc_traits::size_type           size_type;
        -: 1181:    typedef typename __alloc_traits::difference_type     difference_type;
        -: 1182:    typedef value_type&                                  reference;
        -: 1183:    typedef const value_type&                            const_reference;
        -: 1184:    typedef typename __alloc_traits::pointer             pointer;
        -: 1185:    typedef typename __alloc_traits::const_pointer       const_pointer;
        -: 1186:
        -: 1187:    static_assert(is_pod<value_type>::value, "Character type of basic_string must be a POD");
        -: 1188:    static_assert((is_same<_CharT, value_type>::value),
        -: 1189:                  "traits_type::char_type must be the same type as CharT");
        -: 1190:    static_assert((is_same<typename allocator_type::value_type, value_type>::value),
        -: 1191:                  "Allocator::value_type must be same type as value_type");
        -: 1192:#if defined(_LIBCPP_RAW_ITERATORS)
        -: 1193:    typedef pointer                                      iterator;
        -: 1194:    typedef const_pointer                                const_iterator;
        -: 1195:#else  // defined(_LIBCPP_RAW_ITERATORS)
        -: 1196:    typedef __wrap_iter<pointer>                         iterator;
        -: 1197:    typedef __wrap_iter<const_pointer>                   const_iterator;
        -: 1198:#endif  // defined(_LIBCPP_RAW_ITERATORS)
        -: 1199:    typedef _VSTD::reverse_iterator<iterator>             reverse_iterator;
        -: 1200:    typedef _VSTD::reverse_iterator<const_iterator>       const_reverse_iterator;
        -: 1201:
        -: 1202:private:
        -: 1203:
        -: 1204:#ifdef _LIBCPP_ALTERNATE_STRING_LAYOUT
        -: 1205:
        -: 1206:    struct __long
        -: 1207:    {
        -: 1208:        pointer   __data_;
        -: 1209:        size_type __size_;
        -: 1210:        size_type __cap_;
        -: 1211:    };
        -: 1212:
        -: 1213:#if _LIBCPP_BIG_ENDIAN
        -: 1214:    enum {__short_mask = 0x01};
        -: 1215:    enum {__long_mask  = 0x1ul};
        -: 1216:#else  // _LIBCPP_BIG_ENDIAN
        -: 1217:    enum {__short_mask = 0x80};
        -: 1218:    enum {__long_mask  = ~(size_type(~0) >> 1)};
        -: 1219:#endif  // _LIBCPP_BIG_ENDIAN
        -: 1220:
        -: 1221:    enum {__min_cap = (sizeof(__long) - 1)/sizeof(value_type) > 2 ?
        -: 1222:                      (sizeof(__long) - 1)/sizeof(value_type) : 2};
        -: 1223:
        -: 1224:    struct __short
        -: 1225:    {
        -: 1226:        value_type __data_[__min_cap];
        -: 1227:        struct
        -: 1228:            : __padding<value_type>
        -: 1229:        {
        -: 1230:            unsigned char __size_;
        -: 1231:        };
        -: 1232:    };
        -: 1233:
        -: 1234:#else
        -: 1235:
        -: 1236:    struct __long
        -: 1237:    {
        -: 1238:        size_type __cap_;
        -: 1239:        size_type __size_;
        -: 1240:        pointer   __data_;
        -: 1241:    };
        -: 1242:
        -: 1243:#if _LIBCPP_BIG_ENDIAN
        -: 1244:    enum {__short_mask = 0x80};
        -: 1245:    enum {__long_mask  = ~(size_type(~0) >> 1)};
        -: 1246:#else  // _LIBCPP_BIG_ENDIAN
        -: 1247:    enum {__short_mask = 0x01};
        -: 1248:    enum {__long_mask  = 0x1ul};
        -: 1249:#endif  // _LIBCPP_BIG_ENDIAN
        -: 1250:
        -: 1251:    enum {__min_cap = (sizeof(__long) - 1)/sizeof(value_type) > 2 ?
        -: 1252:                      (sizeof(__long) - 1)/sizeof(value_type) : 2};
        -: 1253:
        -: 1254:    struct __short
        -: 1255:    {
        -: 1256:        union
        -: 1257:        {
        -: 1258:            unsigned char __size_;
        -: 1259:            value_type __lx;
        -: 1260:        };
        -: 1261:        value_type __data_[__min_cap];
        -: 1262:    };
        -: 1263:
        -: 1264:#endif  // _LIBCPP_ALTERNATE_STRING_LAYOUT
        -: 1265:
        -: 1266:    union __ulx{__long __lx; __short __lxx;};
        -: 1267:
        -: 1268:    enum {__n_words = sizeof(__ulx) / sizeof(size_type)};
        -: 1269:
        -: 1270:    struct __raw
        -: 1271:    {
        -: 1272:        size_type __words[__n_words];
        -: 1273:    };
        -: 1274:
        -: 1275:    struct __rep
        -: 1276:    {
        -: 1277:        union
        -: 1278:        {
        -: 1279:            __long  __l;
        -: 1280:            __short __s;
        -: 1281:            __raw   __r;
        -: 1282:        };
        -: 1283:    };
        -: 1284:
        -: 1285:    __compressed_pair<__rep, allocator_type> __r_;
        -: 1286:
        -: 1287:public:
        -: 1288:    static const size_type npos = -1;
        -: 1289:
        -: 1290:    _LIBCPP_INLINE_VISIBILITY basic_string()
        -: 1291:        _NOEXCEPT_(is_nothrow_default_constructible<allocator_type>::value);
        -: 1292:    _LIBCPP_INLINE_VISIBILITY explicit basic_string(const allocator_type& __a);
        -: 1293:    basic_string(const basic_string& __str);
        -: 1294:    basic_string(const basic_string& __str, const allocator_type& __a);
        -: 1295:#ifndef _LIBCPP_HAS_NO_RVALUE_REFERENCES
        -: 1296:    _LIBCPP_INLINE_VISIBILITY
        -: 1297:    basic_string(basic_string&& __str)
        -: 1298:        _NOEXCEPT_(is_nothrow_move_constructible<allocator_type>::value);
        -: 1299:    _LIBCPP_INLINE_VISIBILITY
        -: 1300:    basic_string(basic_string&& __str, const allocator_type& __a);
        -: 1301:#endif  // _LIBCPP_HAS_NO_RVALUE_REFERENCES
        -: 1302:    _LIBCPP_INLINE_VISIBILITY basic_string(const value_type* __s);
        -: 1303:    _LIBCPP_INLINE_VISIBILITY
        -: 1304:    basic_string(const value_type* __s, const allocator_type& __a);
        -: 1305:    _LIBCPP_INLINE_VISIBILITY
        -: 1306:    basic_string(const value_type* __s, size_type __n);
        -: 1307:    _LIBCPP_INLINE_VISIBILITY
        -: 1308:    basic_string(const value_type* __s, size_type __n, const allocator_type& __a);
        -: 1309:    _LIBCPP_INLINE_VISIBILITY
        -: 1310:    basic_string(size_type __n, value_type __c);
        -: 1311:    _LIBCPP_INLINE_VISIBILITY
        -: 1312:    basic_string(size_type __n, value_type __c, const allocator_type& __a);
        -: 1313:    basic_string(const basic_string& __str, size_type __pos, size_type __n = npos,
        -: 1314:                 const allocator_type& __a = allocator_type());
        -: 1315:    template<class _InputIterator>
        -: 1316:        _LIBCPP_INLINE_VISIBILITY
        -: 1317:        basic_string(_InputIterator __first, _InputIterator __last);
        -: 1318:    template<class _InputIterator>
        -: 1319:        _LIBCPP_INLINE_VISIBILITY
        -: 1320:        basic_string(_InputIterator __first, _InputIterator __last, const allocator_type& __a);
        -: 1321:#ifndef _LIBCPP_HAS_NO_GENERALIZED_INITIALIZERS
        -: 1322:    _LIBCPP_INLINE_VISIBILITY
        -: 1323:    basic_string(initializer_list<value_type> __il);
        -: 1324:    _LIBCPP_INLINE_VISIBILITY
        -: 1325:    basic_string(initializer_list<value_type> __il, const allocator_type& __a);
        -: 1326:#endif  // _LIBCPP_HAS_NO_GENERALIZED_INITIALIZERS
        -: 1327:
        -: 1328:    ~basic_string();
        -: 1329:
        -: 1330:    basic_string& operator=(const basic_string& __str);
        -: 1331:#ifndef _LIBCPP_HAS_NO_RVALUE_REFERENCES
        -: 1332:    _LIBCPP_INLINE_VISIBILITY
        -: 1333:    basic_string& operator=(basic_string&& __str)
        -: 1334:        _NOEXCEPT_(__alloc_traits::propagate_on_container_move_assignment::value &&
        -: 1335:                   is_nothrow_move_assignable<allocator_type>::value);
        -: 1336:#endif
        -: 1337:    _LIBCPP_INLINE_VISIBILITY basic_string& operator=(const value_type* __s) {return assign(__s);}
        -: 1338:    basic_string& operator=(value_type __c);
        -: 1339:#ifndef _LIBCPP_HAS_NO_GENERALIZED_INITIALIZERS
        -: 1340:    _LIBCPP_INLINE_VISIBILITY
        -: 1341:    basic_string& operator=(initializer_list<value_type> __il) {return assign(__il.begin(), __il.size());}
        -: 1342:#endif  // _LIBCPP_HAS_NO_GENERALIZED_INITIALIZERS
        -: 1343:
        -: 1344:#if _LIBCPP_DEBUG_LEVEL >= 2
        -: 1345:    _LIBCPP_INLINE_VISIBILITY
        -: 1346:    iterator begin() _NOEXCEPT
        -: 1347:        {return iterator(this, __get_pointer());}
        -: 1348:    _LIBCPP_INLINE_VISIBILITY
        -: 1349:    const_iterator begin() const _NOEXCEPT
        -: 1350:        {return const_iterator(this, __get_pointer());}
        -: 1351:    _LIBCPP_INLINE_VISIBILITY
        -: 1352:    iterator end() _NOEXCEPT
        -: 1353:        {return iterator(this, __get_pointer() + size());}
        -: 1354:    _LIBCPP_INLINE_VISIBILITY
        -: 1355:    const_iterator end() const _NOEXCEPT
        -: 1356:        {return const_iterator(this, __get_pointer() + size());}
        -: 1357:#else
        -: 1358:    _LIBCPP_INLINE_VISIBILITY
        -: 1359:    iterator begin() _NOEXCEPT
        -: 1360:        {return iterator(__get_pointer());}
        -: 1361:    _LIBCPP_INLINE_VISIBILITY
        -: 1362:    const_iterator begin() const _NOEXCEPT
        -: 1363:        {return const_iterator(__get_pointer());}
        -: 1364:    _LIBCPP_INLINE_VISIBILITY
        -: 1365:    iterator end() _NOEXCEPT
        -: 1366:        {return iterator(__get_pointer() + size());}
        -: 1367:    _LIBCPP_INLINE_VISIBILITY
        -: 1368:    const_iterator end() const _NOEXCEPT
        -: 1369:        {return const_iterator(__get_pointer() + size());}
        -: 1370:#endif  // _LIBCPP_DEBUG_LEVEL >= 2
        -: 1371:    _LIBCPP_INLINE_VISIBILITY
        -: 1372:    reverse_iterator rbegin() _NOEXCEPT
        -: 1373:        {return reverse_iterator(end());}
        -: 1374:    _LIBCPP_INLINE_VISIBILITY
        -: 1375:    const_reverse_iterator rbegin() const _NOEXCEPT
        -: 1376:        {return const_reverse_iterator(end());}
        -: 1377:    _LIBCPP_INLINE_VISIBILITY
        -: 1378:    reverse_iterator rend() _NOEXCEPT
        -: 1379:        {return reverse_iterator(begin());}
        -: 1380:    _LIBCPP_INLINE_VISIBILITY
        -: 1381:    const_reverse_iterator rend() const _NOEXCEPT
        -: 1382:        {return const_reverse_iterator(begin());}
        -: 1383:
        -: 1384:    _LIBCPP_INLINE_VISIBILITY
        -: 1385:    const_iterator cbegin() const _NOEXCEPT
        -: 1386:        {return begin();}
        -: 1387:    _LIBCPP_INLINE_VISIBILITY
        -: 1388:    const_iterator cend() const _NOEXCEPT
        -: 1389:        {return end();}
        -: 1390:    _LIBCPP_INLINE_VISIBILITY
        -: 1391:    const_reverse_iterator crbegin() const _NOEXCEPT
        -: 1392:        {return rbegin();}
        -: 1393:    _LIBCPP_INLINE_VISIBILITY
        -: 1394:    const_reverse_iterator crend() const _NOEXCEPT
        -: 1395:        {return rend();}
        -: 1396:
function _ZNKSt3__112basic_stringIcNS_11char_traitsIcEENS_9allocatorIcEEE4sizeEv called 0 returned 0% blocks executed 0%
        -: 1397:    _LIBCPP_INLINE_VISIBILITY size_type size() const _NOEXCEPT
    #####: 1398:        {return __is_long() ? __get_long_size() : __get_short_size();}
branch  0 never executed
branch  1 never executed
        -: 1399:    _LIBCPP_INLINE_VISIBILITY size_type length() const _NOEXCEPT {return size();}
        -: 1400:    _LIBCPP_INLINE_VISIBILITY size_type max_size() const _NOEXCEPT;
function _ZNKSt3__112basic_stringIcNS_11char_traitsIcEENS_9allocatorIcEEE8capacityEv called 0 returned 0% blocks executed 0%
        -: 1401:    _LIBCPP_INLINE_VISIBILITY size_type capacity() const _NOEXCEPT
    #####: 1402:        {return (__is_long() ? __get_long_cap() : __min_cap) - 1;}
branch  0 never executed
branch  1 never executed
        -: 1403:
        -: 1404:    void resize(size_type __n, value_type __c);
function _ZNSt3__112basic_stringIcNS_11char_traitsIcEENS_9allocatorIcEEE6resizeEm called 0 returned 0% blocks executed 0%
    #####: 1405:    _LIBCPP_INLINE_VISIBILITY void resize(size_type __n) {resize(__n, value_type());}
        -: 1406:
        -: 1407:    void reserve(size_type res_arg = 0);
        -: 1408:    _LIBCPP_INLINE_VISIBILITY
        -: 1409:    void shrink_to_fit() _NOEXCEPT {reserve();}
        -: 1410:    _LIBCPP_INLINE_VISIBILITY
        -: 1411:    void clear() _NOEXCEPT;
        -: 1412:    _LIBCPP_INLINE_VISIBILITY bool empty() const _NOEXCEPT {return size() == 0;}
        -: 1413:
        -: 1414:    _LIBCPP_INLINE_VISIBILITY const_reference operator[](size_type __pos) const;
        -: 1415:    _LIBCPP_INLINE_VISIBILITY reference       operator[](size_type __pos);
        -: 1416:
        -: 1417:    const_reference at(size_type __n) const;
        -: 1418:    reference       at(size_type __n);
        -: 1419:
        -: 1420:    _LIBCPP_INLINE_VISIBILITY basic_string& operator+=(const basic_string& __str) {return append(__str);}
        -: 1421:    _LIBCPP_INLINE_VISIBILITY basic_string& operator+=(const value_type* __s)         {return append(__s);}
        -: 1422:    _LIBCPP_INLINE_VISIBILITY basic_string& operator+=(value_type __c)            {push_back(__c); return *this;}
        -: 1423:#ifndef _LIBCPP_HAS_NO_GENERALIZED_INITIALIZERS
        -: 1424:    _LIBCPP_INLINE_VISIBILITY basic_string& operator+=(initializer_list<value_type> __il) {return append(__il);}
        -: 1425:#endif  // _LIBCPP_HAS_NO_GENERALIZED_INITIALIZERS
        -: 1426:
        -: 1427:    _LIBCPP_INLINE_VISIBILITY
        -: 1428:    basic_string& append(const basic_string& __str);
        -: 1429:    basic_string& append(const basic_string& __str, size_type __pos, size_type __n);
        -: 1430:    basic_string& append(const value_type* __s, size_type __n);
        -: 1431:    basic_string& append(const value_type* __s);
        -: 1432:    basic_string& append(size_type __n, value_type __c);
        -: 1433:    template<class _InputIterator>
        -: 1434:        typename enable_if
        -: 1435:        <
        -: 1436:             __is_input_iterator  <_InputIterator>::value &&
        -: 1437:            !__is_forward_iterator<_InputIterator>::value,
        -: 1438:            basic_string&
        -: 1439:        >::type
        -: 1440:        append(_InputIterator __first, _InputIterator __last);
        -: 1441:    template<class _ForwardIterator>
        -: 1442:        typename enable_if
        -: 1443:        <
        -: 1444:            __is_forward_iterator<_ForwardIterator>::value,
        -: 1445:            basic_string&
        -: 1446:        >::type
        -: 1447:        append(_ForwardIterator __first, _ForwardIterator __last);
        -: 1448:#ifndef _LIBCPP_HAS_NO_GENERALIZED_INITIALIZERS
        -: 1449:    _LIBCPP_INLINE_VISIBILITY
        -: 1450:    basic_string& append(initializer_list<value_type> __il) {return append(__il.begin(), __il.size());}
        -: 1451:#endif  // _LIBCPP_HAS_NO_GENERALIZED_INITIALIZERS
        -: 1452:
        -: 1453:    void push_back(value_type __c);
        -: 1454:    _LIBCPP_INLINE_VISIBILITY
        -: 1455:    void pop_back();
        -: 1456:    _LIBCPP_INLINE_VISIBILITY reference       front();
        -: 1457:    _LIBCPP_INLINE_VISIBILITY const_reference front() const;
        -: 1458:    _LIBCPP_INLINE_VISIBILITY reference       back();
        -: 1459:    _LIBCPP_INLINE_VISIBILITY const_reference back() const;
        -: 1460:
        -: 1461:    _LIBCPP_INLINE_VISIBILITY
        -: 1462:    basic_string& assign(const basic_string& __str);
        -: 1463:#ifndef _LIBCPP_HAS_NO_RVALUE_REFERENCES
        -: 1464:    _LIBCPP_INLINE_VISIBILITY
        -: 1465:    basic_string& assign(basic_string&& str)
        -: 1466:        {*this = _VSTD::move(str); return *this;}
        -: 1467:#endif
        -: 1468:    basic_string& assign(const basic_string& __str, size_type __pos, size_type __n);
        -: 1469:    basic_string& assign(const value_type* __s, size_type __n);
        -: 1470:    basic_string& assign(const value_type* __s);
        -: 1471:    basic_string& assign(size_type __n, value_type __c);
        -: 1472:    template<class _InputIterator>
        -: 1473:        typename enable_if
        -: 1474:        <
        -: 1475:             __is_input_iterator  <_InputIterator>::value &&
        -: 1476:            !__is_forward_iterator<_InputIterator>::value,
        -: 1477:            basic_string&
        -: 1478:        >::type
        -: 1479:        assign(_InputIterator __first, _InputIterator __last);
        -: 1480:    template<class _ForwardIterator>
        -: 1481:        typename enable_if
        -: 1482:        <
        -: 1483:            __is_forward_iterator<_ForwardIterator>::value,
[...]
        -: 3870:operator> (const _CharT* __lhs,
        -: 3871:           const basic_string<_CharT, _Traits, _Allocator>& __rhs) _NOEXCEPT
        -: 3872:{
        -: 3873:    return __rhs < __lhs;
        -: 3874:}
        -: 3875:
        -: 3876:// operator<=
        -: 3877:
        -: 3878:template<class _CharT, class _Traits, class _Allocator>
        -: 3879:inline _LIBCPP_INLINE_VISIBILITY
        -: 3880:bool
        -: 3881:operator<=(const basic_string<_CharT, _Traits, _Allocator>& __lhs,
        -: 3882:           const basic_string<_CharT, _Traits, _Allocator>& __rhs) _NOEXCEPT
        -: 3883:{
        -: 3884:    return !(__rhs < __lhs);
        -: 3885:}
        -: 3886:
        -: 3887:template<class _CharT, class _Traits, class _Allocator>
        -: 3888:inline _LIBCPP_INLINE_VISIBILITY
        -: 3889:bool
        -: 3890:operator<=(const basic_string<_CharT, _Traits, _Allocator>& __lhs,
        -: 3891:           const _CharT* __rhs) _NOEXCEPT
        -: 3892:{
        -: 3893:    return !(__rhs < __lhs);
        -: 3894:}
        -: 3895:
        -: 3896:template<class _CharT, class _Traits, class _Allocator>
        -: 3897:inline _LIBCPP_INLINE_VISIBILITY
        -: 3898:bool
        -: 3899:operator<=(const _CharT* __lhs,
        -: 3900:           const basic_string<_CharT, _Traits, _Allocator>& __rhs) _NOEXCEPT
        -: 3901:{
        -: 3902:    return !(__rhs < __lhs);
        -: 3903:}
        -: 3904:
        -: 3905:// operator>=
        -: 3906:
        -: 3907:template<class _CharT, class _Traits, class _Allocator>
        -: 3908:inline _LIBCPP_INLINE_VISIBILITY
        -: 3909:bool
        -: 3910:operator>=(const basic_string<_CharT, _Traits, _Allocator>& __lhs,
        -: 3911:           const basic_string<_CharT, _Traits, _Allocator>& __rhs) _NOEXCEPT
        -: 3912:{
        -: 3913:    return !(__lhs < __rhs);
        -: 3914:}
        -: 3915:
        -: 3916:template<class _CharT, class _Traits, class _Allocator>
        -: 3917:inline _LIBCPP_INLINE_VISIBILITY
        -: 3918:bool
        -: 3919:operator>=(const basic_string<_CharT, _Traits, _Allocator>& __lhs,
        -: 3920:           const _CharT* __rhs) _NOEXCEPT
        -: 3921:{
        -: 3922:    return !(__lhs < __rhs);
        -: 3923:}
        -: 3924:
        -: 3925:template<class _CharT, class _Traits, class _Allocator>
        -: 3926:inline _LIBCPP_INLINE_VISIBILITY
        -: 3927:bool
        -: 3928:operator>=(const _CharT* __lhs,
        -: 3929:           const basic_string<_CharT, _Traits, _Allocator>& __rhs) _NOEXCEPT
        -: 3930:{
        -: 3931:    return !(__lhs < __rhs);
        -: 3932:}
        -: 3933:
        -: 3934:// operator +
        -: 3935:
        -: 3936:template<class _CharT, class _Traits, class _Allocator>
        -: 3937:basic_string<_CharT, _Traits, _Allocator>
        -: 3938:operator+(const basic_string<_CharT, _Traits, _Allocator>& __lhs,
        -: 3939:          const basic_string<_CharT, _Traits, _Allocator>& __rhs)
        -: 3940:{
        -: 3941:    basic_string<_CharT, _Traits, _Allocator> __r(__lhs.get_allocator());
        -: 3942:    typename basic_string<_CharT, _Traits, _Allocator>::size_type __lhs_sz = __lhs.size();
        -: 3943:    typename basic_string<_CharT, _Traits, _Allocator>::size_type __rhs_sz = __rhs.size();
        -: 3944:    __r.__init(__lhs.data(), __lhs_sz, __lhs_sz + __rhs_sz);
        -: 3945:    __r.append(__rhs.data(), __rhs_sz);
        -: 3946:    return __r;
        -: 3947:}
        -: 3948:
        -: 3949:template<class _CharT, class _Traits, class _Allocator>
        -: 3950:basic_string<_CharT, _Traits, _Allocator>
        -: 3951:operator+(const _CharT* __lhs , const basic_string<_CharT,_Traits,_Allocator>& __rhs)
        -: 3952:{
        -: 3953:    basic_string<_CharT, _Traits, _Allocator> __r(__rhs.get_allocator());
        -: 3954:    typename basic_string<_CharT, _Traits, _Allocator>::size_type __lhs_sz = _Traits::length(__lhs);
        -: 3955:    typename basic_string<_CharT, _Traits, _Allocator>::size_type __rhs_sz = __rhs.size();
        -: 3956:    __r.__init(__lhs, __lhs_sz, __lhs_sz + __rhs_sz);
        -: 3957:    __r.append(__rhs.data(), __rhs_sz);
        -: 3958:    return __r;
        -: 3959:}
        -: 3960:
        -: 3961:template<class _CharT, class _Traits, class _Allocator>
        -: 3962:basic_string<_CharT, _Traits, _Allocator>
        -: 3963:operator+(_CharT __lhs, const basic_string<_CharT,_Traits,_Allocator>& __rhs)
        -: 3964:{
        -: 3965:    basic_string<_CharT, _Traits, _Allocator> __r(__rhs.get_allocator());
        -: 3966:    typename basic_string<_CharT, _Traits, _Allocator>::size_type __rhs_sz = __rhs.size();
        -: 3967:    __r.__init(&__lhs, 1, 1 + __rhs_sz);
        -: 3968:    __r.append(__rhs.data(), __rhs_sz);
        -: 3969:    return __r;
        -: 3970:}
        -: 3971:
        -: 3972:template<class _CharT, class _Traits, class _Allocator>
        -: 3973:basic_string<_CharT, _Traits, _Allocator>
        -: 3974:operator+(const basic_string<_CharT, _Traits, _Allocator>& __lhs, const _CharT* __rhs)
        -: 3975:{
        -: 3976:    basic_string<_CharT, _Traits, _Allocator> __r(__lhs.get_allocator());
        -: 3977:    typename basic_string<_CharT, _Traits, _Allocator>::size_type __lhs_sz = __lhs.size();
        -: 3978:    typename basic_string<_CharT, _Traits, _Allocator>::size_type __rhs_sz = _Traits::length(__rhs);
        -: 3979:    __r.__init(__lhs.data(), __lhs_sz, __lhs_sz + __rhs_sz);
        -: 3980:    __r.append(__rhs, __rhs_sz);
        -: 3981:    return __r;
        -: 3982:}
        -: 3983:
        -: 3984:template<class _CharT, class _Traits, class _Allocator>
        -: 3985:basic_string<_CharT, _Traits, _Allocator>
        -: 3986:operator+(const basic_string<_CharT, _Traits, _Allocator>& __lhs, _CharT __rhs)
        -: 3987:{
        -: 3988:    basic_string<_CharT, _Traits, _Allocator> __r(__lhs.get_allocator());
        -: 3989:    typename basic_string<_CharT, _Traits, _Allocator>::size_type __lhs_sz = __lhs.size();
        -: 3990:    __r.__init(__lhs.data(), __lhs_sz, __lhs_sz + 1);
        -: 3991:    __r.push_back(__rhs);
        -: 3992:    return __r;
        -: 3993:}
        -: 3994:
        -: 3995:#ifndef _LIBCPP_HAS_NO_RVALUE_REFERENCES
        -: 3996:
        -: 3997:template<class _CharT, class _Traits, class _Allocator>
        -: 3998:inline _LIBCPP_INLINE_VISIBILITY
        -: 3999:basic_string<_CharT, _Traits, _Allocator>
        -: 4000:operator+(basic_string<_CharT, _Traits, _Allocator>&& __lhs, const basic_string<_CharT, _Traits, _Allocator>& __rhs)
        -: 4001:{
        -: 4002:    return _VSTD::move(__lhs.append(__rhs));
        -: 4003:}
        -: 4004:
        -: 4005:template<class _CharT, class _Traits, class _Allocator>
        -: 4006:inline _LIBCPP_INLINE_VISIBILITY
        -: 4007:basic_string<_CharT, _Traits, _Allocator>
        -: 4008:operator+(const basic_string<_CharT, _Traits, _Allocator>& __lhs, basic_string<_CharT, _Traits, _Allocator>&& __rhs)
        -: 4009:{
        -: 4010:    return _VSTD::move(__rhs.insert(0, __lhs));
        -: 4011:}
        -: 4012:
        -: 4013:template<class _CharT, class _Traits, class _Allocator>
        -: 4014:inline _LIBCPP_INLINE_VISIBILITY
        -: 4015:basic_string<_CharT, _Traits, _Allocator>
        -: 4016:operator+(basic_string<_CharT, _Traits, _Allocator>&& __lhs, basic_string<_CharT, _Traits, _Allocator>&& __rhs)
        -: 4017:{
        -: 4018:    return _VSTD::move(__lhs.append(__rhs));
        -: 4019:}
        -: 4020:
        -: 4021:template<class _CharT, class _Traits, class _Allocator>
        -: 4022:inline _LIBCPP_INLINE_VISIBILITY
        -: 4023:basic_string<_CharT, _Traits, _Allocator>
        -: 4024:operator+(const _CharT* __lhs , basic_string<_CharT,_Traits,_Allocator>&& __rhs)
        -: 4025:{
        -: 4026:    return _VSTD::move(__rhs.insert(0, __lhs));
        -: 4027:}
        -: 4028:
        -: 4029:template<class _CharT, class _Traits, class _Allocator>
        -: 4030:inline _LIBCPP_INLINE_VISIBILITY
        -: 4031:basic_string<_CharT, _Traits, _Allocator>
        -: 4032:operator+(_CharT __lhs, basic_string<_CharT,_Traits,_Allocator>&& __rhs)
        -: 4033:{
        -: 4034:    __rhs.insert(__rhs.begin(), __lhs);
        -: 4035:    return _VSTD::move(__rhs);
        -: 4036:}
        -: 4037:
        -: 4038:template<class _CharT, class _Traits, class _Allocator>
        -: 4039:inline _LIBCPP_INLINE_VISIBILITY
        -: 4040:basic_string<_CharT, _Traits, _Allocator>
        -: 4041:operator+(basic_string<_CharT, _Traits, _Allocator>&& __lhs, const _CharT* __rhs)
        -: 4042:{
        -: 4043:    return _VSTD::move(__lhs.append(__rhs));
        -: 4044:}
        -: 4045:
        -: 4046:template<class _CharT, class _Traits, class _Allocator>
        -: 4047:inline _LIBCPP_INLINE_VISIBILITY
        -: 4048:basic_string<_CharT, _Traits, _Allocator>
        -: 4049:operator+(basic_string<_CharT, _Traits, _Allocator>&& __lhs, _CharT __rhs)
        -: 4050:{
        -: 4051:    __lhs.push_back(__rhs);
        -: 4052:    return _VSTD::move(__lhs);
        -: 4053:}
        -: 4054:
        -: 4055:#endif  // _LIBCPP_HAS_NO_RVALUE_REFERENCES
        -: 4056:
        -: 4057:// swap
        -: 4058:
        -: 4059:template<class _CharT, class _Traits, class _Allocator>
        -: 4060:inline _LIBCPP_INLINE_VISIBILITY
        -: 4061:void
        -: 4062:swap(basic_string<_CharT, _Traits, _Allocator>& __lhs,
        -: 4063:     basic_string<_CharT, _Traits, _Allocator>& __rhs)
        -: 4064:     _NOEXCEPT_(_NOEXCEPT_(__lhs.swap(__rhs)))
        -: 4065:{
        -: 4066:    __lhs.swap(__rhs);
        -: 4067:}
        -: 4068:
        -: 4069:#ifndef _LIBCPP_HAS_NO_UNICODE_CHARS
        -: 4070:
        -: 4071:typedef basic_string<char16_t> u16string;
        -: 4072:typedef basic_string<char32_t> u32string;
        -: 4073:
        -: 4074:#endif  // _LIBCPP_HAS_NO_UNICODE_CHARS
        -: 4075:
        -: 4076:_LIBCPP_FUNC_VIS int                stoi  (const string& __str, size_t* __idx = 0, int __base = 10);
        -: 4077:_LIBCPP_FUNC_VIS long               stol  (const string& __str, size_t* __idx = 0, int __base = 10);
        -: 4078:_LIBCPP_FUNC_VIS unsigned long      stoul (const string& __str, size_t* __idx = 0, int __base = 10);
        -: 4079:_LIBCPP_FUNC_VIS long long          stoll (const string& __str, size_t* __idx = 0, int __base = 10);
        -: 4080:_LIBCPP_FUNC_VIS unsigned long long stoull(const string& __str, size_t* __idx = 0, int __base = 10);
        -: 4081:
        -: 4082:_LIBCPP_FUNC_VIS float       stof (const string& __str, size_t* __idx = 0);
        -: 4083:_LIBCPP_FUNC_VIS double      stod (const string& __str, size_t* __idx = 0);
        -: 4084:_LIBCPP_FUNC_VIS long double stold(const string& __str, size_t* __idx = 0);
        -: 4085:
        -: 4086:_LIBCPP_FUNC_VIS string to_string(int __val);
        -: 4087:_LIBCPP_FUNC_VIS string to_string(unsigned __val);
        -: 4088:_LIBCPP_FUNC_VIS string to_string(long __val);
        -: 4089:_LIBCPP_FUNC_VIS string to_string(unsigned long __val);
        -: 4090:_LIBCPP_FUNC_VIS string to_string(long long __val);
        -: 4091:_LIBCPP_FUNC_VIS string to_string(unsigned long long __val);
        -: 4092:_LIBCPP_FUNC_VIS string to_string(float __val);
        -: 4093:_LIBCPP_FUNC_VIS string to_string(double __val);
        -: 4094:_LIBCPP_FUNC_VIS string to_string(long double __val);
        -: 4095:
        -: 4096:_LIBCPP_FUNC_VIS int                stoi  (const wstring& __str, size_t* __idx = 0, int __base = 10);
        -: 4097:_LIBCPP_FUNC_VIS long               stol  (const wstring& __str, size_t* __idx = 0, int __base = 10);
        -: 4098:_LIBCPP_FUNC_VIS unsigned long      stoul (const wstring& __str, size_t* __idx = 0, int __base = 10);
        -: 4099:_LIBCPP_FUNC_VIS long long          stoll (const wstring& __str, size_t* __idx = 0, int __base = 10);
        -: 4100:_LIBCPP_FUNC_VIS unsigned long long stoull(const wstring& __str, size_t* __idx = 0, int __base = 10);
        -: 4101:
        -: 4102:_LIBCPP_FUNC_VIS float       stof (const wstring& __str, size_t* __idx = 0);
        -: 4103:_LIBCPP_FUNC_VIS double      stod (const wstring& __str, size_t* __idx = 0);
        -: 4104:_LIBCPP_FUNC_VIS long double stold(const wstring& __str, size_t* __idx = 0);
        -: 4105:
        -: 4106:_LIBCPP_FUNC_VIS wstring to_wstring(int __val);
        -: 4107:_LIBCPP_FUNC_VIS wstring to_wstring(unsigned __val);
        -: 4108:_LIBCPP_FUNC_VIS wstring to_wstring(long __val);
        -: 4109:_LIBCPP_FUNC_VIS wstring to_wstring(unsigned long __val);
        -: 4110:_LIBCPP_FUNC_VIS wstring to_wstring(long long __val);
        -: 4111:_LIBCPP_FUNC_VIS wstring to_wstring(unsigned long long __val);
        -: 4112:_LIBCPP_FUNC_VIS wstring to_wstring(float __val);
        -: 4113:_LIBCPP_FUNC_VIS wstring to_wstring(double __val);
        -: 4114:_LIBCPP_FUNC_VIS wstring to_wstring(long double __val);
        -: 4115:
        -: 4116:template<class _CharT, class _Traits, class _Allocator>
        -: 4117:    const typename basic_string<_CharT, _Traits, _Allocator>::size_type
        -: 4118:                   basic_string<_CharT, _Traits, _Allocator>::npos;
        -: 4119:
        -: 4120:template<class _CharT, class _Traits, class _Allocator>
        -: 4121:struct _LIBCPP_TYPE_VIS_ONLY hash<basic_string<_CharT, _Traits, _Allocator> >
        -: 4122:    : public unary_function<basic_string<_CharT, _Traits, _Allocator>, size_t>
        -: 4123:{
        -: 4124:    size_t
        -: 4125:        operator()(const basic_string<_CharT, _Traits, _Allocator>& __val) const _NOEXCEPT;
        -: 4126:};
        -: 4127:
        -: 4128:template<class _CharT, class _Traits, class _Allocator>
        -: 4129:size_t
        -: 4130:hash<basic_string<_CharT, _Traits, _Allocator> >::operator()(
        -: 4131:        const basic_string<_CharT, _Traits, _Allocator>& __val) const _NOEXCEPT
        -: 4132:{
        -: 4133:    return __do_string_hash(__val.data(), __val.data() + __val.size());
        -: 4134:}
        -: 4135:
        -: 4136:template<class _CharT, class _Traits, class _Allocator>
        -: 4137:basic_ostream<_CharT, _Traits>&
        -: 4138:operator<<(basic_ostream<_CharT, _Traits>& __os,
        -: 4139:           const basic_string<_CharT, _Traits, _Allocator>& __str);
        -: 4140:
        -: 4141:template<class _CharT, class _Traits, class _Allocator>
        -: 4142:basic_istream<_CharT, _Traits>&
        -: 4143:operator>>(basic_istream<_CharT, _Traits>& __is,
        -: 4144:           basic_string<_CharT, _Traits, _Allocator>& __str);
        -: 4145:
        -: 4146:template<class _CharT, class _Traits, class _Allocator>
        -: 4147:basic_istream<_CharT, _Traits>&
        -: 4148:getline(basic_istream<_CharT, _Traits>& __is,
        -: 4149:        basic_string<_CharT, _Traits, _Allocator>& __str, _CharT __dlm);
        -: 4150:
        -: 4151:template<class _CharT, class _Traits, class _Allocator>
        -: 4152:inline _LIBCPP_INLINE_VISIBILITY
        -: 4153:basic_istream<_CharT, _Traits>&
        -: 4154:getline(basic_istream<_CharT, _Traits>& __is,
        -: 4155:        basic_string<_CharT, _Traits, _Allocator>& __str);
        -: 4156:
        -: 4157:#ifndef _LIBCPP_HAS_NO_RVALUE_REFERENCES
        -: 4158:
        -: 4159:template<class _CharT, class _Traits, class _Allocator>
        -: 4160:inline _LIBCPP_INLINE_VISIBILITY
        -: 4161:basic_istream<_CharT, _Traits>&
        -: 4162:getline(basic_istream<_CharT, _Traits>&& __is,
        -: 4163:        basic_string<_CharT, _Traits, _Allocator>& __str, _CharT __dlm);
        -: 4164:
        -: 4165:template<class _CharT, class _Traits, class _Allocator>
        -: 4166:inline _LIBCPP_INLINE_VISIBILITY
        -: 4167:basic_istream<_CharT, _Traits>&
        -: 4168:getline(basic_istream<_CharT, _Traits>&& __is,
        -: 4169:        basic_string<_CharT, _Traits, _Allocator>& __str);
        -: 4170:
        -: 4171:#endif  // _LIBCPP_HAS_NO_RVALUE_REFERENCES
        -: 4172:
        -: 4173:#if _LIBCPP_DEBUG_LEVEL >= 2
        -: 4174:
        -: 4175:template<class _CharT, class _Traits, class _Allocator>
        -: 4176:bool
        -: 4177:basic_string<_CharT, _Traits, _Allocator>::__dereferenceable(const const_iterator* __i) const
        -: 4178:{
        -: 4179:    return this->data() <= _VSTD::__to_raw_pointer(__i->base()) &&
        -: 4180:           _VSTD::__to_raw_pointer(__i->base()) < this->data() + this->size();
        -: 4181:}
        -: 4182:
        -: 4183:template<class _CharT, class _Traits, class _Allocator>
        -: 4184:bool
        -: 4185:basic_string<_CharT, _Traits, _Allocator>::__decrementable(const const_iterator* __i) const
        -: 4186:{
        -: 4187:    return this->data() < _VSTD::__to_raw_pointer(__i->base()) &&
        -: 4188:           _VSTD::__to_raw_pointer(__i->base()) <= this->data() + this->size();
        -: 4189:}
        -: 4190:
        -: 4191:template<class _CharT, class _Traits, class _Allocator>
        -: 4192:bool
        -: 4193:basic_string<_CharT, _Traits, _Allocator>::__addable(const const_iterator* __i, ptrdiff_t __n) const
        -: 4194:{
        -: 4195:    const value_type* __p = _VSTD::__to_raw_pointer(__i->base()) + __n;
        -: 4196:    return this->data() <= __p && __p <= this->data() + this->size();
        -: 4197:}
        -: 4198:
        -: 4199:template<class _CharT, class _Traits, class _Allocator>
        -: 4200:bool
        -: 4201:basic_string<_CharT, _Traits, _Allocator>::__subscriptable(const const_iterator* __i, ptrdiff_t __n) const
        -: 4202:{
        -: 4203:    const value_type* __p = _VSTD::__to_raw_pointer(__i->base()) + __n;
        -: 4204:    return this->data() <= __p && __p < this->data() + this->size();
        -: 4205:}
        -: 4206:
        -: 4207:#endif  // _LIBCPP_DEBUG_LEVEL >= 2
        -: 4208:
        -: 4209:#if _LIBCPP_STD_VER > 11 
        -: 4210:// Literal suffixes for basic_string [basic.string.literals]
        -: 4211:inline namespace literals
        -: 4212:{
        -: 4213:  inline namespace string_literals
        -: 4214:  {
        -: 4215:    inline _LIBCPP_INLINE_VISIBILITY
        -: 4216:    basic_string<char> operator "" s( const char *__str, size_t __len )
        -: 4217:    {
        -: 4218:        return basic_string<char> (__str, __len);
        -: 4219:    }
        -: 4220:
        -: 4221:    inline _LIBCPP_INLINE_VISIBILITY
        -: 4222:    basic_string<wchar_t> operator "" s( const wchar_t *__str, size_t __len )
        -: 4223:    {
        -: 4224:        return basic_string<wchar_t> (__str, __len);
        -: 4225:    }
        -: 4226:
        -: 4227:    inline _LIBCPP_INLINE_VISIBILITY
        -: 4228:    basic_string<char16_t> operator "" s( const char16_t *__str, size_t __len )
        -: 4229:    {
        -: 4230:        return basic_string<char16_t> (__str, __len);
        -: 4231:    }
        -: 4232:
        -: 4233:    inline _LIBCPP_INLINE_VISIBILITY
        -: 4234:    basic_string<char32_t> operator "" s( const char32_t *__str, size_t __len )
        -: 4235:    {
        -: 4236:        return basic_string<char32_t> (__str, __len);
        -: 4237:    }
        -: 4238:  }
        -: 4239:}
        -: 4240:#endif
        -: 4241:
        -: 4242:_LIBCPP_EXTERN_TEMPLATE(class _LIBCPP_TYPE_VIS basic_string<char>)
        -: 4243:_LIBCPP_EXTERN_TEMPLATE(class _LIBCPP_TYPE_VIS basic_string<wchar_t>)
        -: 4244:_LIBCPP_EXTERN_TEMPLATE(string operator+<char, char_traits<char>, allocator<char> >(char const*, string const&))
        -: 4245:
        -: 4246:_LIBCPP_END_NAMESPACE_STD
        -: 4247:
        -: 4248:#endif  // _LIBCPP_STRING
