        -:    0:Source:TestCollatz.c++
        -:    0:Graph:TestCollatz.gcno
        -:    0:Data:TestCollatz.gcda
        -:    0:Runs:1
        -:    0:Programs:1
        -:    1:/** \file TestCollatz.c++
        -:    2: *   Test harness for Collatz
        -:    3: *  By. Marek5050
        -:    4: */
        -:    5:
        -:    6:
        -:    7:// https://code.google.com/p/googletest/wiki/V1_7_Primer#Basic_Assertions
        -:    8:
        -:    9:// --------
        -:   10:// includes
        -:   11:// --------
        -:   12:
        -:   13:#include <iostream> // cout, endl
        -:   14:#include <sstream>  // istringtstream, ostringstream
        -:   15:#include <string>   // string
        -:   16:#include <utility>  // pair
        -:   17:
        -:   18:#include "gtest/gtest.h"
        -:   19:
        -:   20:#include "Collatz.h"
        -:   21:
        -:   22:using namespace std;
        -:   23:
        -:   24:// -----------
        -:   25:// TestCollatz
        -:   26:// -----------
        -:   27:
        -:   28:// ----
        -:   29:// read
        -:   30:// ----
        -:   31:
function _ZN19Collatz_read_1_TestD0Ev called 1 returned 100% blocks executed 100%
function _ZN19Collatz_read_1_TestD2Ev called 1 returned 100% blocks executed 75%
function _ZN19Collatz_read_1_Test8TestBodyEv called 1 returned 100% blocks executed 40%
function _ZN19Collatz_read_1_TestC2Ev called 1 returned 100% blocks executed 100%
        5:   32:TEST(Collatz, read_1) {
call    0 returned 100%
call    1 returned 100%
call    2 returned 100%
call    3 returned 100%
call    4 returned 100%
call    5 returned 100%
call    6 returned 100%
branch  7 taken 0% (fallthrough)
branch  8 taken 100%
call    9 never executed
call   10 returned 100%
        1:   33:    string s("1 10\n");
call    0 returned 100%
call    1 returned 100%
branch  2 taken 100% (fallthrough)
branch  3 taken 0% (throw)
call    4 returned 100%
        1:   34:    const pair<int, int> p = collatz_read(s);
call    0 returned 100%
branch  1 taken 100% (fallthrough)
branch  2 taken 0% (throw)
        1:   35:    ASSERT_EQ( 1, p.first);
call    0 returned 100%
branch  1 taken 100% (fallthrough)
branch  2 taken 0% (throw)
call    3 returned 100%
branch  4 taken 0% (fallthrough)
branch  5 taken 100%
call    6 never executed
branch  7 never executed
branch  8 never executed
call    9 never executed
branch 10 never executed
branch 11 never executed
call   12 never executed
branch 13 never executed
branch 14 never executed
call   15 never executed
branch 16 never executed
branch 17 never executed
call   18 never executed
call   19 never executed
call   20 returned 100%
branch 21 taken 100%
branch 22 taken 0%
call   23 never executed
call   24 never executed
call   25 never executed
        1:   36:    ASSERT_EQ(10, p.second);}
call    0 returned 100%
branch  1 taken 100% (fallthrough)
branch  2 taken 0% (throw)
call    3 returned 100%
branch  4 taken 0% (fallthrough)
branch  5 taken 100%
call    6 never executed
branch  7 never executed
branch  8 never executed
call    9 never executed
branch 10 never executed
branch 11 never executed
call   12 never executed
branch 13 never executed
branch 14 never executed
call   15 never executed
branch 16 never executed
branch 17 never executed
call   18 never executed
call   19 never executed
call   20 returned 100%
branch 21 taken 100%
branch 22 taken 0%
call   23 returned 100%
branch 24 taken 100%
branch 25 taken 0%
call   26 never executed
call   27 never executed
call   28 never executed
call   29 never executed
call   30 never executed
        -:   37:
function _ZN19Collatz_read_2_TestD0Ev called 1 returned 100% blocks executed 100%
function _ZN19Collatz_read_2_TestD2Ev called 1 returned 100% blocks executed 75%
function _ZN19Collatz_read_2_Test8TestBodyEv called 1 returned 100% blocks executed 40%
function _ZN19Collatz_read_2_TestC2Ev called 1 returned 100% blocks executed 100%
        5:   38:TEST(Collatz, read_2) {
call    0 returned 100%
call    1 returned 100%
call    2 returned 100%
call    3 returned 100%
call    4 returned 100%
call    5 returned 100%
call    6 returned 100%
branch  7 taken 0% (fallthrough)
branch  8 taken 100%
call    9 never executed
call   10 returned 100%
        1:   39:    string s("10 1\n");
call    0 returned 100%
call    1 returned 100%
branch  2 taken 100% (fallthrough)
branch  3 taken 0% (throw)
call    4 returned 100%
        1:   40:    const pair<int, int> p = collatz_read(s);
call    0 returned 100%
branch  1 taken 100% (fallthrough)
branch  2 taken 0% (throw)
        1:   41:    ASSERT_EQ(10, p.first);
call    0 returned 100%
branch  1 taken 100% (fallthrough)
branch  2 taken 0% (throw)
call    3 returned 100%
branch  4 taken 0% (fallthrough)
branch  5 taken 100%
call    6 never executed
branch  7 never executed
branch  8 never executed
call    9 never executed
branch 10 never executed
branch 11 never executed
call   12 never executed
branch 13 never executed
branch 14 never executed
call   15 never executed
branch 16 never executed
branch 17 never executed
call   18 never executed
call   19 never executed
call   20 returned 100%
branch 21 taken 100%
branch 22 taken 0%
call   23 never executed
call   24 never executed
call   25 never executed
        1:   42:    ASSERT_EQ( 1, p.second);}
call    0 returned 100%
branch  1 taken 100% (fallthrough)
branch  2 taken 0% (throw)
call    3 returned 100%
branch  4 taken 0% (fallthrough)
branch  5 taken 100%
call    6 never executed
branch  7 never executed
branch  8 never executed
call    9 never executed
branch 10 never executed
branch 11 never executed
call   12 never executed
branch 13 never executed
branch 14 never executed
call   15 never executed
branch 16 never executed
branch 17 never executed
call   18 never executed
call   19 never executed
call   20 returned 100%
branch 21 taken 100%
branch 22 taken 0%
call   23 returned 100%
branch 24 taken 100%
branch 25 taken 0%
call   26 never executed
call   27 never executed
call   28 never executed
call   29 never executed
call   30 never executed
        -:   43:
        -:   44:
function _ZN19Collatz_read_3_TestD0Ev called 1 returned 100% blocks executed 100%
function _ZN19Collatz_read_3_TestD2Ev called 1 returned 100% blocks executed 75%
function _ZN19Collatz_read_3_Test8TestBodyEv called 1 returned 100% blocks executed 40%
function _ZN19Collatz_read_3_TestC2Ev called 1 returned 100% blocks executed 100%
        5:   45:TEST(Collatz, read_3) {
call    0 returned 100%
call    1 returned 100%
call    2 returned 100%
call    3 returned 100%
call    4 returned 100%
call    5 returned 100%
call    6 returned 100%
branch  7 taken 0% (fallthrough)
branch  8 taken 100%
call    9 never executed
call   10 returned 100%
        1:   46:    string s("10 10\n");
call    0 returned 100%
call    1 returned 100%
branch  2 taken 100% (fallthrough)
branch  3 taken 0% (throw)
call    4 returned 100%
        1:   47:    const pair<int, int> p = collatz_read(s);
call    0 returned 100%
branch  1 taken 100% (fallthrough)
branch  2 taken 0% (throw)
        1:   48:    ASSERT_EQ(10, p.first);
call    0 returned 100%
branch  1 taken 100% (fallthrough)
branch  2 taken 0% (throw)
call    3 returned 100%
branch  4 taken 0% (fallthrough)
branch  5 taken 100%
call    6 never executed
branch  7 never executed
branch  8 never executed
call    9 never executed
branch 10 never executed
branch 11 never executed
call   12 never executed
branch 13 never executed
branch 14 never executed
call   15 never executed
branch 16 never executed
branch 17 never executed
call   18 never executed
call   19 never executed
call   20 returned 100%
branch 21 taken 100%
branch 22 taken 0%
call   23 never executed
call   24 never executed
call   25 never executed
        1:   49:    ASSERT_EQ(10, p.second);}
call    0 returned 100%
branch  1 taken 100% (fallthrough)
branch  2 taken 0% (throw)
call    3 returned 100%
branch  4 taken 0% (fallthrough)
branch  5 taken 100%
call    6 never executed
branch  7 never executed
branch  8 never executed
call    9 never executed
branch 10 never executed
branch 11 never executed
call   12 never executed
branch 13 never executed
branch 14 never executed
call   15 never executed
branch 16 never executed
branch 17 never executed
call   18 never executed
call   19 never executed
call   20 returned 100%
branch 21 taken 100%
branch 22 taken 0%
call   23 returned 100%
branch 24 taken 100%
branch 25 taken 0%
call   26 never executed
call   27 never executed
call   28 never executed
call   29 never executed
call   30 never executed
        -:   50:
        -:   51:
        -:   52:// ----
        -:   53:// eval
        -:   54:// ----
        -:   55:
function _ZN19Collatz_eval_1_TestD0Ev called 1 returned 100% blocks executed 100%
function _ZN19Collatz_eval_1_TestD2Ev called 1 returned 100% blocks executed 75%
function _ZN19Collatz_eval_1_Test8TestBodyEv called 1 returned 100% blocks executed 41%
function _ZN19Collatz_eval_1_TestC2Ev called 1 returned 100% blocks executed 100%
        5:   56:TEST(Collatz, eval_1) {
call    0 returned 100%
call    1 returned 100%
call    2 returned 100%
call    3 returned 100%
call    4 returned 100%
call    5 returned 100%
call    6 returned 100%
branch  7 taken 0% (fallthrough)
branch  8 taken 100%
call    9 never executed
call   10 returned 100%
        1:   57:    const int v = collatz_eval(1, 10);
call    0 returned 100%
branch  1 taken 100% (fallthrough)
branch  2 taken 0% (throw)
        1:   58:    ASSERT_EQ(20, v);}
call    0 returned 100%
branch  1 taken 100% (fallthrough)
branch  2 taken 0% (throw)
call    3 returned 100%
branch  4 taken 0% (fallthrough)
branch  5 taken 100%
call    6 never executed
branch  7 never executed
branch  8 never executed
call    9 never executed
branch 10 never executed
branch 11 never executed
call   12 never executed
branch 13 never executed
branch 14 never executed
call   15 never executed
branch 16 never executed
branch 17 never executed
call   18 never executed
call   19 never executed
call   20 returned 100%
branch 21 taken 100%
branch 22 taken 0%
call   23 never executed
call   24 never executed
call   25 never executed
        -:   59:
function _ZN19Collatz_eval_2_TestD0Ev called 1 returned 100% blocks executed 100%
function _ZN19Collatz_eval_2_TestD2Ev called 1 returned 100% blocks executed 75%
function _ZN19Collatz_eval_2_Test8TestBodyEv called 1 returned 100% blocks executed 41%
function _ZN19Collatz_eval_2_TestC2Ev called 1 returned 100% blocks executed 100%
        5:   60:TEST(Collatz, eval_2) {
call    0 returned 100%
call    1 returned 100%
call    2 returned 100%
call    3 returned 100%
call    4 returned 100%
call    5 returned 100%
call    6 returned 100%
branch  7 taken 0% (fallthrough)
branch  8 taken 100%
call    9 never executed
call   10 returned 100%
        1:   61:    const int v = collatz_eval(100, 200);
call    0 returned 100%
branch  1 taken 100% (fallthrough)
branch  2 taken 0% (throw)
        1:   62:    ASSERT_EQ(125, v);}
call    0 returned 100%
branch  1 taken 100% (fallthrough)
branch  2 taken 0% (throw)
call    3 returned 100%
branch  4 taken 0% (fallthrough)
branch  5 taken 100%
call    6 never executed
branch  7 never executed
branch  8 never executed
call    9 never executed
branch 10 never executed
branch 11 never executed
call   12 never executed
branch 13 never executed
branch 14 never executed
call   15 never executed
branch 16 never executed
branch 17 never executed
call   18 never executed
call   19 never executed
call   20 returned 100%
branch 21 taken 100%
branch 22 taken 0%
call   23 never executed
call   24 never executed
call   25 never executed
        -:   63:
function _ZN19Collatz_eval_3_TestD0Ev called 1 returned 100% blocks executed 100%
function _ZN19Collatz_eval_3_TestD2Ev called 1 returned 100% blocks executed 75%
function _ZN19Collatz_eval_3_Test8TestBodyEv called 1 returned 100% blocks executed 41%
function _ZN19Collatz_eval_3_TestC2Ev called 1 returned 100% blocks executed 100%
        5:   64:TEST(Collatz, eval_3) {
call    0 returned 100%
call    1 returned 100%
call    2 returned 100%
call    3 returned 100%
call    4 returned 100%
call    5 returned 100%
call    6 returned 100%
branch  7 taken 0% (fallthrough)
branch  8 taken 100%
call    9 never executed
call   10 returned 100%
        1:   65:    const int v = collatz_eval(201, 210);
call    0 returned 100%
branch  1 taken 100% (fallthrough)
branch  2 taken 0% (throw)
        1:   66:    ASSERT_EQ(89, v);}
call    0 returned 100%
branch  1 taken 100% (fallthrough)
branch  2 taken 0% (throw)
call    3 returned 100%
branch  4 taken 0% (fallthrough)
branch  5 taken 100%
call    6 never executed
branch  7 never executed
branch  8 never executed
call    9 never executed
branch 10 never executed
branch 11 never executed
call   12 never executed
branch 13 never executed
branch 14 never executed
call   15 never executed
branch 16 never executed
branch 17 never executed
call   18 never executed
call   19 never executed
call   20 returned 100%
branch 21 taken 100%
branch 22 taken 0%
call   23 never executed
call   24 never executed
call   25 never executed
        -:   67:
function _ZN19Collatz_eval_4_TestD0Ev called 1 returned 100% blocks executed 100%
function _ZN19Collatz_eval_4_TestD2Ev called 1 returned 100% blocks executed 75%
function _ZN19Collatz_eval_4_Test8TestBodyEv called 1 returned 100% blocks executed 41%
function _ZN19Collatz_eval_4_TestC2Ev called 1 returned 100% blocks executed 100%
        5:   68:TEST(Collatz, eval_4) {
call    0 returned 100%
call    1 returned 100%
call    2 returned 100%
call    3 returned 100%
call    4 returned 100%
call    5 returned 100%
call    6 returned 100%
branch  7 taken 0% (fallthrough)
branch  8 taken 100%
call    9 never executed
call   10 returned 100%
        1:   69:    const int v = collatz_eval(900, 1000);
call    0 returned 100%
branch  1 taken 100% (fallthrough)
branch  2 taken 0% (throw)
        1:   70:    ASSERT_EQ(174, v);}
call    0 returned 100%
branch  1 taken 100% (fallthrough)
branch  2 taken 0% (throw)
call    3 returned 100%
branch  4 taken 0% (fallthrough)
branch  5 taken 100%
call    6 never executed
branch  7 never executed
branch  8 never executed
call    9 never executed
branch 10 never executed
branch 11 never executed
call   12 never executed
branch 13 never executed
branch 14 never executed
call   15 never executed
branch 16 never executed
branch 17 never executed
call   18 never executed
call   19 never executed
call   20 returned 100%
branch 21 taken 100%
branch 22 taken 0%
call   23 never executed
call   24 never executed
call   25 never executed
        -:   71:
function _ZN19Collatz_eval_5_TestD0Ev called 1 returned 100% blocks executed 100%
function _ZN19Collatz_eval_5_TestD2Ev called 1 returned 100% blocks executed 75%
function _ZN19Collatz_eval_5_Test8TestBodyEv called 1 returned 100% blocks executed 41%
function _ZN19Collatz_eval_5_TestC2Ev called 1 returned 100% blocks executed 100%
        5:   72:TEST(Collatz, eval_5) {
call    0 returned 100%
call    1 returned 100%
call    2 returned 100%
call    3 returned 100%
call    4 returned 100%
call    5 returned 100%
call    6 returned 100%
branch  7 taken 0% (fallthrough)
branch  8 taken 100%
call    9 never executed
call   10 returned 100%
        1:   73:    const int v = collatz_eval(1,1);
call    0 returned 100%
branch  1 taken 100% (fallthrough)
branch  2 taken 0% (throw)
        1:   74:    ASSERT_EQ(1, v);}
call    0 returned 100%
branch  1 taken 100% (fallthrough)
branch  2 taken 0% (throw)
call    3 returned 100%
branch  4 taken 0% (fallthrough)
branch  5 taken 100%
call    6 never executed
branch  7 never executed
branch  8 never executed
call    9 never executed
branch 10 never executed
branch 11 never executed
call   12 never executed
branch 13 never executed
branch 14 never executed
call   15 never executed
branch 16 never executed
branch 17 never executed
call   18 never executed
call   19 never executed
call   20 returned 100%
branch 21 taken 100%
branch 22 taken 0%
call   23 never executed
call   24 never executed
call   25 never executed
        -:   75:
function _ZN19Collatz_eval_6_TestD0Ev called 1 returned 100% blocks executed 100%
function _ZN19Collatz_eval_6_TestD2Ev called 1 returned 100% blocks executed 75%
function _ZN19Collatz_eval_6_Test8TestBodyEv called 1 returned 100% blocks executed 41%
function _ZN19Collatz_eval_6_TestC2Ev called 1 returned 100% blocks executed 100%
        5:   76:TEST(Collatz, eval_6) {
call    0 returned 100%
call    1 returned 100%
call    2 returned 100%
call    3 returned 100%
call    4 returned 100%
call    5 returned 100%
call    6 returned 100%
branch  7 taken 0% (fallthrough)
branch  8 taken 100%
call    9 never executed
call   10 returned 100%
        1:   77:    const int v = collatz_eval(1, 2);
call    0 returned 100%
branch  1 taken 100% (fallthrough)
branch  2 taken 0% (throw)
        1:   78:    ASSERT_EQ(2, v);}
call    0 returned 100%
branch  1 taken 100% (fallthrough)
branch  2 taken 0% (throw)
call    3 returned 100%
branch  4 taken 0% (fallthrough)
branch  5 taken 100%
call    6 never executed
branch  7 never executed
branch  8 never executed
call    9 never executed
branch 10 never executed
branch 11 never executed
call   12 never executed
branch 13 never executed
branch 14 never executed
call   15 never executed
branch 16 never executed
branch 17 never executed
call   18 never executed
call   19 never executed
call   20 returned 100%
branch 21 taken 100%
branch 22 taken 0%
call   23 never executed
call   24 never executed
call   25 never executed
        -:   79:
function _ZN19Collatz_eval_7_TestD0Ev called 1 returned 100% blocks executed 100%
function _ZN19Collatz_eval_7_TestD2Ev called 1 returned 100% blocks executed 75%
function _ZN19Collatz_eval_7_Test8TestBodyEv called 1 returned 100% blocks executed 41%
function _ZN19Collatz_eval_7_TestC2Ev called 1 returned 100% blocks executed 100%
        5:   80:TEST(Collatz, eval_7) {
call    0 returned 100%
call    1 returned 100%
call    2 returned 100%
call    3 returned 100%
call    4 returned 100%
call    5 returned 100%
call    6 returned 100%
branch  7 taken 0% (fallthrough)
branch  8 taken 100%
call    9 never executed
call   10 returned 100%
        1:   81:    const int v = collatz_eval(3,1);
call    0 returned 100%
branch  1 taken 100% (fallthrough)
branch  2 taken 0% (throw)
        1:   82:    ASSERT_EQ(8, v);}
call    0 returned 100%
branch  1 taken 100% (fallthrough)
branch  2 taken 0% (throw)
call    3 returned 100%
branch  4 taken 0% (fallthrough)
branch  5 taken 100%
call    6 never executed
branch  7 never executed
branch  8 never executed
call    9 never executed
branch 10 never executed
branch 11 never executed
call   12 never executed
branch 13 never executed
branch 14 never executed
call   15 never executed
branch 16 never executed
branch 17 never executed
call   18 never executed
call   19 never executed
call   20 returned 100%
branch 21 taken 100%
branch 22 taken 0%
call   23 never executed
call   24 never executed
call   25 never executed
        -:   83:
function _ZN19Collatz_eval_8_TestD0Ev called 1 returned 100% blocks executed 100%
function _ZN19Collatz_eval_8_TestD2Ev called 1 returned 100% blocks executed 75%
function _ZN19Collatz_eval_8_Test8TestBodyEv called 1 returned 100% blocks executed 41%
function _ZN19Collatz_eval_8_TestC2Ev called 1 returned 100% blocks executed 100%
        5:   84:TEST(Collatz, eval_8) {
call    0 returned 100%
call    1 returned 100%
call    2 returned 100%
call    3 returned 100%
call    4 returned 100%
call    5 returned 100%
call    6 returned 100%
branch  7 taken 0% (fallthrough)
branch  8 taken 100%
call    9 never executed
call   10 returned 100%
        1:   85:    const int v = collatz_eval(1,999999);
call    0 returned 100%
branch  1 taken 100% (fallthrough)
branch  2 taken 0% (throw)
        1:   86:    ASSERT_EQ(525, v);}
call    0 returned 100%
branch  1 taken 100% (fallthrough)
branch  2 taken 0% (throw)
call    3 returned 100%
branch  4 taken 0% (fallthrough)
branch  5 taken 100%
call    6 never executed
branch  7 never executed
branch  8 never executed
call    9 never executed
branch 10 never executed
branch 11 never executed
call   12 never executed
branch 13 never executed
branch 14 never executed
call   15 never executed
branch 16 never executed
branch 17 never executed
call   18 never executed
call   19 never executed
call   20 returned 100%
branch 21 taken 100%
branch 22 taken 0%
call   23 never executed
call   24 never executed
call   25 never executed
        -:   87:
function _ZN19Collatz_eval_9_TestD0Ev called 1 returned 100% blocks executed 100%
function _ZN19Collatz_eval_9_TestD2Ev called 1 returned 100% blocks executed 75%
function _ZN19Collatz_eval_9_Test8TestBodyEv called 1 returned 100% blocks executed 41%
function _ZN19Collatz_eval_9_TestC2Ev called 1 returned 100% blocks executed 100%
        5:   88:TEST(Collatz, eval_9) {
call    0 returned 100%
call    1 returned 100%
call    2 returned 100%
call    3 returned 100%
call    4 returned 100%
call    5 returned 100%
call    6 returned 100%
branch  7 taken 0% (fallthrough)
branch  8 taken 100%
call    9 never executed
call   10 returned 100%
        1:   89:    const int v = collatz_eval(3248,61);
call    0 returned 100%
branch  1 taken 100% (fallthrough)
branch  2 taken 0% (throw)
        1:   90:    ASSERT_EQ(217, v);}
call    0 returned 100%
branch  1 taken 100% (fallthrough)
branch  2 taken 0% (throw)
call    3 returned 100%
branch  4 taken 0% (fallthrough)
branch  5 taken 100%
call    6 never executed
branch  7 never executed
branch  8 never executed
call    9 never executed
branch 10 never executed
branch 11 never executed
call   12 never executed
branch 13 never executed
branch 14 never executed
call   15 never executed
branch 16 never executed
branch 17 never executed
call   18 never executed
call   19 never executed
call   20 returned 100%
branch 21 taken 100%
branch 22 taken 0%
call   23 never executed
call   24 never executed
call   25 never executed
        -:   91:
        -:   92:
        -:   93:// -----
        -:   94:// print
        -:   95:// -----
        -:   96:
function _ZN20Collatz_print_1_TestD0Ev called 1 returned 100% blocks executed 100%
function _ZN20Collatz_print_1_TestD2Ev called 1 returned 100% blocks executed 75%
function _ZN20Collatz_print_1_Test8TestBodyEv called 1 returned 100% blocks executed 47%
function _ZN20Collatz_print_1_TestC2Ev called 1 returned 100% blocks executed 100%
        5:   97:TEST(Collatz, print_1) {
call    0 returned 100%
call    1 returned 100%
call    2 returned 100%
call    3 returned 100%
call    4 returned 100%
call    5 returned 100%
call    6 returned 100%
branch  7 taken 0% (fallthrough)
branch  8 taken 100%
call    9 never executed
call   10 returned 100%
        1:   98:    ostringstream w;
call    0 returned 100%
branch  1 taken 100% (fallthrough)
branch  2 taken 0% (throw)
        1:   99:    collatz_print(w, 1, 10, 20);
call    0 returned 100%
branch  1 taken 100% (fallthrough)
branch  2 taken 0% (throw)
        1:  100:    ASSERT_EQ("1 10 20\n", w.str());}
call    0 returned 100%
branch  1 taken 100% (fallthrough)
branch  2 taken 0% (throw)
call    3 returned 100%
branch  4 taken 100% (fallthrough)
branch  5 taken 0% (throw)
call    6 returned 100%
call    7 returned 100%
branch  8 taken 0% (fallthrough)
branch  9 taken 100%
call   10 never executed
branch 11 never executed
branch 12 never executed
call   13 never executed
branch 14 never executed
branch 15 never executed
call   16 never executed
branch 17 never executed
branch 18 never executed
call   19 never executed
branch 20 never executed
branch 21 never executed
call   22 never executed
call   23 never executed
call   24 returned 100%
branch 25 taken 100%
branch 26 taken 0%
call   27 returned 100%
branch 28 taken 100%
branch 29 taken 0%
call   30 never executed
call   31 never executed
call   32 never executed
call   33 never executed
call   34 never executed
        -:  101:
function _ZN20Collatz_print_2_TestD0Ev called 1 returned 100% blocks executed 100%
function _ZN20Collatz_print_2_TestD2Ev called 1 returned 100% blocks executed 75%
function _ZN20Collatz_print_2_Test8TestBodyEv called 1 returned 100% blocks executed 47%
function _ZN20Collatz_print_2_TestC2Ev called 1 returned 100% blocks executed 100%
        5:  102:TEST(Collatz, print_2) {
call    0 returned 100%
call    1 returned 100%
call    2 returned 100%
call    3 returned 100%
call    4 returned 100%
call    5 returned 100%
call    6 returned 100%
branch  7 taken 0% (fallthrough)
branch  8 taken 100%
call    9 never executed
call   10 returned 100%
        1:  103:    ostringstream w;
call    0 returned 100%
branch  1 taken 100% (fallthrough)
branch  2 taken 0% (throw)
        1:  104:    collatz_print(w, 10, 1, 20);
call    0 returned 100%
branch  1 taken 100% (fallthrough)
branch  2 taken 0% (throw)
        1:  105:    ASSERT_EQ("10 1 20\n", w.str());}
call    0 returned 100%
branch  1 taken 100% (fallthrough)
branch  2 taken 0% (throw)
call    3 returned 100%
branch  4 taken 100% (fallthrough)
branch  5 taken 0% (throw)
call    6 returned 100%
call    7 returned 100%
branch  8 taken 0% (fallthrough)
branch  9 taken 100%
call   10 never executed
branch 11 never executed
branch 12 never executed
call   13 never executed
branch 14 never executed
branch 15 never executed
call   16 never executed
branch 17 never executed
branch 18 never executed
call   19 never executed
branch 20 never executed
branch 21 never executed
call   22 never executed
call   23 never executed
call   24 returned 100%
branch 25 taken 100%
branch 26 taken 0%
call   27 returned 100%
branch 28 taken 100%
branch 29 taken 0%
call   30 never executed
call   31 never executed
call   32 never executed
call   33 never executed
call   34 never executed
        -:  106:
function _ZN20Collatz_print_3_TestD0Ev called 1 returned 100% blocks executed 100%
function _ZN20Collatz_print_3_TestD2Ev called 1 returned 100% blocks executed 75%
function _ZN20Collatz_print_3_Test8TestBodyEv called 1 returned 100% blocks executed 47%
function _ZN20Collatz_print_3_TestC2Ev called 1 returned 100% blocks executed 100%
        5:  107:TEST(Collatz, print_3) {
call    0 returned 100%
call    1 returned 100%
call    2 returned 100%
call    3 returned 100%
call    4 returned 100%
call    5 returned 100%
call    6 returned 100%
branch  7 taken 0% (fallthrough)
branch  8 taken 100%
call    9 never executed
call   10 returned 100%
        1:  108:    ostringstream w;
call    0 returned 100%
branch  1 taken 100% (fallthrough)
branch  2 taken 0% (throw)
        1:  109:    collatz_print(w, 1, 1, 1);
call    0 returned 100%
branch  1 taken 100% (fallthrough)
branch  2 taken 0% (throw)
        1:  110:    ASSERT_EQ("1 1 1\n", w.str());}
call    0 returned 100%
branch  1 taken 100% (fallthrough)
branch  2 taken 0% (throw)
call    3 returned 100%
branch  4 taken 100% (fallthrough)
branch  5 taken 0% (throw)
call    6 returned 100%
call    7 returned 100%
branch  8 taken 0% (fallthrough)
branch  9 taken 100%
call   10 never executed
branch 11 never executed
branch 12 never executed
call   13 never executed
branch 14 never executed
branch 15 never executed
call   16 never executed
branch 17 never executed
branch 18 never executed
call   19 never executed
branch 20 never executed
branch 21 never executed
call   22 never executed
call   23 never executed
call   24 returned 100%
branch 25 taken 100%
branch 26 taken 0%
call   27 returned 100%
branch 28 taken 100%
branch 29 taken 0%
call   30 never executed
call   31 never executed
call   32 never executed
call   33 never executed
call   34 never executed
        -:  111:// -----
        -:  112:// solve
        -:  113:// -----
        -:  114:
function _ZN20Collatz_solve_1_TestD0Ev called 1 returned 100% blocks executed 100%
function _ZN20Collatz_solve_1_TestD2Ev called 1 returned 100% blocks executed 75%
function _ZN20Collatz_solve_1_Test8TestBodyEv called 1 returned 100% blocks executed 50%
function _ZN20Collatz_solve_1_TestC2Ev called 1 returned 100% blocks executed 100%
        5:  115:TEST(Collatz, solve_1) {
call    0 returned 100%
call    1 returned 100%
call    2 returned 100%
call    3 returned 100%
call    4 returned 100%
call    5 returned 100%
call    6 returned 100%
branch  7 taken 0% (fallthrough)
branch  8 taken 100%
call    9 never executed
call   10 returned 100%
        1:  116:    istringstream r("1 10\n100 200\n201 210\n900 1000\n");
call    0 returned 100%
call    1 returned 100%
branch  2 taken 100% (fallthrough)
branch  3 taken 0% (throw)
call    4 returned 100%
branch  5 taken 100% (fallthrough)
branch  6 taken 0% (throw)
call    7 returned 100%
call    8 returned 100%
call    9 never executed
call   10 never executed
        2:  117:    ostringstream w;
call    0 returned 100%
branch  1 taken 100% (fallthrough)
branch  2 taken 0% (throw)
call    3 returned 100%
branch  4 taken 100%
branch  5 taken 0%
call    6 never executed
        1:  118:    collatz_solve(r, w);
call    0 returned 100%
branch  1 taken 100% (fallthrough)
branch  2 taken 0% (throw)
        2:  119:    ASSERT_EQ("1 10 20\n100 200 125\n201 210 89\n900 1000 174\n", w.str());}
call    0 returned 100%
branch  1 taken 100% (fallthrough)
branch  2 taken 0% (throw)
call    3 returned 100%
branch  4 taken 100% (fallthrough)
branch  5 taken 0% (throw)
call    6 returned 100%
call    7 returned 100%
branch  8 taken 0% (fallthrough)
branch  9 taken 100%
call   10 never executed
branch 11 never executed
branch 12 never executed
call   13 never executed
branch 14 never executed
branch 15 never executed
call   16 never executed
branch 17 never executed
branch 18 never executed
call   19 never executed
branch 20 never executed
branch 21 never executed
call   22 never executed
call   23 never executed
call   24 returned 100%
branch 25 taken 100%
branch 26 taken 0%
call   27 returned 100%
branch 28 taken 100%
branch 29 taken 0%
call   30 never executed
call   31 never executed
call   32 never executed
call   33 never executed
call   34 never executed
        -:  120:
        -:  121:
        -:  122:/**
        -:  123:74 811 171
        -:  124:54 521 144
        -:  125:67 661 145
        -:  126:57 801 171
        -:  127:38 471 144
        -:  128:*/
        -:  129:
function _ZN20Collatz_solve_2_TestD0Ev called 1 returned 100% blocks executed 100%
function _ZN20Collatz_solve_2_TestD2Ev called 1 returned 100% blocks executed 75%
function _ZN20Collatz_solve_2_Test8TestBodyEv called 1 returned 100% blocks executed 50%
function _ZN20Collatz_solve_2_TestC2Ev called 1 returned 100% blocks executed 100%
        5:  130:TEST(Collatz, solve_2) {
call    0 returned 100%
call    1 returned 100%
call    2 returned 100%
call    3 returned 100%
call    4 returned 100%
call    5 returned 100%
call    6 returned 100%
branch  7 taken 0% (fallthrough)
branch  8 taken 100%
call    9 never executed
call   10 returned 100%
        1:  131:    istringstream r("74 811\n54 521\n67 661\n57 801\n38 471\n");
call    0 returned 100%
call    1 returned 100%
branch  2 taken 100% (fallthrough)
branch  3 taken 0% (throw)
call    4 returned 100%
branch  5 taken 100% (fallthrough)
branch  6 taken 0% (throw)
call    7 returned 100%
call    8 returned 100%
call    9 never executed
call   10 never executed
        2:  132:    ostringstream w;
call    0 returned 100%
branch  1 taken 100% (fallthrough)
branch  2 taken 0% (throw)
call    3 returned 100%
branch  4 taken 100%
branch  5 taken 0%
call    6 never executed
        1:  133:    collatz_solve(r, w);
call    0 returned 100%
branch  1 taken 100% (fallthrough)
branch  2 taken 0% (throw)
        2:  134:    ASSERT_EQ("74 811 171\n54 521 144\n67 661 145\n57 801 171\n38 471 144\n", w.str());}
call    0 returned 100%
branch  1 taken 100% (fallthrough)
branch  2 taken 0% (throw)
call    3 returned 100%
branch  4 taken 100% (fallthrough)
branch  5 taken 0% (throw)
call    6 returned 100%
call    7 returned 100%
branch  8 taken 0% (fallthrough)
branch  9 taken 100%
call   10 never executed
branch 11 never executed
branch 12 never executed
call   13 never executed
branch 14 never executed
branch 15 never executed
call   16 never executed
branch 17 never executed
branch 18 never executed
call   19 never executed
branch 20 never executed
branch 21 never executed
call   22 never executed
call   23 never executed
call   24 returned 100%
branch 25 taken 100%
branch 26 taken 0%
call   27 returned 100%
branch 28 taken 100%
branch 29 taken 0%
call   30 never executed
call   31 never executed
call   32 never executed
call   33 never executed
call   34 never executed
        -:  135:
        -:  136:/**
        -:  137:16 761 171
        -:  138:3 241 128
        -:  139:25 641 144
        -:  140:40 311 128
        -:  141:20 541 144
        -:  142:56 31 113
        -:  143:42 451 144
        -:  144:*/
        -:  145:
function _ZN20Collatz_solve_3_TestD0Ev called 1 returned 100% blocks executed 100%
function _ZN20Collatz_solve_3_TestD2Ev called 1 returned 100% blocks executed 75%
function _ZN20Collatz_solve_3_Test8TestBodyEv called 1 returned 100% blocks executed 50%
function _ZN20Collatz_solve_3_TestC2Ev called 1 returned 100% blocks executed 100%
        5:  146:TEST(Collatz, solve_3) {
call    0 returned 100%
call    1 returned 100%
call    2 returned 100%
call    3 returned 100%
call    4 returned 100%
call    5 returned 100%
call    6 returned 100%
branch  7 taken 0% (fallthrough)
branch  8 taken 100%
call    9 never executed
call   10 returned 100%
        1:  147:    istringstream r("16 761\n3 241\n25 641\n40 311\n20 541\n56 31\n42 451\n");
call    0 returned 100%
call    1 returned 100%
branch  2 taken 100% (fallthrough)
branch  3 taken 0% (throw)
call    4 returned 100%
branch  5 taken 100% (fallthrough)
branch  6 taken 0% (throw)
call    7 returned 100%
call    8 returned 100%
call    9 never executed
call   10 never executed
        2:  148:    ostringstream w;
call    0 returned 100%
branch  1 taken 100% (fallthrough)
branch  2 taken 0% (throw)
call    3 returned 100%
branch  4 taken 100%
branch  5 taken 0%
call    6 never executed
        1:  149:    collatz_solve(r, w);
call    0 returned 100%
branch  1 taken 100% (fallthrough)
branch  2 taken 0% (throw)
        2:  150:    ASSERT_EQ("16 761 171\n3 241 128\n25 641 144\n40 311 128\n20 541 144\n56 31 113\n42 451 144\n", w.str());}
call    0 returned 100%
branch  1 taken 100% (fallthrough)
branch  2 taken 0% (throw)
call    3 returned 100%
branch  4 taken 100% (fallthrough)
branch  5 taken 0% (throw)
call    6 returned 100%
call    7 returned 100%
branch  8 taken 0% (fallthrough)
branch  9 taken 100%
call   10 never executed
branch 11 never executed
branch 12 never executed
call   13 never executed
branch 14 never executed
branch 15 never executed
call   16 never executed
branch 17 never executed
branch 18 never executed
call   19 never executed
branch 20 never executed
branch 21 never executed
call   22 never executed
call   23 never executed
call   24 returned 100%
branch 25 taken 100%
branch 26 taken 0%
call   27 returned 100%
branch 28 taken 100%
branch 29 taken 0%
call   30 never executed
call   31 never executed
call   32 never executed
call   33 never executed
call   34 never executed
        -:  151:
function _ZN20Collatz_solve_4_TestD0Ev called 1 returned 100% blocks executed 100%
function _ZN20Collatz_solve_4_TestD2Ev called 1 returned 100% blocks executed 75%
function _ZN20Collatz_solve_4_Test8TestBodyEv called 1 returned 100% blocks executed 50%
function _ZN20Collatz_solve_4_TestC2Ev called 1 returned 100% blocks executed 100%
        5:  152:TEST(Collatz, solve_4) {
call    0 returned 100%
call    1 returned 100%
call    2 returned 100%
call    3 returned 100%
call    4 returned 100%
call    5 returned 100%
call    6 returned 100%
branch  7 taken 0% (fallthrough)
branch  8 taken 100%
call    9 never executed
call   10 returned 100%
        1:  153:    istringstream r("1 999999\n14140 23675\n597034 602378\n134 3007\n");
call    0 returned 100%
call    1 returned 100%
branch  2 taken 100% (fallthrough)
branch  3 taken 0% (throw)
call    4 returned 100%
branch  5 taken 100% (fallthrough)
branch  6 taken 0% (throw)
call    7 returned 100%
call    8 returned 100%
call    9 never executed
call   10 never executed
        2:  154:    ostringstream w;
call    0 returned 100%
branch  1 taken 100% (fallthrough)
branch  2 taken 0% (throw)
call    3 returned 100%
branch  4 taken 100%
branch  5 taken 0%
call    6 never executed
        1:  155:    collatz_solve(r, w);
call    0 returned 100%
branch  1 taken 100% (fallthrough)
branch  2 taken 0% (throw)
        2:  156:    ASSERT_EQ("1 999999 525\n14140 23675 282\n597034 602378 403\n134 3007 217\n", w.str());}
call    0 returned 100%
branch  1 taken 100% (fallthrough)
branch  2 taken 0% (throw)
call    3 returned 100%
branch  4 taken 100% (fallthrough)
branch  5 taken 0% (throw)
call    6 returned 100%
call    7 returned 100%
branch  8 taken 0% (fallthrough)
branch  9 taken 100%
call   10 never executed
branch 11 never executed
branch 12 never executed
call   13 never executed
branch 14 never executed
branch 15 never executed
call   16 never executed
branch 17 never executed
branch 18 never executed
call   19 never executed
branch 20 never executed
branch 21 never executed
call   22 never executed
call   23 never executed
call   24 returned 100%
branch 25 taken 100%
branch 26 taken 0%
call   27 returned 100%
branch 28 taken 100%
branch 29 taken 0%
call   30 never executed
call   31 never executed
call   32 never executed
call   33 never executed
call   34 never executed
        -:  157:
        -:  158:
        -:  159:
function _ZN26Collatz_collatz_cache_TestD0Ev called 1 returned 100% blocks executed 100%
function _ZN26Collatz_collatz_cache_TestD2Ev called 1 returned 100% blocks executed 75%
function _ZN26Collatz_collatz_cache_Test8TestBodyEv called 1 returned 100% blocks executed 100%
function _ZN26Collatz_collatz_cache_TestC2Ev called 1 returned 100% blocks executed 100%
        5:  160:TEST(Collatz, collatz_cache){
call    0 returned 100%
call    1 returned 100%
call    2 returned 100%
call    3 returned 100%
call    4 returned 100%
call    5 returned 100%
call    6 returned 100%
branch  7 taken 0% (fallthrough)
branch  8 taken 100%
call    9 never executed
call   10 returned 100%
        1:  161:    collatz_cache();
call    0 returned 100%
function _GLOBAL__sub_I__ZN19Collatz_read_1_Test10test_info_E called 1 returned 100% blocks executed 100%
function _Z41__static_initialization_and_destruction_0ii called 1 returned 100% blocks executed 100%
        4:  162:}
call    0 returned 100%
branch  1 taken 100% (fallthrough)
branch  2 taken 0%
branch  3 taken 100% (fallthrough)
branch  4 taken 0%
        -:  163:
        -:  164:/*
        -:  165:% ls -al /usr/include/gtest/
        -:  166:...
        -:  167:gtest.h
        -:  168:...
        -:  169:
        -:  170:
        -:  171:
        -:  172:% locate libgtest.a
        -:  173:/usr/lib/libgtest.a
        -:  174:...
        -:  175:
        -:  176:
        -:  177:
        -:  178:% locate libpthread.a
        -:  179:...
        -:  180:/usr/lib32/libpthread.a
        -:  181:
        -:  182:
        -:  183:
        -:  184:% locate libgtest_main.a
        -:  185:/usr/lib/libgtest_main.a
        -:  186:...
        -:  187:
        -:  188:
        -:  189:
        -:  190:% g++-4.7 -fprofile-arcs -ftest-coverage -pedantic -std=c++11 -Wall Collatz.c++ TestCollatz.c++ -o TestCollatz -lgtest -lgtest_main -lpthread
        -:  191:
        -:  192:
        -:  193:
        -:  194:% valgrind TestCollatz        >  TestCollatz.out 2>&1
        -:  195:% gcov-4.7 -b Collatz.c++     >> TestCollatz.out
        -:  196:% gcov-4.7 -b TestCollatz.c++ >> TestCollatz.out
        -:  197:
        -:  198:
        -:  199:
        -:  200:% cat TestCollatz.out
        -:  201:==14225== Memcheck, a memory error detector
        -:  202:==14225== Copyright (C) 2002-2011, and GNU GPL'd, by Julian Seward et al.
        -:  203:==14225== Using Valgrind-3.7.0 and LibVEX; rerun with -h for copyright info
        -:  204:==14225== Command: TestCollatz
        -:  205:==14225==
        -:  206:Running main() from gtest_main.cc
        -:  207:[==========] Running 7 tests from 1 test case.
        -:  208:[----------] Global test environment set-up.
        -:  209:[----------] 7 tests from Collatz
        -:  210:[ RUN      ] Collatz.read
        -:  211:[       OK ] Collatz.read (31 ms)
        -:  212:[ RUN      ] Collatz.eval_1
        -:  213:[       OK ] Collatz.eval_1 (5 ms)
        -:  214:[ RUN      ] Collatz.eval_2
        -:  215:[       OK ] Collatz.eval_2 (3 ms)
        -:  216:[ RUN      ] Collatz.eval_3
        -:  217:[       OK ] Collatz.eval_3 (3 ms)
        -:  218:[ RUN      ] Collatz.eval_4
        -:  219:[       OK ] Collatz.eval_4 (3 ms)
        -:  220:[ RUN      ] Collatz.print
        -:  221:[       OK ] Collatz.print (17 ms)
        -:  222:[ RUN      ] Collatz.solve
        -:  223:[       OK ] Collatz.solve (10 ms)
        -:  224:[----------] 7 tests from Collatz (88 ms total)
        -:  225:
        -:  226:[----------] Global test environment tear-down
        -:  227:[==========] 7 tests from 1 test case ran. (132 ms total)
        -:  228:[  PASSED  ] 7 tests.
        -:  229:==14225==
        -:  230:==14225== HEAP SUMMARY:
        -:  231:==14225==     in use at exit: 0 bytes in 0 blocks
        -:  232:==14225==   total heap usage: 495 allocs, 495 frees, 70,302 bytes allocated
        -:  233:==14225==
        -:  234:==14225== All heap blocks were freed -- no leaks are possible
        -:  235:==14225==
        -:  236:==14225== For counts of detected and suppressed errors, rerun with: -v
        -:  237:==14225== ERROR SUMMARY: 0 errors from 0 contexts (suppressed: 2 from 2)
        -:  238:File 'Collatz.c++'
        -:  239:Lines executed:100.00% of 17
        -:  240:Branches executed:100.00% of 18
        -:  241:Taken at least once:61.11% of 18
        -:  242:Calls executed:89.47% of 19
        -:  243:Creating 'Collatz.c++.gcov'
        -:  244:...
        -:  245:File 'TestCollatz.c++'
        -:  246:Lines executed:100.00% of 26
        -:  247:Branches executed:57.14% of 224
        -:  248:Taken at least once:28.57% of 224
        -:  249:Calls executed:54.07% of 209
        -:  250:Creating 'TestCollatz.c++.gcov'
        -:  251:...
        -:  252:*/
