        -:    0:Source:TestCollatz.c++
        -:    0:Graph:TestCollatz.gcno
        -:    0:Data:TestCollatz.gcda
        -:    0:Runs:2
        -:    0:Programs:1
        -:    1:/** \file TestCollatz.c++
        -:    2: *   Test harness for Collatz
        -:    3: *  By. Marek5050
        -:    4: */
        -:    5:
        -:    6:
        -:    7:// https://code.google.com/p/googletest/wiki/V1_7_Primer#Basic_Assertions
        -:    8:
        -:    9:// --------
        -:   10:// includes
        -:   11:// --------
        -:   12:
        -:   13:#include <iostream> // cout, endl
        -:   14:#include <sstream>  // istringtstream, ostringstream
        -:   15:#include <string>   // string
        -:   16:#include <utility>  // pair
        -:   17:
        -:   18:#include "gtest/gtest.h"
        -:   19:
        -:   20:#include "Collatz.h"
        -:   21:
        -:   22:using namespace std;
        -:   23:
        -:   24:// -----------
        -:   25:// TestCollatz
        -:   26:// -----------
        -:   27:
        -:   28:// ----
        -:   29:// read
        -:   30:// ----
        -:   31:
function __cxx_global_var_init called 2 returned 100% blocks executed 60%
function _ZN19Collatz_read_1_Test8TestBodyEv called 2 returned 100% blocks executed 41%
function _ZN19Collatz_read_1_TestD0Ev called 2 returned 100% blocks executed 100%
function _ZN19Collatz_read_1_TestD1Ev called 2 returned 100% blocks executed 100%
function _ZN19Collatz_read_1_TestD2Ev called 2 returned 100% blocks executed 100%
function _ZN19Collatz_read_1_TestC1Ev called 2 returned 100% blocks executed 100%
function _ZN19Collatz_read_1_TestC2Ev called 2 returned 100% blocks executed 100%
       14:   32:TEST(Collatz, read_1) {
branch  0 taken 100%
branch  1 taken 0%
        2:   33:    string s("1 10\n");
        4:   34:    const pair<int, int> p = collatz_read(s);
branch  0 taken 100%
branch  1 taken 0%
       12:   35:    ASSERT_EQ( 1, p.first);
branch  0 taken 100%
branch  1 taken 0%
branch  2 taken 100%
branch  3 taken 0%
branch  4 taken 100%
branch  5 taken 0%
branch  6 never executed
branch  7 never executed
branch  8 never executed
branch  9 never executed
branch 10 never executed
branch 11 never executed
branch 12 never executed
branch 13 never executed
branch 14 taken 100%
branch 15 taken 0%
       20:   36:    ASSERT_EQ(10, p.second);}
branch  0 taken 0%
branch  1 taken 100%
branch  2 taken 100%
branch  3 taken 0%
branch  4 taken 100%
branch  5 taken 0%
branch  6 never executed
branch  7 never executed
branch  8 never executed
branch  9 never executed
branch 10 never executed
branch 11 never executed
branch 12 never executed
branch 13 never executed
branch 14 taken 50%
branch 15 taken 50%
branch 16 taken 0%
branch 17 taken 100%
branch 18 taken 0%
        -:   37:
function __cxx_global_var_init8 called 2 returned 100% blocks executed 60%
function _ZN19Collatz_read_2_Test8TestBodyEv called 2 returned 100% blocks executed 41%
function _ZN19Collatz_read_2_TestD0Ev called 2 returned 100% blocks executed 100%
function _ZN19Collatz_read_2_TestD1Ev called 2 returned 100% blocks executed 100%
function _ZN19Collatz_read_2_TestD2Ev called 2 returned 100% blocks executed 100%
function _ZN19Collatz_read_2_TestC1Ev called 2 returned 100% blocks executed 100%
function _ZN19Collatz_read_2_TestC2Ev called 2 returned 100% blocks executed 100%
       14:   38:TEST(Collatz, read_2) {
branch  0 taken 100%
branch  1 taken 0%
        2:   39:    string s("10 1\n");
        4:   40:    const pair<int, int> p = collatz_read(s);
branch  0 taken 100%
branch  1 taken 0%
       12:   41:    ASSERT_EQ(10, p.first);
branch  0 taken 100%
branch  1 taken 0%
branch  2 taken 100%
branch  3 taken 0%
branch  4 taken 100%
branch  5 taken 0%
branch  6 never executed
branch  7 never executed
branch  8 never executed
branch  9 never executed
branch 10 never executed
branch 11 never executed
branch 12 never executed
branch 13 never executed
branch 14 taken 100%
branch 15 taken 0%
       20:   42:    ASSERT_EQ( 1, p.second);}
branch  0 taken 0%
branch  1 taken 100%
branch  2 taken 100%
branch  3 taken 0%
branch  4 taken 100%
branch  5 taken 0%
branch  6 never executed
branch  7 never executed
branch  8 never executed
branch  9 never executed
branch 10 never executed
branch 11 never executed
branch 12 never executed
branch 13 never executed
branch 14 taken 50%
branch 15 taken 50%
branch 16 taken 0%
branch 17 taken 100%
branch 18 taken 0%
        -:   43:
        -:   44:
function __cxx_global_var_init11 called 2 returned 100% blocks executed 60%
function _ZN19Collatz_read_3_Test8TestBodyEv called 2 returned 100% blocks executed 41%
function _ZN19Collatz_read_3_TestD0Ev called 2 returned 100% blocks executed 100%
function _ZN19Collatz_read_3_TestD1Ev called 2 returned 100% blocks executed 100%
function _ZN19Collatz_read_3_TestD2Ev called 2 returned 100% blocks executed 100%
function _ZN19Collatz_read_3_TestC1Ev called 2 returned 100% blocks executed 100%
function _ZN19Collatz_read_3_TestC2Ev called 2 returned 100% blocks executed 100%
       14:   45:TEST(Collatz, read_3) {
branch  0 taken 100%
branch  1 taken 0%
        2:   46:    string s("10 10\n");
        4:   47:    const pair<int, int> p = collatz_read(s);
branch  0 taken 100%
branch  1 taken 0%
       12:   48:    ASSERT_EQ(10, p.first);
branch  0 taken 100%
branch  1 taken 0%
branch  2 taken 100%
branch  3 taken 0%
branch  4 taken 100%
branch  5 taken 0%
branch  6 never executed
branch  7 never executed
branch  8 never executed
branch  9 never executed
branch 10 never executed
branch 11 never executed
branch 12 never executed
branch 13 never executed
branch 14 taken 100%
branch 15 taken 0%
       20:   49:    ASSERT_EQ(10, p.second);}
branch  0 taken 0%
branch  1 taken 100%
branch  2 taken 100%
branch  3 taken 0%
branch  4 taken 100%
branch  5 taken 0%
branch  6 never executed
branch  7 never executed
branch  8 never executed
branch  9 never executed
branch 10 never executed
branch 11 never executed
branch 12 never executed
branch 13 never executed
branch 14 taken 50%
branch 15 taken 50%
branch 16 taken 0%
branch 17 taken 100%
branch 18 taken 0%
        -:   50:
        -:   51:
        -:   52:// ----
        -:   53:// eval
        -:   54:// ----
        -:   55:
function __cxx_global_var_init14 called 2 returned 100% blocks executed 60%
function _ZN19Collatz_eval_1_Test8TestBodyEv called 2 returned 100% blocks executed 36%
function _ZN19Collatz_eval_1_TestD0Ev called 2 returned 100% blocks executed 100%
function _ZN19Collatz_eval_1_TestD1Ev called 2 returned 100% blocks executed 100%
function _ZN19Collatz_eval_1_TestD2Ev called 2 returned 100% blocks executed 100%
function _ZN19Collatz_eval_1_TestC1Ev called 2 returned 100% blocks executed 100%
function _ZN19Collatz_eval_1_TestC2Ev called 2 returned 100% blocks executed 100%
       14:   56:TEST(Collatz, eval_1) {
branch  0 taken 100%
branch  1 taken 0%
        2:   57:    const int v = collatz_eval(1, 10);
       12:   58:    ASSERT_EQ(20, v);}
branch  0 taken 100%
branch  1 taken 0%
branch  2 taken 100%
branch  3 taken 0%
branch  4 never executed
branch  5 never executed
branch  6 never executed
branch  7 never executed
branch  8 never executed
branch  9 never executed
branch 10 never executed
branch 11 never executed
branch 12 taken 0%
branch 13 taken 100%
branch 14 taken 0%
        -:   59:
function __cxx_global_var_init18 called 2 returned 100% blocks executed 60%
function _ZN19Collatz_eval_2_Test8TestBodyEv called 2 returned 100% blocks executed 36%
function _ZN19Collatz_eval_2_TestD0Ev called 2 returned 100% blocks executed 100%
function _ZN19Collatz_eval_2_TestD1Ev called 2 returned 100% blocks executed 100%
function _ZN19Collatz_eval_2_TestD2Ev called 2 returned 100% blocks executed 100%
function _ZN19Collatz_eval_2_TestC1Ev called 2 returned 100% blocks executed 100%
function _ZN19Collatz_eval_2_TestC2Ev called 2 returned 100% blocks executed 100%
       14:   60:TEST(Collatz, eval_2) {
branch  0 taken 100%
branch  1 taken 0%
        2:   61:    const int v = collatz_eval(100, 200);
       12:   62:    ASSERT_EQ(125, v);}
branch  0 taken 100%
branch  1 taken 0%
branch  2 taken 100%
branch  3 taken 0%
branch  4 never executed
branch  5 never executed
branch  6 never executed
branch  7 never executed
branch  8 never executed
branch  9 never executed
branch 10 never executed
branch 11 never executed
branch 12 taken 0%
branch 13 taken 100%
branch 14 taken 0%
        -:   63:
function __cxx_global_var_init21 called 2 returned 100% blocks executed 60%
function _ZN19Collatz_eval_3_Test8TestBodyEv called 2 returned 100% blocks executed 36%
function _ZN19Collatz_eval_3_TestD0Ev called 2 returned 100% blocks executed 100%
function _ZN19Collatz_eval_3_TestD1Ev called 2 returned 100% blocks executed 100%
function _ZN19Collatz_eval_3_TestD2Ev called 2 returned 100% blocks executed 100%
function _ZN19Collatz_eval_3_TestC1Ev called 2 returned 100% blocks executed 100%
function _ZN19Collatz_eval_3_TestC2Ev called 2 returned 100% blocks executed 100%
       14:   64:TEST(Collatz, eval_3) {
branch  0 taken 100%
branch  1 taken 0%
        2:   65:    const int v = collatz_eval(201, 210);
       12:   66:    ASSERT_EQ(89, v);}
branch  0 taken 100%
branch  1 taken 0%
branch  2 taken 100%
branch  3 taken 0%
branch  4 never executed
branch  5 never executed
branch  6 never executed
branch  7 never executed
branch  8 never executed
branch  9 never executed
branch 10 never executed
branch 11 never executed
branch 12 taken 0%
branch 13 taken 100%
branch 14 taken 0%
        -:   67:
function __cxx_global_var_init24 called 2 returned 100% blocks executed 60%
function _ZN19Collatz_eval_4_Test8TestBodyEv called 2 returned 100% blocks executed 36%
function _ZN19Collatz_eval_4_TestD0Ev called 2 returned 100% blocks executed 100%
function _ZN19Collatz_eval_4_TestD1Ev called 2 returned 100% blocks executed 100%
function _ZN19Collatz_eval_4_TestD2Ev called 2 returned 100% blocks executed 100%
function _ZN19Collatz_eval_4_TestC1Ev called 2 returned 100% blocks executed 100%
function _ZN19Collatz_eval_4_TestC2Ev called 2 returned 100% blocks executed 100%
       14:   68:TEST(Collatz, eval_4) {
branch  0 taken 100%
branch  1 taken 0%
        2:   69:    const int v = collatz_eval(900, 1000);
       12:   70:    ASSERT_EQ(174, v);}
branch  0 taken 100%
branch  1 taken 0%
branch  2 taken 100%
branch  3 taken 0%
branch  4 never executed
branch  5 never executed
branch  6 never executed
branch  7 never executed
branch  8 never executed
branch  9 never executed
branch 10 never executed
branch 11 never executed
branch 12 taken 0%
branch 13 taken 100%
branch 14 taken 0%
        -:   71:
function __cxx_global_var_init27 called 2 returned 100% blocks executed 60%
function _ZN19Collatz_eval_5_Test8TestBodyEv called 2 returned 100% blocks executed 36%
function _ZN19Collatz_eval_5_TestD0Ev called 2 returned 100% blocks executed 100%
function _ZN19Collatz_eval_5_TestD1Ev called 2 returned 100% blocks executed 100%
function _ZN19Collatz_eval_5_TestD2Ev called 2 returned 100% blocks executed 100%
function _ZN19Collatz_eval_5_TestC1Ev called 2 returned 100% blocks executed 100%
function _ZN19Collatz_eval_5_TestC2Ev called 2 returned 100% blocks executed 100%
       14:   72:TEST(Collatz, eval_5) {
branch  0 taken 100%
branch  1 taken 0%
        2:   73:    const int v = collatz_eval(1,1);
       12:   74:    ASSERT_EQ(1, v);}
branch  0 taken 100%
branch  1 taken 0%
branch  2 taken 100%
branch  3 taken 0%
branch  4 never executed
branch  5 never executed
branch  6 never executed
branch  7 never executed
branch  8 never executed
branch  9 never executed
branch 10 never executed
branch 11 never executed
branch 12 taken 0%
branch 13 taken 100%
branch 14 taken 0%
        -:   75:
function __cxx_global_var_init29 called 2 returned 100% blocks executed 60%
function _ZN19Collatz_eval_6_Test8TestBodyEv called 2 returned 100% blocks executed 36%
function _ZN19Collatz_eval_6_TestD0Ev called 2 returned 100% blocks executed 100%
function _ZN19Collatz_eval_6_TestD1Ev called 2 returned 100% blocks executed 100%
function _ZN19Collatz_eval_6_TestD2Ev called 2 returned 100% blocks executed 100%
function _ZN19Collatz_eval_6_TestC1Ev called 2 returned 100% blocks executed 100%
function _ZN19Collatz_eval_6_TestC2Ev called 2 returned 100% blocks executed 100%
       14:   76:TEST(Collatz, eval_6) {
branch  0 taken 100%
branch  1 taken 0%
        2:   77:    const int v = collatz_eval(1, 2);
       12:   78:    ASSERT_EQ(2, v);}
branch  0 taken 100%
branch  1 taken 0%
branch  2 taken 100%
branch  3 taken 0%
branch  4 never executed
branch  5 never executed
branch  6 never executed
branch  7 never executed
branch  8 never executed
branch  9 never executed
branch 10 never executed
branch 11 never executed
branch 12 taken 0%
branch 13 taken 100%
branch 14 taken 0%
        -:   79:
function __cxx_global_var_init32 called 2 returned 100% blocks executed 60%
function _ZN19Collatz_eval_7_Test8TestBodyEv called 2 returned 100% blocks executed 36%
function _ZN19Collatz_eval_7_TestD0Ev called 2 returned 100% blocks executed 100%
function _ZN19Collatz_eval_7_TestD1Ev called 2 returned 100% blocks executed 100%
function _ZN19Collatz_eval_7_TestD2Ev called 2 returned 100% blocks executed 100%
function _ZN19Collatz_eval_7_TestC1Ev called 2 returned 100% blocks executed 100%
function _ZN19Collatz_eval_7_TestC2Ev called 2 returned 100% blocks executed 100%
       14:   80:TEST(Collatz, eval_7) {
branch  0 taken 100%
branch  1 taken 0%
        2:   81:    const int v = collatz_eval(3,1);
       12:   82:    ASSERT_EQ(8, v);}
branch  0 taken 100%
branch  1 taken 0%
branch  2 taken 100%
branch  3 taken 0%
branch  4 never executed
branch  5 never executed
branch  6 never executed
branch  7 never executed
branch  8 never executed
branch  9 never executed
branch 10 never executed
branch 11 never executed
branch 12 taken 0%
branch 13 taken 100%
branch 14 taken 0%
        -:   83:
function __cxx_global_var_init35 called 2 returned 100% blocks executed 60%
function _ZN19Collatz_eval_8_Test8TestBodyEv called 2 returned 100% blocks executed 36%
function _ZN19Collatz_eval_8_TestD0Ev called 2 returned 100% blocks executed 100%
function _ZN19Collatz_eval_8_TestD1Ev called 2 returned 100% blocks executed 100%
function _ZN19Collatz_eval_8_TestD2Ev called 2 returned 100% blocks executed 100%
function _ZN19Collatz_eval_8_TestC1Ev called 2 returned 100% blocks executed 100%
function _ZN19Collatz_eval_8_TestC2Ev called 2 returned 100% blocks executed 100%
       14:   84:TEST(Collatz, eval_8) {
branch  0 taken 100%
branch  1 taken 0%
        2:   85:    const int v = collatz_eval(1,999999);
       12:   86:    ASSERT_EQ(525, v);}
branch  0 taken 100%
branch  1 taken 0%
branch  2 taken 100%
branch  3 taken 0%
branch  4 never executed
branch  5 never executed
branch  6 never executed
branch  7 never executed
branch  8 never executed
branch  9 never executed
branch 10 never executed
branch 11 never executed
branch 12 taken 0%
branch 13 taken 100%
branch 14 taken 0%
        -:   87:
function __cxx_global_var_init38 called 2 returned 100% blocks executed 60%
function _ZN19Collatz_eval_9_Test8TestBodyEv called 2 returned 100% blocks executed 36%
function _ZN19Collatz_eval_9_TestD0Ev called 2 returned 100% blocks executed 100%
function _ZN19Collatz_eval_9_TestD1Ev called 2 returned 100% blocks executed 100%
function _ZN19Collatz_eval_9_TestD2Ev called 2 returned 100% blocks executed 100%
function _ZN19Collatz_eval_9_TestC1Ev called 2 returned 100% blocks executed 100%
function _ZN19Collatz_eval_9_TestC2Ev called 2 returned 100% blocks executed 100%
       14:   88:TEST(Collatz, eval_9) {
branch  0 taken 100%
branch  1 taken 0%
        2:   89:    const int v = collatz_eval(3248,61);
       12:   90:    ASSERT_EQ(217, v);}
branch  0 taken 100%
branch  1 taken 0%
branch  2 taken 100%
branch  3 taken 0%
branch  4 never executed
branch  5 never executed
branch  6 never executed
branch  7 never executed
branch  8 never executed
branch  9 never executed
branch 10 never executed
branch 11 never executed
branch 12 taken 0%
branch 13 taken 100%
branch 14 taken 0%
        -:   91:
        -:   92:
        -:   93:// -----
        -:   94:// print
        -:   95:// -----
        -:   96:
function __cxx_global_var_init41 called 2 returned 100% blocks executed 60%
function _ZN20Collatz_print_1_Test8TestBodyEv called 2 returned 100% blocks executed 44%
function _ZN20Collatz_print_1_TestD0Ev called 2 returned 100% blocks executed 100%
function _ZN20Collatz_print_1_TestD1Ev called 2 returned 100% blocks executed 100%
function _ZN20Collatz_print_1_TestD2Ev called 2 returned 100% blocks executed 100%
function _ZN20Collatz_print_1_TestC1Ev called 2 returned 100% blocks executed 100%
function _ZN20Collatz_print_1_TestC2Ev called 2 returned 100% blocks executed 100%
       14:   97:TEST(Collatz, print_1) {
branch  0 taken 100%
branch  1 taken 0%
        2:   98:    ostringstream w;
        2:   99:    collatz_print(w, 1, 10, 20);
branch  0 taken 100%
branch  1 taken 0%
       22:  100:    ASSERT_EQ("1 10 20\n", w.str());}
branch  0 taken 100%
branch  1 taken 0%
branch  2 taken 100%
branch  3 taken 0%
branch  4 taken 100%
branch  5 taken 0%
branch  6 taken 100%
branch  7 taken 0%
branch  8 never executed
branch  9 never executed
branch 10 never executed
branch 11 never executed
branch 12 never executed
branch 13 never executed
branch 14 never executed
branch 15 never executed
branch 16 taken 50%
branch 17 taken 50%
branch 18 taken 0%
branch 19 taken 100%
branch 20 taken 0%
        -:  101:
function __cxx_global_var_init46 called 2 returned 100% blocks executed 60%
function _ZN20Collatz_print_2_Test8TestBodyEv called 2 returned 100% blocks executed 44%
function _ZN20Collatz_print_2_TestD0Ev called 2 returned 100% blocks executed 100%
function _ZN20Collatz_print_2_TestD1Ev called 2 returned 100% blocks executed 100%
function _ZN20Collatz_print_2_TestD2Ev called 2 returned 100% blocks executed 100%
function _ZN20Collatz_print_2_TestC1Ev called 2 returned 100% blocks executed 100%
function _ZN20Collatz_print_2_TestC2Ev called 2 returned 100% blocks executed 100%
       14:  102:TEST(Collatz, print_2) {
branch  0 taken 100%
branch  1 taken 0%
        2:  103:    ostringstream w;
        2:  104:    collatz_print(w, 10, 1, 20);
branch  0 taken 100%
branch  1 taken 0%
       22:  105:    ASSERT_EQ("10 1 20\n", w.str());}
branch  0 taken 100%
branch  1 taken 0%
branch  2 taken 100%
branch  3 taken 0%
branch  4 taken 100%
branch  5 taken 0%
branch  6 taken 100%
branch  7 taken 0%
branch  8 never executed
branch  9 never executed
branch 10 never executed
branch 11 never executed
branch 12 never executed
branch 13 never executed
branch 14 never executed
branch 15 never executed
branch 16 taken 50%
branch 17 taken 50%
branch 18 taken 0%
branch 19 taken 100%
branch 20 taken 0%
        -:  106:
function __cxx_global_var_init50 called 2 returned 100% blocks executed 60%
function _ZN20Collatz_print_3_Test8TestBodyEv called 2 returned 100% blocks executed 44%
function _ZN20Collatz_print_3_TestD0Ev called 2 returned 100% blocks executed 100%
function _ZN20Collatz_print_3_TestD1Ev called 2 returned 100% blocks executed 100%
function _ZN20Collatz_print_3_TestD2Ev called 2 returned 100% blocks executed 100%
function _ZN20Collatz_print_3_TestC1Ev called 2 returned 100% blocks executed 100%
function _ZN20Collatz_print_3_TestC2Ev called 2 returned 100% blocks executed 100%
       14:  107:TEST(Collatz, print_3) {
branch  0 taken 100%
branch  1 taken 0%
        2:  108:    ostringstream w;
        2:  109:    collatz_print(w, 1, 1, 1);
branch  0 taken 100%
branch  1 taken 0%
       22:  110:    ASSERT_EQ("1 1 1\n", w.str());}
branch  0 taken 100%
branch  1 taken 0%
branch  2 taken 100%
branch  3 taken 0%
branch  4 taken 100%
branch  5 taken 0%
branch  6 taken 100%
branch  7 taken 0%
branch  8 never executed
branch  9 never executed
branch 10 never executed
branch 11 never executed
branch 12 never executed
branch 13 never executed
branch 14 never executed
branch 15 never executed
branch 16 taken 50%
branch 17 taken 50%
branch 18 taken 0%
branch 19 taken 100%
branch 20 taken 0%
        -:  111:// -----
        -:  112:// solve
        -:  113:// -----
        -:  114:
function __cxx_global_var_init54 called 2 returned 100% blocks executed 60%
function _ZN20Collatz_solve_1_Test8TestBodyEv called 2 returned 100% blocks executed 43%
function _ZN20Collatz_solve_1_TestD0Ev called 2 returned 100% blocks executed 100%
function _ZN20Collatz_solve_1_TestD1Ev called 2 returned 100% blocks executed 100%
function _ZN20Collatz_solve_1_TestD2Ev called 2 returned 100% blocks executed 100%
function _ZN20Collatz_solve_1_TestC1Ev called 2 returned 100% blocks executed 100%
function _ZN20Collatz_solve_1_TestC2Ev called 2 returned 100% blocks executed 100%
       14:  115:TEST(Collatz, solve_1) {
branch  0 taken 100%
branch  1 taken 0%
        4:  116:    istringstream r("1 10\n100 200\n201 210\n900 1000\n");
branch  0 taken 100%
branch  1 taken 0%
        2:  117:    ostringstream w;
branch  0 taken 100%
branch  1 taken 0%
        2:  118:    collatz_solve(r, w);
branch  0 taken 100%
branch  1 taken 0%
       22:  119:    ASSERT_EQ("1 10 20\n100 200 125\n201 210 89\n900 1000 174\n", w.str());}
branch  0 taken 100%
branch  1 taken 0%
branch  2 taken 100%
branch  3 taken 0%
branch  4 taken 100%
branch  5 taken 0%
branch  6 taken 100%
branch  7 taken 0%
branch  8 never executed
branch  9 never executed
branch 10 never executed
branch 11 never executed
branch 12 never executed
branch 13 never executed
branch 14 never executed
branch 15 never executed
branch 16 taken 50%
branch 17 taken 50%
branch 18 taken 0%
branch 19 taken 100%
branch 20 taken 0%
        -:  120:
        -:  121:
        -:  122:/**
        -:  123:74 811 171
        -:  124:54 521 144
        -:  125:67 661 145
        -:  126:57 801 171
        -:  127:38 471 144
        -:  128:*/
        -:  129:
function __cxx_global_var_init59 called 2 returned 100% blocks executed 60%
function _ZN20Collatz_solve_2_Test8TestBodyEv called 2 returned 100% blocks executed 43%
function _ZN20Collatz_solve_2_TestD0Ev called 2 returned 100% blocks executed 100%
function _ZN20Collatz_solve_2_TestD1Ev called 2 returned 100% blocks executed 100%
function _ZN20Collatz_solve_2_TestD2Ev called 2 returned 100% blocks executed 100%
function _ZN20Collatz_solve_2_TestC1Ev called 2 returned 100% blocks executed 100%
function _ZN20Collatz_solve_2_TestC2Ev called 2 returned 100% blocks executed 100%
       14:  130:TEST(Collatz, solve_2) {
branch  0 taken 100%
branch  1 taken 0%
        4:  131:    istringstream r("74 811\n54 521\n67 661\n57 801\n38 471\n");
branch  0 taken 100%
branch  1 taken 0%
        2:  132:    ostringstream w;
branch  0 taken 100%
branch  1 taken 0%
        2:  133:    collatz_solve(r, w);
branch  0 taken 100%
branch  1 taken 0%
       22:  134:    ASSERT_EQ("74 811 171\n54 521 144\n67 661 145\n57 801 171\n38 471 144\n", w.str());}
branch  0 taken 100%
branch  1 taken 0%
branch  2 taken 100%
branch  3 taken 0%
branch  4 taken 100%
branch  5 taken 0%
branch  6 taken 100%
branch  7 taken 0%
branch  8 never executed
branch  9 never executed
branch 10 never executed
branch 11 never executed
branch 12 never executed
branch 13 never executed
branch 14 never executed
branch 15 never executed
branch 16 taken 50%
branch 17 taken 50%
branch 18 taken 0%
branch 19 taken 100%
branch 20 taken 0%
        -:  135:
        -:  136:/**
        -:  137:16 761 171
        -:  138:3 241 128
        -:  139:25 641 144
        -:  140:40 311 128
        -:  141:20 541 144
        -:  142:56 31 113
        -:  143:42 451 144
        -:  144:*/
        -:  145:
function __cxx_global_var_init64 called 2 returned 100% blocks executed 60%
function _ZN20Collatz_solve_3_Test8TestBodyEv called 2 returned 100% blocks executed 43%
function _ZN20Collatz_solve_3_TestD0Ev called 2 returned 100% blocks executed 100%
function _ZN20Collatz_solve_3_TestD1Ev called 2 returned 100% blocks executed 100%
function _ZN20Collatz_solve_3_TestD2Ev called 2 returned 100% blocks executed 100%
function _ZN20Collatz_solve_3_TestC1Ev called 2 returned 100% blocks executed 100%
function _ZN20Collatz_solve_3_TestC2Ev called 2 returned 100% blocks executed 100%
       14:  146:TEST(Collatz, solve_3) {
branch  0 taken 100%
branch  1 taken 0%
        4:  147:    istringstream r("16 761\n3 241\n25 641\n40 311\n20 541\n56 31\n42 451\n");
branch  0 taken 100%
branch  1 taken 0%
        2:  148:    ostringstream w;
branch  0 taken 100%
branch  1 taken 0%
        2:  149:    collatz_solve(r, w);
branch  0 taken 100%
branch  1 taken 0%
       22:  150:    ASSERT_EQ("16 761 171\n3 241 128\n25 641 144\n40 311 128\n20 541 144\n56 31 113\n42 451 144\n", w.str());}
branch  0 taken 100%
branch  1 taken 0%
branch  2 taken 100%
branch  3 taken 0%
branch  4 taken 100%
branch  5 taken 0%
branch  6 taken 100%
branch  7 taken 0%
branch  8 never executed
branch  9 never executed
branch 10 never executed
branch 11 never executed
branch 12 never executed
branch 13 never executed
branch 14 never executed
branch 15 never executed
branch 16 taken 50%
branch 17 taken 50%
branch 18 taken 0%
branch 19 taken 100%
branch 20 taken 0%
        -:  151:
function __cxx_global_var_init69 called 2 returned 100% blocks executed 60%
function _ZN20Collatz_solve_4_Test8TestBodyEv called 2 returned 100% blocks executed 43%
function _ZN20Collatz_solve_4_TestD0Ev called 2 returned 100% blocks executed 100%
function _ZN20Collatz_solve_4_TestD1Ev called 2 returned 100% blocks executed 100%
function _ZN20Collatz_solve_4_TestD2Ev called 2 returned 100% blocks executed 100%
function _ZN20Collatz_solve_4_TestC1Ev called 2 returned 100% blocks executed 100%
function _ZN20Collatz_solve_4_TestC2Ev called 2 returned 100% blocks executed 100%
       14:  152:TEST(Collatz, solve_4) {
branch  0 taken 100%
branch  1 taken 0%
        4:  153:    istringstream r("1 999999\n14140 23675\n597034 602378\n134 3007\n");
branch  0 taken 100%
branch  1 taken 0%
        2:  154:    ostringstream w;
branch  0 taken 100%
branch  1 taken 0%
        2:  155:    collatz_solve(r, w);
branch  0 taken 100%
branch  1 taken 0%
       22:  156:    ASSERT_EQ("1 999999 525\n14140 23675 282\n597034 602378 403\n134 3007 217\n", w.str());}
branch  0 taken 100%
branch  1 taken 0%
branch  2 taken 100%
branch  3 taken 0%
branch  4 taken 100%
branch  5 taken 0%
branch  6 taken 100%
branch  7 taken 0%
branch  8 never executed
branch  9 never executed
branch 10 never executed
branch 11 never executed
branch 12 never executed
branch 13 never executed
branch 14 never executed
branch 15 never executed
branch 16 taken 50%
branch 17 taken 50%
branch 18 taken 0%
branch 19 taken 100%
branch 20 taken 0%
        -:  157:
        -:  158:
        -:  159:
function __cxx_global_var_init74 called 2 returned 100% blocks executed 60%
function _ZN26Collatz_collatz_cache_Test8TestBodyEv called 2 returned 100% blocks executed 100%
function _ZN26Collatz_collatz_cache_TestD0Ev called 2 returned 100% blocks executed 100%
function _ZN26Collatz_collatz_cache_TestD1Ev called 2 returned 100% blocks executed 100%
function _ZN26Collatz_collatz_cache_TestD2Ev called 2 returned 100% blocks executed 100%
function _ZN26Collatz_collatz_cache_TestC1Ev called 2 returned 100% blocks executed 100%
function _ZN26Collatz_collatz_cache_TestC2Ev called 2 returned 100% blocks executed 100%
       14:  160:TEST(Collatz, collatz_cache){
branch  0 taken 100%
branch  1 taken 0%
        2:  161:    collatz_cache();
        2:  162:}
        -:  163:
        -:  164:/*
        -:  165:% ls -al /usr/include/gtest/
        -:  166:...
        -:  167:gtest.h
        -:  168:...
        -:  169:
        -:  170:
        -:  171:
        -:  172:% locate libgtest.a
        -:  173:/usr/lib/libgtest.a
        -:  174:...
        -:  175:
        -:  176:
        -:  177:
        -:  178:% locate libpthread.a
        -:  179:...
        -:  180:/usr/lib32/libpthread.a
        -:  181:
        -:  182:
        -:  183:
        -:  184:% locate libgtest_main.a
        -:  185:/usr/lib/libgtest_main.a
        -:  186:...
        -:  187:
        -:  188:
        -:  189:
        -:  190:% g++-4.7 -fprofile-arcs -ftest-coverage -pedantic -std=c++11 -Wall Collatz.c++ TestCollatz.c++ -o TestCollatz -lgtest -lgtest_main -lpthread
        -:  191:
        -:  192:
        -:  193:
        -:  194:% valgrind TestCollatz        >  TestCollatz.out 2>&1
        -:  195:% gcov-4.7 -b Collatz.c++     >> TestCollatz.out
        -:  196:% gcov-4.7 -b TestCollatz.c++ >> TestCollatz.out
        -:  197:
        -:  198:
        -:  199:
        -:  200:% cat TestCollatz.out
        -:  201:==14225== Memcheck, a memory error detector
        -:  202:==14225== Copyright (C) 2002-2011, and GNU GPL'd, by Julian Seward et al.
        -:  203:==14225== Using Valgrind-3.7.0 and LibVEX; rerun with -h for copyright info
        -:  204:==14225== Command: TestCollatz
        -:  205:==14225==
        -:  206:Running main() from gtest_main.cc
        -:  207:[==========] Running 7 tests from 1 test case.
        -:  208:[----------] Global test environment set-up.
        -:  209:[----------] 7 tests from Collatz
        -:  210:[ RUN      ] Collatz.read
        -:  211:[       OK ] Collatz.read (31 ms)
        -:  212:[ RUN      ] Collatz.eval_1
        -:  213:[       OK ] Collatz.eval_1 (5 ms)
        -:  214:[ RUN      ] Collatz.eval_2
        -:  215:[       OK ] Collatz.eval_2 (3 ms)
        -:  216:[ RUN      ] Collatz.eval_3
        -:  217:[       OK ] Collatz.eval_3 (3 ms)
        -:  218:[ RUN      ] Collatz.eval_4
        -:  219:[       OK ] Collatz.eval_4 (3 ms)
        -:  220:[ RUN      ] Collatz.print
        -:  221:[       OK ] Collatz.print (17 ms)
        -:  222:[ RUN      ] Collatz.solve
        -:  223:[       OK ] Collatz.solve (10 ms)
        -:  224:[----------] 7 tests from Collatz (88 ms total)
        -:  225:
        -:  226:[----------] Global test environment tear-down
        -:  227:[==========] 7 tests from 1 test case ran. (132 ms total)
        -:  228:[  PASSED  ] 7 tests.
        -:  229:==14225==
        -:  230:==14225== HEAP SUMMARY:
        -:  231:==14225==     in use at exit: 0 bytes in 0 blocks
        -:  232:==14225==   total heap usage: 495 allocs, 495 frees, 70,302 bytes allocated
        -:  233:==14225==
        -:  234:==14225== All heap blocks were freed -- no leaks are possible
        -:  235:==14225==
        -:  236:==14225== For counts of detected and suppressed errors, rerun with: -v
        -:  237:==14225== ERROR SUMMARY: 0 errors from 0 contexts (suppressed: 2 from 2)
        -:  238:File 'Collatz.c++'
        -:  239:Lines executed:100.00% of 17
        -:  240:Branches executed:100.00% of 18
        -:  241:Taken at least once:61.11% of 18
        -:  242:Calls executed:89.47% of 19
        -:  243:Creating 'Collatz.c++.gcov'
        -:  244:...
        -:  245:File 'TestCollatz.c++'
        -:  246:Lines executed:100.00% of 26
        -:  247:Branches executed:57.14% of 224
        -:  248:Taken at least once:28.57% of 224
        -:  249:Calls executed:54.07% of 209
        -:  250:Creating 'TestCollatz.c++.gcov'
        -:  251:...
        -:  252:*/
