        -:    0:Source:/Applications/Xcode.app/Contents/Developer/Toolchains/XcodeDefault.xctoolchain/usr/bin/../include/c++/v1/type_traits
        -:    0:Graph:TestCollatz.gcno
        -:    0:Data:TestCollatz.gcda
        -:    0:Runs:2
        -:    0:Programs:1
        -:    1:// -*- C++ -*-
        -:    2://===------------------------ type_traits ---------------------------------===//
        -:    3://
        -:    4://                     The LLVM Compiler Infrastructure
        -:    5://
        -:    6:// This file is dual licensed under the MIT and the University of Illinois Open
        -:    7:// Source Licenses. See LICENSE.TXT for details.
        -:    8://
        -:    9://===----------------------------------------------------------------------===//
        -:   10:
        -:   11:#ifndef _LIBCPP_TYPE_TRAITS
        -:   12:#define _LIBCPP_TYPE_TRAITS
        -:   13:
        -:   14:/*
        -:   15:    type_traits synopsis
        -:   16:
        -:   17:namespace std
        -:   18:{
        -:   19:
        -:   20:    // helper class:
        -:   21:    template <class T, T v> struct integral_constant;
        -:   22:    typedef integral_constant<bool, true>  true_type;
        -:   23:    typedef integral_constant<bool, false> false_type;
        -:   24:
        -:   25:    // helper traits
        -:   26:    template <bool, class T = void> struct enable_if;
        -:   27:    template <bool, class T, class F> struct conditional;
        -:   28:
        -:   29:    // Primary classification traits:
        -:   30:    template <class T> struct is_void;
        -:   31:    template <class T> struct is_null_pointer;  // C++14
        -:   32:    template <class T> struct is_integral;
        -:   33:    template <class T> struct is_floating_point;
        -:   34:    template <class T> struct is_array;
        -:   35:    template <class T> struct is_pointer;
        -:   36:    template <class T> struct is_lvalue_reference;
        -:   37:    template <class T> struct is_rvalue_reference;
        -:   38:    template <class T> struct is_member_object_pointer;
        -:   39:    template <class T> struct is_member_function_pointer;
        -:   40:    template <class T> struct is_enum;
        -:   41:    template <class T> struct is_union;
        -:   42:    template <class T> struct is_class;
        -:   43:    template <class T> struct is_function;
        -:   44:
        -:   45:    // Secondary classification traits:
        -:   46:    template <class T> struct is_reference;
        -:   47:    template <class T> struct is_arithmetic;
        -:   48:    template <class T> struct is_fundamental;
        -:   49:    template <class T> struct is_member_pointer;
        -:   50:    template <class T> struct is_scalar;
        -:   51:    template <class T> struct is_object;
        -:   52:    template <class T> struct is_compound;
        -:   53:
        -:   54:    // Const-volatile properties and transformations:
        -:   55:    template <class T> struct is_const;
        -:   56:    template <class T> struct is_volatile;
        -:   57:    template <class T> struct remove_const;
        -:   58:    template <class T> struct remove_volatile;
        -:   59:    template <class T> struct remove_cv;
        -:   60:    template <class T> struct add_const;
        -:   61:    template <class T> struct add_volatile;
        -:   62:    template <class T> struct add_cv;
        -:   63:
        -:   64:    // Reference transformations:
        -:   65:    template <class T> struct remove_reference;
        -:   66:    template <class T> struct add_lvalue_reference;
        -:   67:    template <class T> struct add_rvalue_reference;
        -:   68:
        -:   69:    // Pointer transformations:
        -:   70:    template <class T> struct remove_pointer;
        -:   71:    template <class T> struct add_pointer;
        -:   72:
        -:   73:    // Integral properties:
        -:   74:    template <class T> struct is_signed;
        -:   75:    template <class T> struct is_unsigned;
        -:   76:    template <class T> struct make_signed;
        -:   77:    template <class T> struct make_unsigned;
        -:   78:
        -:   79:    // Array properties and transformations:
        -:   80:    template <class T> struct rank;
        -:   81:    template <class T, unsigned I = 0> struct extent;
        -:   82:    template <class T> struct remove_extent;
        -:   83:    template <class T> struct remove_all_extents;
        -:   84:
        -:   85:    // Member introspection:
        -:   86:    template <class T> struct is_pod;
        -:   87:    template <class T> struct is_trivial;
        -:   88:    template <class T> struct is_trivially_copyable;
        -:   89:    template <class T> struct is_standard_layout;
        -:   90:    template <class T> struct is_literal_type;
        -:   91:    template <class T> struct is_empty;
        -:   92:    template <class T> struct is_polymorphic;
        -:   93:    template <class T> struct is_abstract;
        -:   94:
        -:   95:    template <class T, class... Args> struct is_constructible;
        -:   96:    template <class T>                struct is_default_constructible;
        -:   97:    template <class T>                struct is_copy_constructible;
        -:   98:    template <class T>                struct is_move_constructible;
        -:   99:    template <class T, class U>       struct is_assignable;
        -:  100:    template <class T>                struct is_copy_assignable;
        -:  101:    template <class T>                struct is_move_assignable;
        -:  102:    template <class T>                struct is_destructible;
        -:  103:
        -:  104:    template <class T, class... Args> struct is_trivially_constructible;
        -:  105:    template <class T>                struct is_trivially_default_constructible;
        -:  106:    template <class T>                struct is_trivially_copy_constructible;
        -:  107:    template <class T>                struct is_trivially_move_constructible;
        -:  108:    template <class T, class U>       struct is_trivially_assignable;
        -:  109:    template <class T>                struct is_trivially_copy_assignable;
        -:  110:    template <class T>                struct is_trivially_move_assignable;
        -:  111:    template <class T>                struct is_trivially_destructible;
        -:  112:
        -:  113:    template <class T, class... Args> struct is_nothrow_constructible;
        -:  114:    template <class T>                struct is_nothrow_default_constructible;
        -:  115:    template <class T>                struct is_nothrow_copy_constructible;
        -:  116:    template <class T>                struct is_nothrow_move_constructible;
        -:  117:    template <class T, class U>       struct is_nothrow_assignable;
        -:  118:    template <class T>                struct is_nothrow_copy_assignable;
        -:  119:    template <class T>                struct is_nothrow_move_assignable;
        -:  120:    template <class T>                struct is_nothrow_destructible;
        -:  121:
        -:  122:    template <class T> struct has_virtual_destructor;
        -:  123:
        -:  124:    // Relationships between types:
        -:  125:    template <class T, class U> struct is_same;
        -:  126:    template <class Base, class Derived> struct is_base_of;
        -:  127:    template <class From, class To> struct is_convertible;
        -:  128:
        -:  129:    // Alignment properties and transformations:
        -:  130:    template <class T> struct alignment_of;
        -:  131:    template <size_t Len, size_t Align = most_stringent_alignment_requirement>
        -:  132:        struct aligned_storage;
        -:  133:    template <size_t Len, class... Types> struct aligned_union;
        -:  134:
        -:  135:    template <class T> struct decay;
        -:  136:    template <class... T> struct common_type;
        -:  137:    template <class T> struct underlying_type;
        -:  138:    template <class> class result_of; // undefined
        -:  139:    template <class Fn, class... ArgTypes> class result_of<Fn(ArgTypes...)>;
        -:  140:
        -:  141:    // const-volatile modifications:
        -:  142:    template <class T>
        -:  143:      using remove_const_t    = typename remove_const<T>::type;  // C++14
        -:  144:    template <class T>
        -:  145:      using remove_volatile_t = typename remove_volatile<T>::type;  // C++14
        -:  146:    template <class T>
        -:  147:      using remove_cv_t       = typename remove_cv<T>::type;  // C++14
        -:  148:    template <class T>
        -:  149:      using add_const_t       = typename add_const<T>::type;  // C++14
        -:  150:    template <class T>
        -:  151:      using add_volatile_t    = typename add_volatile<T>::type;  // C++14
        -:  152:    template <class T>
        -:  153:      using add_cv_t          = typename add_cv<T>::type;  // C++14
        -:  154:  
        -:  155:    // reference modifications:
        -:  156:    template <class T>
        -:  157:      using remove_reference_t     = typename remove_reference<T>::type;  // C++14
        -:  158:    template <class T>
        -:  159:      using add_lvalue_reference_t = typename add_lvalue_reference<T>::type;  // C++14
        -:  160:    template <class T>
        -:  161:      using add_rvalue_reference_t = typename add_rvalue_reference<T>::type;  // C++14
        -:  162:  
        -:  163:    // sign modifications:
        -:  164:    template <class T>
        -:  165:      using make_signed_t   = typename make_signed<T>::type;  // C++14
        -:  166:    template <class T>
        -:  167:      using make_unsigned_t = typename make_unsigned<T>::type;  // C++14
        -:  168:  
        -:  169:    // array modifications:
        -:  170:    template <class T>
        -:  171:      using remove_extent_t      = typename remove_extent<T>::type;  // C++14
        -:  172:    template <class T>
        -:  173:      using remove_all_extents_t = typename remove_all_extents<T>::type;  // C++14
        -:  174:
        -:  175:    // pointer modifications:
        -:  176:    template <class T>
        -:  177:      using remove_pointer_t = typename remove_pointer<T>::type;  // C++14
        -:  178:    template <class T>
        -:  179:      using add_pointer_t    = typename add_pointer<T>::type;  // C++14
        -:  180:
        -:  181:    // other transformations:
        -:  182:    template <size_t Len, std::size_t Align=default-alignment>
        -:  183:      using aligned_storage_t = typename aligned_storage<Len,Align>::type;  // C++14
        -:  184:    template <std::size_t Len, class... Types>
        -:  185:      using aligned_union_t   = typename aligned_union<Len,Types...>::type;  // C++14
        -:  186:    template <class T>
        -:  187:      using decay_t           = typename decay<T>::type;  // C++14
        -:  188:    template <bool b, class T=void>
        -:  189:      using enable_if_t       = typename enable_if<b,T>::type;  // C++14
        -:  190:    template <bool b, class T, class F>
        -:  191:      using conditional_t     = typename conditional<b,T,F>::type;  // C++14
        -:  192:    template <class... T>
        -:  193:      using common_type_t     = typename common_type<T...>::type;  // C++14
        -:  194:    template <class T>
        -:  195:      using underlying_type_t = typename underlying_type<T>::type;  // C++14
        -:  196:    template <class F, class... ArgTypes>
        -:  197:      using result_of_t       = typename result_of<F(ArgTypes...)>::type;  // C++14
        -:  198:
        -:  199:}  // std
        -:  200:
        -:  201:*/
        -:  202:#include <__config>
        -:  203:#include <cstddef>
        -:  204:
        -:  205:#if !defined(_LIBCPP_HAS_NO_PRAGMA_SYSTEM_HEADER)
        -:  206:#pragma GCC system_header
        -:  207:#endif
        -:  208:
        -:  209:_LIBCPP_BEGIN_NAMESPACE_STD
        -:  210:
        -:  211:template <bool _Bp, class _If, class _Then>
        -:  212:    struct _LIBCPP_TYPE_VIS_ONLY conditional {typedef _If type;};
        -:  213:template <class _If, class _Then>
        -:  214:    struct _LIBCPP_TYPE_VIS_ONLY conditional<false, _If, _Then> {typedef _Then type;};
        -:  215:
        -:  216:#if _LIBCPP_STD_VER > 11
        -:  217:template <bool _Bp, class _If, class _Then> using conditional_t = typename conditional<_Bp, _If, _Then>::type;
        -:  218:#endif
        -:  219:
        -:  220:template <bool, class _Tp = void> struct _LIBCPP_TYPE_VIS_ONLY enable_if {};
        -:  221:template <class _Tp> struct _LIBCPP_TYPE_VIS_ONLY enable_if<true, _Tp> {typedef _Tp type;};
        -:  222:
        -:  223:#if _LIBCPP_STD_VER > 11
        -:  224:template <bool _Bp, class _Tp = void> using enable_if_t = typename enable_if<_Bp, _Tp>::type;
        -:  225:#endif
        -:  226:
        -:  227:
        -:  228:struct __two {char __lx[2];};
        -:  229:
        -:  230:// helper class:
        -:  231:
        -:  232:template <class _Tp, _Tp __v>
        -:  233:struct _LIBCPP_TYPE_VIS_ONLY integral_constant
        -:  234:{
        -:  235:    static _LIBCPP_CONSTEXPR const _Tp      value = __v;
        -:  236:    typedef _Tp               value_type;
        -:  237:    typedef integral_constant type;
        -:  238:    _LIBCPP_INLINE_VISIBILITY
        -:  239:        _LIBCPP_CONSTEXPR operator value_type() const {return value;}
        -:  240:#if _LIBCPP_STD_VER > 11
        -:  241:    _LIBCPP_INLINE_VISIBILITY
        -:  242:         constexpr value_type operator ()() const {return value;}
        -:  243:#endif
        -:  244:};
        -:  245:
        -:  246:template <class _Tp, _Tp __v>
        -:  247:_LIBCPP_CONSTEXPR const _Tp integral_constant<_Tp, __v>::value;
        -:  248:
        -:  249:typedef integral_constant<bool, true>  true_type;
        -:  250:typedef integral_constant<bool, false> false_type;
        -:  251:
        -:  252:// is_const
        -:  253:
        -:  254:template <class _Tp> struct _LIBCPP_TYPE_VIS_ONLY is_const            : public false_type {};
        -:  255:template <class _Tp> struct _LIBCPP_TYPE_VIS_ONLY is_const<_Tp const> : public true_type {};
        -:  256:
        -:  257:// is_volatile
        -:  258:
        -:  259:template <class _Tp> struct _LIBCPP_TYPE_VIS_ONLY is_volatile               : public false_type {};
        -:  260:template <class _Tp> struct _LIBCPP_TYPE_VIS_ONLY is_volatile<_Tp volatile> : public true_type {};
        -:  261:
        -:  262:// remove_const
        -:  263:
        -:  264:template <class _Tp> struct _LIBCPP_TYPE_VIS_ONLY remove_const            {typedef _Tp type;};
        -:  265:template <class _Tp> struct _LIBCPP_TYPE_VIS_ONLY remove_const<const _Tp> {typedef _Tp type;};
        -:  266:#if _LIBCPP_STD_VER > 11
        -:  267:template <class _Tp> using remove_const_t = typename remove_const<_Tp>::type;
        -:  268:#endif
        -:  269:
        -:  270:// remove_volatile
        -:  271:
        -:  272:template <class _Tp> struct _LIBCPP_TYPE_VIS_ONLY remove_volatile               {typedef _Tp type;};
        -:  273:template <class _Tp> struct _LIBCPP_TYPE_VIS_ONLY remove_volatile<volatile _Tp> {typedef _Tp type;};
        -:  274:#if _LIBCPP_STD_VER > 11
        -:  275:template <class _Tp> using remove_volatile_t = typename remove_volatile<_Tp>::type;
        -:  276:#endif
        -:  277:
        -:  278:// remove_cv
        -:  279:
        -:  280:template <class _Tp> struct _LIBCPP_TYPE_VIS_ONLY remove_cv
        -:  281:{typedef typename remove_volatile<typename remove_const<_Tp>::type>::type type;};
        -:  282:#if _LIBCPP_STD_VER > 11
        -:  283:template <class _Tp> using remove_cv_t = typename remove_cv<_Tp>::type;
        -:  284:#endif
        -:  285:
        -:  286:// is_void
        -:  287:
        -:  288:template <class _Tp> struct __libcpp_is_void       : public false_type {};
        -:  289:template <>          struct __libcpp_is_void<void> : public true_type {};
        -:  290:
        -:  291:template <class _Tp> struct _LIBCPP_TYPE_VIS_ONLY is_void
        -:  292:    : public __libcpp_is_void<typename remove_cv<_Tp>::type> {};
        -:  293:
        -:  294:// __is_nullptr_t
        -:  295:
        -:  296:template <class _Tp> struct __is_nullptr_t_impl       : public false_type {};
        -:  297:template <>          struct __is_nullptr_t_impl<nullptr_t> : public true_type {};
        -:  298:
        -:  299:template <class _Tp> struct _LIBCPP_TYPE_VIS_ONLY __is_nullptr_t
        -:  300:    : public __is_nullptr_t_impl<typename remove_cv<_Tp>::type> {};
        -:  301:
        -:  302:#if _LIBCPP_STD_VER > 11
        -:  303:template <class _Tp> struct _LIBCPP_TYPE_VIS_ONLY is_null_pointer
        -:  304:    : public __is_nullptr_t_impl<typename remove_cv<_Tp>::type> {};
        -:  305:#endif
        -:  306:
        -:  307:// is_integral
        -:  308:
        -:  309:template <class _Tp> struct __libcpp_is_integral                     : public false_type {};
        -:  310:template <>          struct __libcpp_is_integral<bool>               : public true_type {};
        -:  311:template <>          struct __libcpp_is_integral<char>               : public true_type {};
        -:  312:template <>          struct __libcpp_is_integral<signed char>        : public true_type {};
        -:  313:template <>          struct __libcpp_is_integral<unsigned char>      : public true_type {};
        -:  314:template <>          struct __libcpp_is_integral<wchar_t>            : public true_type {};
        -:  315:#ifndef _LIBCPP_HAS_NO_UNICODE_CHARS
        -:  316:template <>          struct __libcpp_is_integral<char16_t>           : public true_type {};
        -:  317:template <>          struct __libcpp_is_integral<char32_t>           : public true_type {};
        -:  318:#endif  // _LIBCPP_HAS_NO_UNICODE_CHARS
        -:  319:template <>          struct __libcpp_is_integral<short>              : public true_type {};
        -:  320:template <>          struct __libcpp_is_integral<unsigned short>     : public true_type {};
        -:  321:template <>          struct __libcpp_is_integral<int>                : public true_type {};
        -:  322:template <>          struct __libcpp_is_integral<unsigned int>       : public true_type {};
        -:  323:template <>          struct __libcpp_is_integral<long>               : public true_type {};
        -:  324:template <>          struct __libcpp_is_integral<unsigned long>      : public true_type {};
        -:  325:template <>          struct __libcpp_is_integral<long long>          : public true_type {};
        -:  326:template <>          struct __libcpp_is_integral<unsigned long long> : public true_type {};
        -:  327:
        -:  328:template <class _Tp> struct _LIBCPP_TYPE_VIS_ONLY is_integral
        -:  329:    : public __libcpp_is_integral<typename remove_cv<_Tp>::type> {};
        -:  330:
        -:  331:// is_floating_point
        -:  332:
        -:  333:template <class _Tp> struct __libcpp_is_floating_point              : public false_type {};
        -:  334:template <>          struct __libcpp_is_floating_point<float>       : public true_type {};
        -:  335:template <>          struct __libcpp_is_floating_point<double>      : public true_type {};
        -:  336:template <>          struct __libcpp_is_floating_point<long double> : public true_type {};
        -:  337:
        -:  338:template <class _Tp> struct _LIBCPP_TYPE_VIS_ONLY is_floating_point
        -:  339:    : public __libcpp_is_floating_point<typename remove_cv<_Tp>::type> {};
        -:  340:
        -:  341:// is_array
        -:  342:
        -:  343:template <class _Tp> struct _LIBCPP_TYPE_VIS_ONLY is_array
        -:  344:    : public false_type {};
        -:  345:template <class _Tp> struct _LIBCPP_TYPE_VIS_ONLY is_array<_Tp[]>
        -:  346:    : public true_type {};
        -:  347:template <class _Tp, size_t _Np> struct _LIBCPP_TYPE_VIS_ONLY is_array<_Tp[_Np]>
        -:  348:    : public true_type {};
        -:  349:
        -:  350:// is_pointer
        -:  351:
        -:  352:template <class _Tp> struct __libcpp_is_pointer       : public false_type {};
        -:  353:template <class _Tp> struct __libcpp_is_pointer<_Tp*> : public true_type {};
        -:  354:
        -:  355:template <class _Tp> struct _LIBCPP_TYPE_VIS_ONLY is_pointer
        -:  356:    : public __libcpp_is_pointer<typename remove_cv<_Tp>::type> {};
        -:  357:
        -:  358:// is_reference
        -:  359:
        -:  360:template <class _Tp> struct _LIBCPP_TYPE_VIS_ONLY is_lvalue_reference       : public false_type {};
        -:  361:template <class _Tp> struct _LIBCPP_TYPE_VIS_ONLY is_lvalue_reference<_Tp&> : public true_type {};
        -:  362:
        -:  363:template <class _Tp> struct _LIBCPP_TYPE_VIS_ONLY is_rvalue_reference        : public false_type {};
        -:  364:#ifndef _LIBCPP_HAS_NO_RVALUE_REFERENCES
        -:  365:template <class _Tp> struct _LIBCPP_TYPE_VIS_ONLY is_rvalue_reference<_Tp&&> : public true_type {};
        -:  366:#endif
        -:  367:
        -:  368:template <class _Tp> struct _LIBCPP_TYPE_VIS_ONLY is_reference        : public false_type {};
        -:  369:template <class _Tp> struct _LIBCPP_TYPE_VIS_ONLY is_reference<_Tp&>  : public true_type {};
        -:  370:#ifndef _LIBCPP_HAS_NO_RVALUE_REFERENCES
        -:  371:template <class _Tp> struct _LIBCPP_TYPE_VIS_ONLY is_reference<_Tp&&> : public true_type {};
        -:  372:#endif
        -:  373:
        -:  374:#if defined(__clang__) || (__GNUC__ > 4) || (__GNUC__ == 4 && __GNUC_MINOR__ >= 3)
        -:  375:#define _LIBCPP_HAS_TYPE_TRAITS
        -:  376:#endif
        -:  377:
        -:  378:// is_union
        -:  379:
        -:  380:#if __has_feature(is_union) || (__GNUC__ > 4) || (__GNUC__ == 4 && __GNUC_MINOR__ >= 3)
        -:  381:
        -:  382:template <class _Tp> struct _LIBCPP_TYPE_VIS_ONLY is_union
        -:  383:    : public integral_constant<bool, __is_union(_Tp)> {};
        -:  384:
        -:  385:#else
        -:  386:
        -:  387:template <class _Tp> struct __libcpp_union : public false_type {};
        -:  388:template <class _Tp> struct _LIBCPP_TYPE_VIS_ONLY is_union
        -:  389:    : public __libcpp_union<typename remove_cv<_Tp>::type> {};
        -:  390:
        -:  391:#endif
        -:  392:
        -:  393:// is_class
        -:  394:
        -:  395:#if __has_feature(is_class) || (__GNUC__ > 4) || (__GNUC__ == 4 && __GNUC_MINOR__ >= 3)
        -:  396:
        -:  397:template <class _Tp> struct _LIBCPP_TYPE_VIS_ONLY is_class
        -:  398:    : public integral_constant<bool, __is_class(_Tp)> {};
        -:  399:
        -:  400:#else
        -:  401:
        -:  402:namespace __is_class_imp
        -:  403:{
        -:  404:template <class _Tp> char  __test(int _Tp::*);
        -:  405:template <class _Tp> __two __test(...);
        -:  406:}
        -:  407:
        -:  408:template <class _Tp> struct _LIBCPP_TYPE_VIS_ONLY is_class
        -:  409:    : public integral_constant<bool, sizeof(__is_class_imp::__test<_Tp>(0)) == 1 && !is_union<_Tp>::value> {};
        -:  410:
        -:  411:#endif
        -:  412:
        -:  413:// is_same
        -:  414:
        -:  415:template <class _Tp, class _Up> struct _LIBCPP_TYPE_VIS_ONLY is_same           : public false_type {};
        -:  416:template <class _Tp>            struct _LIBCPP_TYPE_VIS_ONLY is_same<_Tp, _Tp> : public true_type {};
        -:  417:
        -:  418:// is_function
        -:  419:
        -:  420:namespace __libcpp_is_function_imp
        -:  421:{
        -:  422:template <class _Tp> char  __test(_Tp*);
        -:  423:template <class _Tp> __two __test(...);
        -:  424:template <class _Tp> _Tp&  __source();
        -:  425:}
        -:  426:
        -:  427:template <class _Tp, bool = is_class<_Tp>::value ||
        -:  428:                            is_union<_Tp>::value ||
        -:  429:                            is_void<_Tp>::value  ||
        -:  430:                            is_reference<_Tp>::value ||
        -:  431:                            __is_nullptr_t<_Tp>::value >
        -:  432:struct __libcpp_is_function
        -:  433:    : public integral_constant<bool, sizeof(__libcpp_is_function_imp::__test<_Tp>(__libcpp_is_function_imp::__source<_Tp>())) == 1>
        -:  434:    {};
        -:  435:template <class _Tp> struct __libcpp_is_function<_Tp, true> : public false_type {};
        -:  436:
        -:  437:template <class _Tp> struct _LIBCPP_TYPE_VIS_ONLY is_function
        -:  438:    : public __libcpp_is_function<_Tp> {};
        -:  439:
        -:  440:// is_member_function_pointer
        -:  441:
        -:  442:template <class _Tp> struct            __libcpp_is_member_function_pointer             : public false_type {};
        -:  443:template <class _Tp, class _Up> struct __libcpp_is_member_function_pointer<_Tp _Up::*> : public is_function<_Tp> {};
        -:  444:
        -:  445:template <class _Tp> struct _LIBCPP_TYPE_VIS_ONLY is_member_function_pointer
        -:  446:    : public __libcpp_is_member_function_pointer<typename remove_cv<_Tp>::type> {};
        -:  447:
        -:  448:// is_member_pointer
        -:  449:
        -:  450:template <class _Tp>            struct __libcpp_is_member_pointer             : public false_type {};
        -:  451:template <class _Tp, class _Up> struct __libcpp_is_member_pointer<_Tp _Up::*> : public true_type {};
        -:  452:
        -:  453:template <class _Tp> struct _LIBCPP_TYPE_VIS_ONLY is_member_pointer
        -:  454:    : public __libcpp_is_member_pointer<typename remove_cv<_Tp>::type> {};
        -:  455:
        -:  456:// is_member_object_pointer
        -:  457:
        -:  458:template <class _Tp> struct _LIBCPP_TYPE_VIS_ONLY is_member_object_pointer
        -:  459:    : public integral_constant<bool, is_member_pointer<_Tp>::value &&
        -:  460:                                    !is_member_function_pointer<_Tp>::value> {};
        -:  461:
        -:  462:// is_enum
        -:  463:
        -:  464:#if __has_feature(is_enum) || (__GNUC__ > 4) || (__GNUC__ == 4 && __GNUC_MINOR__ >= 3)
        -:  465:
        -:  466:template <class _Tp> struct _LIBCPP_TYPE_VIS_ONLY is_enum
        -:  467:    : public integral_constant<bool, __is_enum(_Tp)> {};
        -:  468:
        -:  469:#else
        -:  470:
        -:  471:template <class _Tp> struct _LIBCPP_TYPE_VIS_ONLY is_enum
        -:  472:    : public integral_constant<bool, !is_void<_Tp>::value             &&
        -:  473:                                     !is_integral<_Tp>::value         &&
        -:  474:                                     !is_floating_point<_Tp>::value   &&
        -:  475:                                     !is_array<_Tp>::value            &&
        -:  476:                                     !is_pointer<_Tp>::value          &&
        -:  477:                                     !is_reference<_Tp>::value        &&
        -:  478:                                     !is_member_pointer<_Tp>::value   &&
        -:  479:                                     !is_union<_Tp>::value            &&
        -:  480:                                     !is_class<_Tp>::value            &&
        -:  481:                                     !is_function<_Tp>::value         > {};
        -:  482:
        -:  483:#endif
        -:  484:
        -:  485:// is_arithmetic
        -:  486:
        -:  487:template <class _Tp> struct _LIBCPP_TYPE_VIS_ONLY is_arithmetic
        -:  488:    : public integral_constant<bool, is_integral<_Tp>::value      ||
        -:  489:                                     is_floating_point<_Tp>::value> {};
        -:  490:
        -:  491:// is_fundamental
        -:  492:
        -:  493:template <class _Tp> struct _LIBCPP_TYPE_VIS_ONLY is_fundamental
        -:  494:    : public integral_constant<bool, is_void<_Tp>::value        ||
        -:  495:                                     __is_nullptr_t<_Tp>::value ||
        -:  496:                                     is_arithmetic<_Tp>::value> {};
        -:  497:
        -:  498:// is_scalar
        -:  499:
        -:  500:template <class _Tp> struct _LIBCPP_TYPE_VIS_ONLY is_scalar
        -:  501:    : public integral_constant<bool, is_arithmetic<_Tp>::value     ||
        -:  502:                                     is_member_pointer<_Tp>::value ||
        -:  503:                                     is_pointer<_Tp>::value        ||
        -:  504:                                     __is_nullptr_t<_Tp>::value    ||
        -:  505:                                     is_enum<_Tp>::value           > {};
        -:  506:
        -:  507:template <> struct _LIBCPP_TYPE_VIS_ONLY is_scalar<nullptr_t> : public true_type {};
        -:  508:
        -:  509:// is_object
        -:  510:
        -:  511:template <class _Tp> struct _LIBCPP_TYPE_VIS_ONLY is_object
        -:  512:    : public integral_constant<bool, is_scalar<_Tp>::value ||
        -:  513:                                     is_array<_Tp>::value  ||
        -:  514:                                     is_union<_Tp>::value  ||
        -:  515:                                     is_class<_Tp>::value  > {};
        -:  516:
        -:  517:// is_compound
        -:  518:
        -:  519:template <class _Tp> struct _LIBCPP_TYPE_VIS_ONLY is_compound
        -:  520:    : public integral_constant<bool, !is_fundamental<_Tp>::value> {};
        -:  521:
        -:  522:// add_const
        -:  523:
        -:  524:template <class _Tp, bool = is_reference<_Tp>::value ||
        -:  525:                            is_function<_Tp>::value  ||
        -:  526:                            is_const<_Tp>::value     >
        -:  527:struct __add_const             {typedef _Tp type;};
        -:  528:
        -:  529:template <class _Tp>
        -:  530:struct __add_const<_Tp, false> {typedef const _Tp type;};
        -:  531:
        -:  532:template <class _Tp> struct _LIBCPP_TYPE_VIS_ONLY add_const
        -:  533:    {typedef typename __add_const<_Tp>::type type;};
        -:  534:
        -:  535:#if _LIBCPP_STD_VER > 11
        -:  536:template <class _Tp> using add_const_t = typename add_const<_Tp>::type;
        -:  537:#endif
        -:  538:
        -:  539:// add_volatile
        -:  540:
        -:  541:template <class _Tp, bool = is_reference<_Tp>::value ||
        -:  542:                            is_function<_Tp>::value  ||
        -:  543:                            is_volatile<_Tp>::value  >
        -:  544:struct __add_volatile             {typedef _Tp type;};
        -:  545:
        -:  546:template <class _Tp>
        -:  547:struct __add_volatile<_Tp, false> {typedef volatile _Tp type;};
        -:  548:
        -:  549:template <class _Tp> struct _LIBCPP_TYPE_VIS_ONLY add_volatile
        -:  550:    {typedef typename __add_volatile<_Tp>::type type;};
        -:  551:
        -:  552:#if _LIBCPP_STD_VER > 11
        -:  553:template <class _Tp> using add_volatile_t = typename add_volatile<_Tp>::type;
        -:  554:#endif
        -:  555:
        -:  556:// add_cv
        -:  557:
        -:  558:template <class _Tp> struct _LIBCPP_TYPE_VIS_ONLY add_cv
        -:  559:    {typedef typename add_const<typename add_volatile<_Tp>::type>::type type;};
        -:  560:
        -:  561:#if _LIBCPP_STD_VER > 11
        -:  562:template <class _Tp> using add_cv_t = typename add_cv<_Tp>::type;
        -:  563:#endif
        -:  564:
        -:  565:// remove_reference
        -:  566:
        -:  567:template <class _Tp> struct _LIBCPP_TYPE_VIS_ONLY remove_reference        {typedef _Tp type;};
        -:  568:template <class _Tp> struct _LIBCPP_TYPE_VIS_ONLY remove_reference<_Tp&>  {typedef _Tp type;};
        -:  569:#ifndef _LIBCPP_HAS_NO_RVALUE_REFERENCES
        -:  570:template <class _Tp> struct _LIBCPP_TYPE_VIS_ONLY remove_reference<_Tp&&> {typedef _Tp type;};
        -:  571:#endif
        -:  572:
        -:  573:#if _LIBCPP_STD_VER > 11
        -:  574:template <class _Tp> using remove_reference_t = typename remove_reference<_Tp>::type;
        -:  575:#endif
        -:  576:
        -:  577:// add_lvalue_reference
        -:  578:
        -:  579:template <class _Tp> struct _LIBCPP_TYPE_VIS_ONLY add_lvalue_reference                      {typedef _Tp& type;};
        -:  580:template <class _Tp> struct _LIBCPP_TYPE_VIS_ONLY add_lvalue_reference<_Tp&>                {typedef _Tp& type;};  // for older compiler
        -:  581:template <>          struct _LIBCPP_TYPE_VIS_ONLY add_lvalue_reference<void>                {typedef void type;};
        -:  582:template <>          struct _LIBCPP_TYPE_VIS_ONLY add_lvalue_reference<const void>          {typedef const void type;};
        -:  583:template <>          struct _LIBCPP_TYPE_VIS_ONLY add_lvalue_reference<volatile void>       {typedef volatile void type;};
        -:  584:template <>          struct _LIBCPP_TYPE_VIS_ONLY add_lvalue_reference<const volatile void> {typedef const volatile void type;};
        -:  585:
        -:  586:#if _LIBCPP_STD_VER > 11
        -:  587:template <class _Tp> using add_lvalue_reference_t = typename add_lvalue_reference<_Tp>::type;
        -:  588:#endif
        -:  589:
        -:  590:#ifndef _LIBCPP_HAS_NO_RVALUE_REFERENCES
        -:  591:
        -:  592:template <class _Tp> struct _LIBCPP_TYPE_VIS_ONLY  add_rvalue_reference                     {typedef _Tp&& type;};
        -:  593:template <>          struct _LIBCPP_TYPE_VIS_ONLY add_rvalue_reference<void>                {typedef void type;};
        -:  594:template <>          struct _LIBCPP_TYPE_VIS_ONLY add_rvalue_reference<const void>          {typedef const void type;};
        -:  595:template <>          struct _LIBCPP_TYPE_VIS_ONLY add_rvalue_reference<volatile void>       {typedef volatile void type;};
        -:  596:template <>          struct _LIBCPP_TYPE_VIS_ONLY add_rvalue_reference<const volatile void> {typedef const volatile void type;};
        -:  597:
        -:  598:#if _LIBCPP_STD_VER > 11
        -:  599:template <class _Tp> using add_rvalue_reference_t = typename add_rvalue_reference<_Tp>::type;
        -:  600:#endif
        -:  601:
        -:  602:#endif  // _LIBCPP_HAS_NO_RVALUE_REFERENCES
        -:  603:
        -:  604:#ifndef _LIBCPP_HAS_NO_RVALUE_REFERENCES
        -:  605:
        -:  606:template <class _Tp>
        -:  607:typename add_rvalue_reference<_Tp>::type
        -:  608:declval() _NOEXCEPT;
        -:  609:
        -:  610:#else  // _LIBCPP_HAS_NO_RVALUE_REFERENCES
        -:  611:
        -:  612:template <class _Tp>
        -:  613:typename add_lvalue_reference<_Tp>::type
        -:  614:declval();
        -:  615:
        -:  616:#endif  // _LIBCPP_HAS_NO_RVALUE_REFERENCES
        -:  617:
        -:  618:struct __any
        -:  619:{
        -:  620:    __any(...);
        -:  621:};
        -:  622:
        -:  623:// remove_pointer
        -:  624:
        -:  625:template <class _Tp> struct _LIBCPP_TYPE_VIS_ONLY remove_pointer                      {typedef _Tp type;};
        -:  626:template <class _Tp> struct _LIBCPP_TYPE_VIS_ONLY remove_pointer<_Tp*>                {typedef _Tp type;};
        -:  627:template <class _Tp> struct _LIBCPP_TYPE_VIS_ONLY remove_pointer<_Tp* const>          {typedef _Tp type;};
        -:  628:template <class _Tp> struct _LIBCPP_TYPE_VIS_ONLY remove_pointer<_Tp* volatile>       {typedef _Tp type;};
        -:  629:template <class _Tp> struct _LIBCPP_TYPE_VIS_ONLY remove_pointer<_Tp* const volatile> {typedef _Tp type;};
        -:  630:
        -:  631:#if _LIBCPP_STD_VER > 11
        -:  632:template <class _Tp> using remove_pointer_t = typename remove_pointer<_Tp>::type;
        -:  633:#endif
        -:  634:
        -:  635:// add_pointer
        -:  636:
        -:  637:template <class _Tp> struct _LIBCPP_TYPE_VIS_ONLY add_pointer
        -:  638:    {typedef typename remove_reference<_Tp>::type* type;};
        -:  639:
        -:  640:#if _LIBCPP_STD_VER > 11
        -:  641:template <class _Tp> using add_pointer_t = typename add_pointer<_Tp>::type;
        -:  642:#endif
        -:  643:
        -:  644:// is_signed
        -:  645:
        -:  646:template <class _Tp, bool = is_integral<_Tp>::value>
        -:  647:struct __libcpp_is_signed_impl : public integral_constant<bool, _Tp(-1) < _Tp(0)> {};
        -:  648:
        -:  649:template <class _Tp>
        -:  650:struct __libcpp_is_signed_impl<_Tp, false> : public true_type {};  // floating point
        -:  651:
        -:  652:template <class _Tp, bool = is_arithmetic<_Tp>::value>
        -:  653:struct __libcpp_is_signed : public __libcpp_is_signed_impl<_Tp> {};
        -:  654:
        -:  655:template <class _Tp> struct __libcpp_is_signed<_Tp, false> : public false_type {};
        -:  656:
        -:  657:template <class _Tp> struct _LIBCPP_TYPE_VIS_ONLY is_signed : public __libcpp_is_signed<_Tp> {};
        -:  658:
        -:  659:// is_unsigned
        -:  660:
        -:  661:template <class _Tp, bool = is_integral<_Tp>::value>
        -:  662:struct __libcpp_is_unsigned_impl : public integral_constant<bool, _Tp(0) < _Tp(-1)> {};
        -:  663:
        -:  664:template <class _Tp>
        -:  665:struct __libcpp_is_unsigned_impl<_Tp, false> : public false_type {};  // floating point
        -:  666:
        -:  667:template <class _Tp, bool = is_arithmetic<_Tp>::value>
        -:  668:struct __libcpp_is_unsigned : public __libcpp_is_unsigned_impl<_Tp> {};
        -:  669:
        -:  670:template <class _Tp> struct __libcpp_is_unsigned<_Tp, false> : public false_type {};
        -:  671:
        -:  672:template <class _Tp> struct _LIBCPP_TYPE_VIS_ONLY is_unsigned : public __libcpp_is_unsigned<_Tp> {};
        -:  673:
        -:  674:// rank
        -:  675:
        -:  676:template <class _Tp> struct _LIBCPP_TYPE_VIS_ONLY rank
        -:  677:    : public integral_constant<size_t, 0> {};
        -:  678:template <class _Tp> struct _LIBCPP_TYPE_VIS_ONLY rank<_Tp[]>
        -:  679:    : public integral_constant<size_t, rank<_Tp>::value + 1> {};
        -:  680:template <class _Tp, size_t _Np> struct _LIBCPP_TYPE_VIS_ONLY rank<_Tp[_Np]>
        -:  681:    : public integral_constant<size_t, rank<_Tp>::value + 1> {};
        -:  682:
        -:  683:// extent
        -:  684:
        -:  685:template <class _Tp, unsigned _Ip = 0> struct _LIBCPP_TYPE_VIS_ONLY extent
        -:  686:    : public integral_constant<size_t, 0> {};
        -:  687:template <class _Tp> struct _LIBCPP_TYPE_VIS_ONLY extent<_Tp[], 0>
        -:  688:    : public integral_constant<size_t, 0> {};
        -:  689:template <class _Tp, unsigned _Ip> struct _LIBCPP_TYPE_VIS_ONLY extent<_Tp[], _Ip>
        -:  690:    : public integral_constant<size_t, extent<_Tp, _Ip-1>::value> {};
        -:  691:template <class _Tp, size_t _Np> struct _LIBCPP_TYPE_VIS_ONLY extent<_Tp[_Np], 0>
        -:  692:    : public integral_constant<size_t, _Np> {};
        -:  693:template <class _Tp, size_t _Np, unsigned _Ip> struct _LIBCPP_TYPE_VIS_ONLY extent<_Tp[_Np], _Ip>
        -:  694:    : public integral_constant<size_t, extent<_Tp, _Ip-1>::value> {};
        -:  695:
        -:  696:// remove_extent
        -:  697:
        -:  698:template <class _Tp> struct _LIBCPP_TYPE_VIS_ONLY remove_extent
        -:  699:    {typedef _Tp type;};
        -:  700:template <class _Tp> struct _LIBCPP_TYPE_VIS_ONLY remove_extent<_Tp[]>
        -:  701:    {typedef _Tp type;};
        -:  702:template <class _Tp, size_t _Np> struct _LIBCPP_TYPE_VIS_ONLY remove_extent<_Tp[_Np]>
        -:  703:    {typedef _Tp type;};
        -:  704:
        -:  705:#if _LIBCPP_STD_VER > 11
        -:  706:template <class _Tp> using remove_extent_t = typename remove_extent<_Tp>::type;
        -:  707:#endif
        -:  708:
        -:  709:// remove_all_extents
        -:  710:
        -:  711:template <class _Tp> struct _LIBCPP_TYPE_VIS_ONLY remove_all_extents
        -:  712:    {typedef _Tp type;};
        -:  713:template <class _Tp> struct _LIBCPP_TYPE_VIS_ONLY remove_all_extents<_Tp[]>
        -:  714:    {typedef typename remove_all_extents<_Tp>::type type;};
        -:  715:template <class _Tp, size_t _Np> struct _LIBCPP_TYPE_VIS_ONLY remove_all_extents<_Tp[_Np]>
        -:  716:    {typedef typename remove_all_extents<_Tp>::type type;};
        -:  717:
        -:  718:#if _LIBCPP_STD_VER > 11
        -:  719:template <class _Tp> using remove_all_extents_t = typename remove_all_extents<_Tp>::type;
        -:  720:#endif
        -:  721:
        -:  722:// decay
        -:  723:
        -:  724:template <class _Tp>
        -:  725:struct _LIBCPP_TYPE_VIS_ONLY decay
        -:  726:{
        -:  727:private:
        -:  728:    typedef typename remove_reference<_Tp>::type _Up;
        -:  729:public:
        -:  730:    typedef typename conditional
        -:  731:                     <
        -:  732:                         is_array<_Up>::value,
        -:  733:                         typename remove_extent<_Up>::type*,
        -:  734:                         typename conditional
        -:  735:                         <
        -:  736:                              is_function<_Up>::value,
        -:  737:                              typename add_pointer<_Up>::type,
        -:  738:                              typename remove_cv<_Up>::type
        -:  739:                         >::type
        -:  740:                     >::type type;
        -:  741:};
        -:  742:
        -:  743:#if _LIBCPP_STD_VER > 11
        -:  744:template <class _Tp> using decay_t = typename decay<_Tp>::type;
        -:  745:#endif
        -:  746:
        -:  747:// is_abstract
        -:  748:
        -:  749:namespace __is_abstract_imp
        -:  750:{
        -:  751:template <class _Tp> char  __test(_Tp (*)[1]);
        -:  752:template <class _Tp> __two __test(...);
        -:  753:}
        -:  754:
        -:  755:template <class _Tp, bool = is_class<_Tp>::value>
        -:  756:struct __libcpp_abstract : public integral_constant<bool, sizeof(__is_abstract_imp::__test<_Tp>(0)) != 1> {};
        -:  757:
        -:  758:template <class _Tp> struct __libcpp_abstract<_Tp, false> : public false_type {};
        -:  759:
        -:  760:template <class _Tp> struct _LIBCPP_TYPE_VIS_ONLY is_abstract : public __libcpp_abstract<_Tp> {};
        -:  761:
        -:  762:// is_base_of
        -:  763:
        -:  764:#ifdef _LIBCPP_HAS_IS_BASE_OF
        -:  765:
        -:  766:template <class _Bp, class _Dp>
        -:  767:struct _LIBCPP_TYPE_VIS_ONLY is_base_of
        -:  768:    : public integral_constant<bool, __is_base_of(_Bp, _Dp)> {};
        -:  769:
        -:  770:#else  // __has_feature(is_base_of)
        -:  771:
        -:  772:namespace __is_base_of_imp
        -:  773:{
        -:  774:template <class _Tp>
        -:  775:struct _Dst
        -:  776:{
        -:  777:    _Dst(const volatile _Tp &);
        -:  778:};
        -:  779:template <class _Tp>
        -:  780:struct _Src
        -:  781:{
        -:  782:    operator const volatile _Tp &();
        -:  783:    template <class _Up> operator const _Dst<_Up> &();
        -:  784:};
        -:  785:template <size_t> struct __one { typedef char type; };
        -:  786:template <class _Bp, class _Dp> typename __one<sizeof(_Dst<_Bp>(declval<_Src<_Dp> >()))>::type __test(int);
        -:  787:template <class _Bp, class _Dp> __two __test(...);
        -:  788:}
        -:  789:
        -:  790:template <class _Bp, class _Dp>
        -:  791:struct _LIBCPP_TYPE_VIS_ONLY is_base_of
        -:  792:    : public integral_constant<bool, is_class<_Bp>::value &&
        -:  793:                                     sizeof(__is_base_of_imp::__test<_Bp, _Dp>(0)) == 2> {};
        -:  794:
        -:  795:#endif  // __has_feature(is_base_of)
        -:  796:
        -:  797:// is_convertible
        -:  798:
        -:  799:#if __has_feature(is_convertible_to)
        -:  800:
        -:  801:template <class _T1, class _T2> struct _LIBCPP_TYPE_VIS_ONLY is_convertible
        -:  802:    : public integral_constant<bool, __is_convertible_to(_T1, _T2) &&
        -:  803:                                     !is_abstract<_T2>::value> {};
        -:  804:
        -:  805:#else  // __has_feature(is_convertible_to)
        -:  806:
        -:  807:namespace __is_convertible_imp
        -:  808:{
        -:  809:template <class _Tp> char  __test(_Tp);
        -:  810:template <class _Tp> __two __test(...);
        -:  811:#ifndef _LIBCPP_HAS_NO_RVALUE_REFERENCES
        -:  812:template <class _Tp> _Tp&& __source();
        -:  813:#else
        -:  814:template <class _Tp> typename remove_reference<_Tp>::type& __source();
        -:  815:#endif
        -:  816:
        -:  817:template <class _Tp, bool _IsArray =    is_array<_Tp>::value,
        -:  818:                     bool _IsFunction = is_function<_Tp>::value,
        -:  819:                     bool _IsVoid =     is_void<_Tp>::value>
        -:  820:                     struct __is_array_function_or_void                          {enum {value = 0};};
        -:  821:template <class _Tp> struct __is_array_function_or_void<_Tp, true, false, false> {enum {value = 1};};
        -:  822:template <class _Tp> struct __is_array_function_or_void<_Tp, false, true, false> {enum {value = 2};};
        -:  823:template <class _Tp> struct __is_array_function_or_void<_Tp, false, false, true> {enum {value = 3};};
        -:  824:}
        -:  825:
        -:  826:template <class _Tp,
        -:  827:    unsigned = __is_convertible_imp::__is_array_function_or_void<typename remove_reference<_Tp>::type>::value>
        -:  828:struct __is_convertible_check
        -:  829:{
        -:  830:    static const size_t __v = 0;
        -:  831:};
        -:  832:
        -:  833:template <class _Tp>
        -:  834:struct __is_convertible_check<_Tp, 0>
        -:  835:{
        -:  836:    static const size_t __v = sizeof(_Tp);
        -:  837:};
        -:  838:
        -:  839:template <class _T1, class _T2,
        -:  840:    unsigned _T1_is_array_function_or_void = __is_convertible_imp::__is_array_function_or_void<_T1>::value,
        -:  841:    unsigned _T2_is_array_function_or_void = __is_convertible_imp::__is_array_function_or_void<_T2>::value>
        -:  842:struct __is_convertible
        -:  843:    : public integral_constant<bool,
        -:  844:#ifndef _LIBCPP_HAS_NO_RVALUE_REFERENCES
        -:  845:        sizeof(__is_convertible_imp::__test<_T2>(__is_convertible_imp::__source<_T1>())) == 1
        -:  846:#else
        -:  847:        sizeof(__is_convertible_imp::__test<_T2>(__is_convertible_imp::__source<_T1>())) == 1
        -:  848:         && !(!is_function<_T1>::value && !is_reference<_T1>::value && is_reference<_T2>::value
        -:  849:              && (!is_const<typename remove_reference<_T2>::type>::value
        -:  850:                  || is_volatile<typename remove_reference<_T2>::type>::value)
        -:  851:                  && (is_same<typename remove_cv<_T1>::type,
        -:  852:                              typename remove_cv<typename remove_reference<_T2>::type>::type>::value
        -:  853:                      || is_base_of<typename remove_reference<_T2>::type, _T1>::value))
        -:  854:#endif
        -:  855:    >
        -:  856:{};
        -:  857:
        -:  858:template <class _T1, class _T2> struct __is_convertible<_T1, _T2, 1, 0> : false_type {};
        -:  859:
        -:  860:template <class _T1> struct __is_convertible<_T1, const _T1&, 1, 0> : true_type {};
        -:  861:#ifndef _LIBCPP_HAS_NO_RVALUE_REFERENCES
        -:  862:template <class _T1> struct __is_convertible<_T1, _T1&&, 1, 0> : true_type {};
        -:  863:template <class _T1> struct __is_convertible<_T1, const _T1&&, 1, 0> : true_type {};
        -:  864:template <class _T1> struct __is_convertible<_T1, volatile _T1&&, 1, 0> : true_type {};
        -:  865:template <class _T1> struct __is_convertible<_T1, const volatile _T1&&, 1, 0> : true_type {};
        -:  866:#endif  // _LIBCPP_HAS_NO_RVALUE_REFERENCES
        -:  867:
        -:  868:template <class _T1, class _T2> struct __is_convertible<_T1, _T2*, 1, 0>
        -:  869:    : public integral_constant<bool, __is_convertible<typename remove_all_extents<_T1>::type*, _T2*>::value> {};
        -:  870:
        -:  871:template <class _T1, class _T2> struct __is_convertible<_T1, _T2* const, 1, 0>
        -:  872:    : public integral_constant<bool, __is_convertible<typename remove_all_extents<_T1>::type*, _T2*const>::value> {};
        -:  873:
        -:  874:template <class _T1, class _T2> struct __is_convertible<_T1, _T2* volatile, 1, 0>
        -:  875:    : public integral_constant<bool, __is_convertible<typename remove_all_extents<_T1>::type*, _T2*volatile>::value> {};
        -:  876:
        -:  877:template <class _T1, class _T2> struct __is_convertible<_T1, _T2* const volatile, 1, 0>
        -:  878:    : public integral_constant<bool, __is_convertible<typename remove_all_extents<_T1>::type*, _T2*const volatile>::value> {};
        -:  879:
        -:  880:template <class _T1, class _T2> struct __is_convertible<_T1, _T2, 2, 0>                : public false_type {};
        -:  881:#ifndef _LIBCPP_HAS_NO_RVALUE_REFERENCES
        -:  882:template <class _T1>            struct __is_convertible<_T1, _T1&&, 2, 0>               : public true_type {};
        -:  883:#endif
        -:  884:template <class _T1>            struct __is_convertible<_T1, _T1&, 2, 0>               : public true_type {};
        -:  885:template <class _T1>            struct __is_convertible<_T1, _T1*, 2, 0>               : public true_type {};
        -:  886:template <class _T1>            struct __is_convertible<_T1, _T1*const, 2, 0>          : public true_type {};
        -:  887:template <class _T1>            struct __is_convertible<_T1, _T1*volatile, 2, 0>       : public true_type {};
        -:  888:template <class _T1>            struct __is_convertible<_T1, _T1*const volatile, 2, 0> : public true_type {};
        -:  889:
        -:  890:template <class _T1, class _T2> struct __is_convertible<_T1, _T2, 3, 0> : public false_type {};
        -:  891:
        -:  892:template <class _T1, class _T2> struct __is_convertible<_T1, _T2, 0, 1> : public false_type {};
        -:  893:template <class _T1, class _T2> struct __is_convertible<_T1, _T2, 1, 1> : public false_type {};
        -:  894:template <class _T1, class _T2> struct __is_convertible<_T1, _T2, 2, 1> : public false_type {};
        -:  895:template <class _T1, class _T2> struct __is_convertible<_T1, _T2, 3, 1> : public false_type {};
        -:  896:
        -:  897:template <class _T1, class _T2> struct __is_convertible<_T1, _T2, 0, 2> : public false_type {};
        -:  898:template <class _T1, class _T2> struct __is_convertible<_T1, _T2, 1, 2> : public false_type {};
        -:  899:template <class _T1, class _T2> struct __is_convertible<_T1, _T2, 2, 2> : public false_type {};
        -:  900:template <class _T1, class _T2> struct __is_convertible<_T1, _T2, 3, 2> : public false_type {};
        -:  901:
        -:  902:template <class _T1, class _T2> struct __is_convertible<_T1, _T2, 0, 3> : public false_type {};
        -:  903:template <class _T1, class _T2> struct __is_convertible<_T1, _T2, 1, 3> : public false_type {};
        -:  904:template <class _T1, class _T2> struct __is_convertible<_T1, _T2, 2, 3> : public false_type {};
        -:  905:template <class _T1, class _T2> struct __is_convertible<_T1, _T2, 3, 3> : public true_type {};
        -:  906:
        -:  907:template <class _T1, class _T2> struct _LIBCPP_TYPE_VIS_ONLY is_convertible
        -:  908:    : public __is_convertible<_T1, _T2>
        -:  909:{
        -:  910:    static const size_t __complete_check1 = __is_convertible_check<_T1>::__v;
        -:  911:    static const size_t __complete_check2 = __is_convertible_check<_T2>::__v;
        -:  912:};
        -:  913:
        -:  914:#endif  // __has_feature(is_convertible_to)
        -:  915:
        -:  916:// is_empty
        -:  917:
        -:  918:#if __has_feature(is_empty)
        -:  919:
        -:  920:template <class _Tp>
        -:  921:struct _LIBCPP_TYPE_VIS_ONLY is_empty
        -:  922:    : public integral_constant<bool, __is_empty(_Tp)> {};
        -:  923:
        -:  924:#else  // __has_feature(is_empty)
        -:  925:
        -:  926:template <class _Tp>
        -:  927:struct __is_empty1
        -:  928:    : public _Tp
        -:  929:{
        -:  930:    double __lx;
        -:  931:};
        -:  932:
        -:  933:struct __is_empty2
        -:  934:{
        -:  935:    double __lx;
        -:  936:};
        -:  937:
        -:  938:template <class _Tp, bool = is_class<_Tp>::value>
        -:  939:struct __libcpp_empty : public integral_constant<bool, sizeof(__is_empty1<_Tp>) == sizeof(__is_empty2)> {};
        -:  940:
        -:  941:template <class _Tp> struct __libcpp_empty<_Tp, false> : public false_type {};
        -:  942:
        -:  943:template <class _Tp> struct _LIBCPP_TYPE_VIS_ONLY is_empty : public __libcpp_empty<_Tp> {};
        -:  944:
        -:  945:#endif  // __has_feature(is_empty)
        -:  946:
        -:  947:// is_polymorphic
        -:  948:
        -:  949:#if __has_feature(is_polymorphic)
        -:  950:
        -:  951:template <class _Tp>
        -:  952:struct _LIBCPP_TYPE_VIS_ONLY is_polymorphic
        -:  953:    : public integral_constant<bool, __is_polymorphic(_Tp)> {};
        -:  954:
        -:  955:#else
        -:  956:
        -:  957:template<typename _Tp> char &__is_polymorphic_impl(
        -:  958:    typename enable_if<sizeof((_Tp*)dynamic_cast<const volatile void*>(declval<_Tp*>())) != 0,
        -:  959:                       int>::type);
        -:  960:template<typename _Tp> __two &__is_polymorphic_impl(...);
        -:  961:
        -:  962:template <class _Tp> struct _LIBCPP_TYPE_VIS_ONLY is_polymorphic
        -:  963:    : public integral_constant<bool, sizeof(__is_polymorphic_impl<_Tp>(0)) == 1> {};
        -:  964:
        -:  965:#endif // __has_feature(is_polymorphic)
        -:  966:
        -:  967:// has_virtual_destructor
        -:  968:
        -:  969:#if __has_feature(has_virtual_destructor) || (__GNUC__ > 4) || (__GNUC__ == 4 && __GNUC_MINOR__ >= 3)
        -:  970:
        -:  971:template <class _Tp> struct _LIBCPP_TYPE_VIS_ONLY has_virtual_destructor
        -:  972:    : public integral_constant<bool, __has_virtual_destructor(_Tp)> {};
        -:  973:
        -:  974:#else  // _LIBCPP_HAS_TYPE_TRAITS
        -:  975:
        -:  976:template <class _Tp> struct _LIBCPP_TYPE_VIS_ONLY has_virtual_destructor
        -:  977:    : public false_type {};
        -:  978:
        -:  979:#endif  // _LIBCPP_HAS_TYPE_TRAITS
        -:  980:
        -:  981:// alignment_of
        -:  982:
        -:  983:template <class _Tp> struct _LIBCPP_TYPE_VIS_ONLY alignment_of
        -:  984:    : public integral_constant<size_t, __alignof__(_Tp)> {};
        -:  985:
        -:  986:// aligned_storage
        -:  987:
        -:  988:template <class _Hp, class _Tp>
        -:  989:struct __type_list
        -:  990:{
        -:  991:    typedef _Hp _Head;
        -:  992:    typedef _Tp _Tail;
        -:  993:};
        -:  994:
        -:  995:struct __nat
        -:  996:{
        -:  997:#ifndef _LIBCPP_HAS_NO_DELETED_FUNCTIONS
        -:  998:    __nat() = delete;
        -:  999:    __nat(const __nat&) = delete;
        -: 1000:    __nat& operator=(const __nat&) = delete;
        -: 1001:    ~__nat() = delete;
        -: 1002:#endif
        -: 1003:};
        -: 1004:
        -: 1005:template <class _Tp>
        -: 1006:struct __align_type
        -: 1007:{
        -: 1008:    static const size_t value = alignment_of<_Tp>::value;
        -: 1009:    typedef _Tp type;
        -: 1010:};
        -: 1011:
        -: 1012:struct __struct_double {long double __lx;};
        -: 1013:struct __struct_double4 {double __lx[4];};
        -: 1014:
        -: 1015:typedef
        -: 1016:    __type_list<__align_type<unsigned char>,
        -: 1017:    __type_list<__align_type<unsigned short>,
        -: 1018:    __type_list<__align_type<unsigned int>,
        -: 1019:    __type_list<__align_type<unsigned long>,
        -: 1020:    __type_list<__align_type<unsigned long long>,
        -: 1021:    __type_list<__align_type<double>,
        -: 1022:    __type_list<__align_type<long double>,
        -: 1023:    __type_list<__align_type<__struct_double>,
        -: 1024:    __type_list<__align_type<__struct_double4>,
        -: 1025:    __type_list<__align_type<int*>,
        -: 1026:    __nat
        -: 1027:    > > > > > > > > > > __all_types;
        -: 1028:
        -: 1029:template <class _TL, size_t _Align> struct __find_pod;
        -: 1030:
        -: 1031:template <class _Hp, size_t _Align>
        -: 1032:struct __find_pod<__type_list<_Hp, __nat>, _Align>
        -: 1033:{
        -: 1034:    typedef typename conditional<
        -: 1035:                             _Align == _Hp::value,
        -: 1036:                             typename _Hp::type,
        -: 1037:                             void
        -: 1038:                         >::type type;
        -: 1039:};
        -: 1040:
        -: 1041:template <class _Hp, class _Tp, size_t _Align>
        -: 1042:struct __find_pod<__type_list<_Hp, _Tp>, _Align>
        -: 1043:{
        -: 1044:    typedef typename conditional<
        -: 1045:                             _Align == _Hp::value,
        -: 1046:                             typename _Hp::type,
        -: 1047:                             typename __find_pod<_Tp, _Align>::type
        -: 1048:                         >::type type;
        -: 1049:};
        -: 1050:
        -: 1051:template <class _TL, size_t _Len> struct __find_max_align;
        -: 1052:
        -: 1053:template <class _Hp, size_t _Len>
        -: 1054:struct __find_max_align<__type_list<_Hp, __nat>, _Len> : public integral_constant<size_t, _Hp::value> {};
        -: 1055:
        -: 1056:template <size_t _Len, size_t _A1, size_t _A2>
        -: 1057:struct __select_align
        -: 1058:{
        -: 1059:private:
        -: 1060:    static const size_t __min = _A2 < _A1 ? _A2 : _A1;
        -: 1061:    static const size_t __max = _A1 < _A2 ? _A2 : _A1;
        -: 1062:public:
        -: 1063:    static const size_t value = _Len < __max ? __min : __max;
        -: 1064:};
        -: 1065:
        -: 1066:template <class _Hp, class _Tp, size_t _Len>
        -: 1067:struct __find_max_align<__type_list<_Hp, _Tp>, _Len>
        -: 1068:    : public integral_constant<size_t, __select_align<_Len, _Hp::value, __find_max_align<_Tp, _Len>::value>::value> {};
        -: 1069:
        -: 1070:template <size_t _Len, size_t _Align = __find_max_align<__all_types, _Len>::value>
        -: 1071:struct _LIBCPP_TYPE_VIS_ONLY aligned_storage
        -: 1072:{
        -: 1073:    typedef typename __find_pod<__all_types, _Align>::type _Aligner;
        -: 1074:    static_assert(!is_void<_Aligner>::value, "");
        -: 1075:    union type
        -: 1076:    {
        -: 1077:        _Aligner __align;
        -: 1078:        unsigned char __data[_Len];
        -: 1079:    };
        -: 1080:};
        -: 1081:
        -: 1082:#if _LIBCPP_STD_VER > 11
        -: 1083:template <size_t _Len, size_t _Align = __find_max_align<__all_types, _Len>::value>
        -: 1084:    using aligned_storage_t = typename aligned_storage<_Len, _Align>::type;
        -: 1085:#endif
        -: 1086:
        -: 1087:#define _CREATE_ALIGNED_STORAGE_SPECIALIZATION(n) \
        -: 1088:template <size_t _Len>\
        -: 1089:struct _LIBCPP_TYPE_VIS_ONLY aligned_storage<_Len, n>\
        -: 1090:{\
        -: 1091:    struct _ALIGNAS(n) type\
        -: 1092:    {\
        -: 1093:        unsigned char __lx[_Len];\
        -: 1094:    };\
        -: 1095:}
        -: 1096:
        -: 1097:_CREATE_ALIGNED_STORAGE_SPECIALIZATION(0x1);
        -: 1098:_CREATE_ALIGNED_STORAGE_SPECIALIZATION(0x2);
        -: 1099:_CREATE_ALIGNED_STORAGE_SPECIALIZATION(0x4);
        -: 1100:_CREATE_ALIGNED_STORAGE_SPECIALIZATION(0x8);
        -: 1101:_CREATE_ALIGNED_STORAGE_SPECIALIZATION(0x10);
        -: 1102:_CREATE_ALIGNED_STORAGE_SPECIALIZATION(0x20);
        -: 1103:_CREATE_ALIGNED_STORAGE_SPECIALIZATION(0x40);
        -: 1104:_CREATE_ALIGNED_STORAGE_SPECIALIZATION(0x80);
        -: 1105:_CREATE_ALIGNED_STORAGE_SPECIALIZATION(0x100);
        -: 1106:_CREATE_ALIGNED_STORAGE_SPECIALIZATION(0x200);
        -: 1107:_CREATE_ALIGNED_STORAGE_SPECIALIZATION(0x400);
        -: 1108:_CREATE_ALIGNED_STORAGE_SPECIALIZATION(0x800);
        -: 1109:_CREATE_ALIGNED_STORAGE_SPECIALIZATION(0x1000);
        -: 1110:_CREATE_ALIGNED_STORAGE_SPECIALIZATION(0x2000);
        -: 1111:// MSDN says that MSVC does not support alignment beyond 8192 (=0x2000)
        -: 1112:#if !defined(_LIBCPP_MSVC)
        -: 1113:_CREATE_ALIGNED_STORAGE_SPECIALIZATION(0x4000);
        -: 1114:#endif // !_LIBCPP_MSVC
        -: 1115:
        -: 1116:#undef _CREATE_ALIGNED_STORAGE_SPECIALIZATION
        -: 1117:
        -: 1118:#ifndef _LIBCPP_HAS_NO_VARIADICS
        -: 1119:
        -: 1120:// aligned_union
        -: 1121:
        -: 1122:template <size_t _I0, size_t ..._In>
        -: 1123:struct __static_max;
        -: 1124:
        -: 1125:template <size_t _I0>
        -: 1126:struct __static_max<_I0>
        -: 1127:{
        -: 1128:    static const size_t value = _I0;
        -: 1129:};
        -: 1130:
        -: 1131:template <size_t _I0, size_t _I1, size_t ..._In>
        -: 1132:struct __static_max<_I0, _I1, _In...>
        -: 1133:{
        -: 1134:    static const size_t value = _I0 >= _I1 ? __static_max<_I0, _In...>::value :
        -: 1135:                                             __static_max<_I1, _In...>::value;
        -: 1136:};
        -: 1137:
        -: 1138:template <size_t _Len, class _Type0, class ..._Types>
        -: 1139:struct aligned_union
        -: 1140:{
        -: 1141:    static const size_t alignment_value = __static_max<__alignof__(_Type0),
        -: 1142:                                                       __alignof__(_Types)...>::value;
        -: 1143:    static const size_t __len = __static_max<_Len, sizeof(_Type0),
        -: 1144:                                             sizeof(_Types)...>::value;
        -: 1145:    typedef typename aligned_storage<__len, alignment_value>::type type;
        -: 1146:};
        -: 1147:
        -: 1148:#if _LIBCPP_STD_VER > 11
        -: 1149:template <size_t _Len, class ..._Types> using aligned_union_t = typename aligned_union<_Len, _Types...>::type;
        -: 1150:#endif
        -: 1151:
        -: 1152:#endif  // _LIBCPP_HAS_NO_VARIADICS
        -: 1153:
        -: 1154:template <class _Tp>
        -: 1155:struct __numeric_type
        -: 1156:{
        -: 1157:   static void __test(...);
        -: 1158:   static float __test(float);
        -: 1159:   static double __test(char);
        -: 1160:   static double __test(int);
        -: 1161:   static double __test(unsigned);
        -: 1162:   static double __test(long);
        -: 1163:   static double __test(unsigned long);
        -: 1164:   static double __test(long long);
        -: 1165:   static double __test(unsigned long long);
        -: 1166:   static double __test(double);
        -: 1167:   static long double __test(long double);
        -: 1168:
        -: 1169:   typedef decltype(__test(declval<_Tp>())) type;
        -: 1170:   static const bool value = !is_same<type, void>::value;
        -: 1171:};
        -: 1172:
        -: 1173:template <>
        -: 1174:struct __numeric_type<void>
        -: 1175:{
        -: 1176:   static const bool value = true;
        -: 1177:};
        -: 1178:
        -: 1179:// __promote
        -: 1180:
        -: 1181:template <class _A1, class _A2 = void, class _A3 = void,
        -: 1182:          bool = __numeric_type<_A1>::value &&
        -: 1183:                 __numeric_type<_A2>::value &&
        -: 1184:                 __numeric_type<_A3>::value>
        -: 1185:class __promote
        -: 1186:{
        -: 1187:    static const bool value = false;
        -: 1188:};
        -: 1189:
        -: 1190:template <class _A1, class _A2, class _A3>
        -: 1191:class __promote<_A1, _A2, _A3, true>
        -: 1192:{
        -: 1193:private:
        -: 1194:    typedef typename __promote<_A1>::type __type1;
        -: 1195:    typedef typename __promote<_A2>::type __type2;
        -: 1196:    typedef typename __promote<_A3>::type __type3;
        -: 1197:public:
        -: 1198:    typedef decltype(__type1() + __type2() + __type3()) type;
        -: 1199:    static const bool value = true;
        -: 1200:};
        -: 1201:
        -: 1202:template <class _A1, class _A2>
        -: 1203:class __promote<_A1, _A2, void, true>
        -: 1204:{
        -: 1205:private:
        -: 1206:    typedef typename __promote<_A1>::type __type1;
        -: 1207:    typedef typename __promote<_A2>::type __type2;
        -: 1208:public:
        -: 1209:    typedef decltype(__type1() + __type2()) type;
        -: 1210:    static const bool value = true;
        -: 1211:};
        -: 1212:
        -: 1213:template <class _A1>
        -: 1214:class __promote<_A1, void, void, true>
        -: 1215:{
        -: 1216:public:
        -: 1217:    typedef typename __numeric_type<_A1>::type type;
        -: 1218:    static const bool value = true;
        -: 1219:    static const bool __does_not_throw = _NOEXCEPT_OR_FALSE(static_cast<type>(declval<_A1>()));
        -: 1220:};
        -: 1221:
        -: 1222:#ifdef _LIBCPP_STORE_AS_OPTIMIZATION
        -: 1223:
        -: 1224:// __transform
        -: 1225:
        -: 1226:template <class _Tp, size_t = sizeof(_Tp), bool = is_scalar<_Tp>::value> struct __transform {typedef _Tp type;};
        -: 1227:template <class _Tp> struct __transform<_Tp, 1, true> {typedef unsigned char      type;};
        -: 1228:template <class _Tp> struct __transform<_Tp, 2, true> {typedef unsigned short     type;};
        -: 1229:template <class _Tp> struct __transform<_Tp, 4, true> {typedef unsigned int       type;};
        -: 1230:template <class _Tp> struct __transform<_Tp, 8, true> {typedef unsigned long long type;};
        -: 1231:
        -: 1232:#endif  // _LIBCPP_STORE_AS_OPTIMIZATION
        -: 1233:
        -: 1234:// make_signed / make_unsigned
        -: 1235:
        -: 1236:typedef
        -: 1237:    __type_list<signed char,
        -: 1238:    __type_list<signed short,
        -: 1239:    __type_list<signed int,
        -: 1240:    __type_list<signed long,
        -: 1241:    __type_list<signed long long,
        -: 1242:    __nat
        -: 1243:    > > > > > __signed_types;
        -: 1244:
        -: 1245:typedef
        -: 1246:    __type_list<unsigned char,
        -: 1247:    __type_list<unsigned short,
        -: 1248:    __type_list<unsigned int,
        -: 1249:    __type_list<unsigned long,
        -: 1250:    __type_list<unsigned long long,
        -: 1251:    __nat
        -: 1252:    > > > > > __unsigned_types;
        -: 1253:
        -: 1254:template <class _TypeList, size_t _Size, bool = _Size <= sizeof(typename _TypeList::_Head)> struct __find_first;
        -: 1255:
        -: 1256:template <class _Hp, class _Tp, size_t _Size>
        -: 1257:struct __find_first<__type_list<_Hp, _Tp>, _Size, true>
        -: 1258:{
        -: 1259:    typedef _Hp type;
        -: 1260:};
        -: 1261:
        -: 1262:template <class _Hp, class _Tp, size_t _Size>
        -: 1263:struct __find_first<__type_list<_Hp, _Tp>, _Size, false>
        -: 1264:{
        -: 1265:    typedef typename __find_first<_Tp, _Size>::type type;
        -: 1266:};
        -: 1267:
        -: 1268:template <class _Tp, class _Up, bool = is_const<typename remove_reference<_Tp>::type>::value,
        -: 1269:                             bool = is_volatile<typename remove_reference<_Tp>::type>::value>
        -: 1270:struct __apply_cv
        -: 1271:{
        -: 1272:    typedef _Up type;
        -: 1273:};
        -: 1274:
        -: 1275:template <class _Tp, class _Up>
        -: 1276:struct __apply_cv<_Tp, _Up, true, false>
        -: 1277:{
        -: 1278:    typedef const _Up type;
        -: 1279:};
        -: 1280:
        -: 1281:template <class _Tp, class _Up>
        -: 1282:struct __apply_cv<_Tp, _Up, false, true>
        -: 1283:{
        -: 1284:    typedef volatile _Up type;
        -: 1285:};
        -: 1286:
        -: 1287:template <class _Tp, class _Up>
        -: 1288:struct __apply_cv<_Tp, _Up, true, true>
        -: 1289:{
        -: 1290:    typedef const volatile _Up type;
        -: 1291:};
        -: 1292:
        -: 1293:template <class _Tp, class _Up>
        -: 1294:struct __apply_cv<_Tp&, _Up, false, false>
        -: 1295:{
        -: 1296:    typedef _Up& type;
        -: 1297:};
        -: 1298:
        -: 1299:template <class _Tp, class _Up>
        -: 1300:struct __apply_cv<_Tp&, _Up, true, false>
        -: 1301:{
        -: 1302:    typedef const _Up& type;
        -: 1303:};
        -: 1304:
        -: 1305:template <class _Tp, class _Up>
        -: 1306:struct __apply_cv<_Tp&, _Up, false, true>
        -: 1307:{
        -: 1308:    typedef volatile _Up& type;
        -: 1309:};
        -: 1310:
        -: 1311:template <class _Tp, class _Up>
        -: 1312:struct __apply_cv<_Tp&, _Up, true, true>
        -: 1313:{
        -: 1314:    typedef const volatile _Up& type;
        -: 1315:};
        -: 1316:
        -: 1317:template <class _Tp, bool = is_integral<_Tp>::value || is_enum<_Tp>::value>
        -: 1318:struct __make_signed {};
        -: 1319:
        -: 1320:template <class _Tp>
        -: 1321:struct __make_signed<_Tp, true>
        -: 1322:{
        -: 1323:    typedef typename __find_first<__signed_types, sizeof(_Tp)>::type type;
        -: 1324:};
        -: 1325:
        -: 1326:template <> struct __make_signed<bool,               true> {};
        -: 1327:template <> struct __make_signed<  signed short,     true> {typedef short     type;};
        -: 1328:template <> struct __make_signed<unsigned short,     true> {typedef short     type;};
        -: 1329:template <> struct __make_signed<  signed int,       true> {typedef int       type;};
        -: 1330:template <> struct __make_signed<unsigned int,       true> {typedef int       type;};
        -: 1331:template <> struct __make_signed<  signed long,      true> {typedef long      type;};
        -: 1332:template <> struct __make_signed<unsigned long,      true> {typedef long      type;};
        -: 1333:template <> struct __make_signed<  signed long long, true> {typedef long long type;};
        -: 1334:template <> struct __make_signed<unsigned long long, true> {typedef long long type;};
        -: 1335:
        -: 1336:template <class _Tp>
        -: 1337:struct _LIBCPP_TYPE_VIS_ONLY make_signed
        -: 1338:{
        -: 1339:    typedef typename __apply_cv<_Tp, typename __make_signed<typename remove_cv<_Tp>::type>::type>::type type;
        -: 1340:};
        -: 1341:
        -: 1342:#if _LIBCPP_STD_VER > 11
        -: 1343:template <class _Tp> using make_signed_t = typename make_signed<_Tp>::type;
        -: 1344:#endif
        -: 1345:
        -: 1346:template <class _Tp, bool = is_integral<_Tp>::value || is_enum<_Tp>::value>
        -: 1347:struct __make_unsigned {};
        -: 1348:
        -: 1349:template <class _Tp>
        -: 1350:struct __make_unsigned<_Tp, true>
        -: 1351:{
        -: 1352:    typedef typename __find_first<__unsigned_types, sizeof(_Tp)>::type type;
        -: 1353:};
        -: 1354:
        -: 1355:template <> struct __make_unsigned<bool,               true> {};
        -: 1356:template <> struct __make_unsigned<  signed short,     true> {typedef unsigned short     type;};
        -: 1357:template <> struct __make_unsigned<unsigned short,     true> {typedef unsigned short     type;};
        -: 1358:template <> struct __make_unsigned<  signed int,       true> {typedef unsigned int       type;};
        -: 1359:template <> struct __make_unsigned<unsigned int,       true> {typedef unsigned int       type;};
        -: 1360:template <> struct __make_unsigned<  signed long,      true> {typedef unsigned long      type;};
        -: 1361:template <> struct __make_unsigned<unsigned long,      true> {typedef unsigned long      type;};
        -: 1362:template <> struct __make_unsigned<  signed long long, true> {typedef unsigned long long type;};
        -: 1363:template <> struct __make_unsigned<unsigned long long, true> {typedef unsigned long long type;};
        -: 1364:
        -: 1365:template <class _Tp>
        -: 1366:struct _LIBCPP_TYPE_VIS_ONLY make_unsigned
        -: 1367:{
        -: 1368:    typedef typename __apply_cv<_Tp, typename __make_unsigned<typename remove_cv<_Tp>::type>::type>::type type;
        -: 1369:};
        -: 1370:
        -: 1371:#if _LIBCPP_STD_VER > 11
        -: 1372:template <class _Tp> using make_unsigned_t = typename make_unsigned<_Tp>::type;
        -: 1373:#endif
        -: 1374:
        -: 1375:#ifdef _LIBCPP_HAS_NO_VARIADICS
        -: 1376:
        -: 1377:template <class _Tp, class _Up = void, class V = void>
        -: 1378:struct _LIBCPP_TYPE_VIS_ONLY common_type
        -: 1379:{
        -: 1380:public:
        -: 1381:    typedef typename common_type<typename common_type<_Tp, _Up>::type, V>::type type;
        -: 1382:};
        -: 1383:
        -: 1384:template <class _Tp>
        -: 1385:struct _LIBCPP_TYPE_VIS_ONLY common_type<_Tp, void, void>
        -: 1386:{
        -: 1387:public:
        -: 1388:    typedef _Tp type;
        -: 1389:};
        -: 1390:
        -: 1391:template <class _Tp, class _Up>
        -: 1392:struct _LIBCPP_TYPE_VIS_ONLY common_type<_Tp, _Up, void>
        -: 1393:{
        -: 1394:private:
        -: 1395:#ifndef _LIBCPP_HAS_NO_RVALUE_REFERENCES
        -: 1396:    static _Tp&& __t();
        -: 1397:    static _Up&& __u();
        -: 1398:#else  // _LIBCPP_HAS_NO_RVALUE_REFERENCES
        -: 1399:    static _Tp __t();
        -: 1400:    static _Up __u();
        -: 1401:#endif  // _LIBCPP_HAS_NO_RVALUE_REFERENCES
        -: 1402:public:
        -: 1403:    typedef typename remove_reference<decltype(true ? __t() : __u())>::type type;
        -: 1404:};
        -: 1405:
        -: 1406:#else  // _LIBCPP_HAS_NO_VARIADICS
        -: 1407:
        -: 1408:template <class ..._Tp> struct common_type;
        -: 1409:
        -: 1410:template <class _Tp>
        -: 1411:struct _LIBCPP_TYPE_VIS_ONLY common_type<_Tp>
        -: 1412:{
        -: 1413:    typedef typename decay<_Tp>::type type;
        -: 1414:};
        -: 1415:
        -: 1416:template <class _Tp, class _Up>
        -: 1417:struct _LIBCPP_TYPE_VIS_ONLY common_type<_Tp, _Up>
        -: 1418:{
        -: 1419:private:
        -: 1420:    static _Tp&& __t();
        -: 1421:    static _Up&& __u();
        -: 1422:    static bool __f();
        -: 1423:public:
        -: 1424:    typedef typename decay<decltype(__f() ? __t() : __u())>::type type;
        -: 1425:};
        -: 1426:
        -: 1427:template <class _Tp, class _Up, class ..._Vp>
        -: 1428:struct _LIBCPP_TYPE_VIS_ONLY common_type<_Tp, _Up, _Vp...>
        -: 1429:{
        -: 1430:    typedef typename common_type<typename common_type<_Tp, _Up>::type, _Vp...>::type type;
        -: 1431:};
        -: 1432:
        -: 1433:#if _LIBCPP_STD_VER > 11
        -: 1434:template <class ..._Tp> using common_type_t = typename common_type<_Tp...>::type;
        -: 1435:#endif
        -: 1436:
        -: 1437:#endif  // _LIBCPP_HAS_NO_VARIADICS
        -: 1438:
        -: 1439:// is_assignable
        -: 1440:
        -: 1441:template<typename, typename _Tp> struct __select_2nd { typedef _Tp type; };
        -: 1442:
        -: 1443:template <class _Tp, class _Arg>
        -: 1444:typename __select_2nd<decltype((_VSTD::declval<_Tp>() = _VSTD::declval<_Arg>())), true_type>::type
        -: 1445:#ifndef _LIBCPP_HAS_NO_RVALUE_REFERENCES
        -: 1446:__is_assignable_test(_Tp&&, _Arg&&);
        -: 1447:#else
        -: 1448:__is_assignable_test(_Tp, _Arg&);
        -: 1449:#endif
        -: 1450:
        -: 1451:template <class _Arg>
        -: 1452:false_type
        -: 1453:#ifndef _LIBCPP_HAS_NO_RVALUE_REFERENCES
        -: 1454:__is_assignable_test(__any, _Arg&&);
        -: 1455:#else
        -: 1456:__is_assignable_test(__any, _Arg&);
        -: 1457:#endif
        -: 1458:
        -: 1459:template <class _Tp, class _Arg, bool = is_void<_Tp>::value || is_void<_Arg>::value>
        -: 1460:struct __is_assignable_imp
        -: 1461:    : public common_type
        -: 1462:        <
        -: 1463:            decltype(__is_assignable_test(declval<_Tp>(), declval<_Arg>()))
        -: 1464:        >::type {};
        -: 1465:
        -: 1466:template <class _Tp, class _Arg>
        -: 1467:struct __is_assignable_imp<_Tp, _Arg, true>
        -: 1468:    : public false_type
        -: 1469:{
        -: 1470:};
        -: 1471:
        -: 1472:template <class _Tp, class _Arg>
        -: 1473:struct is_assignable
        -: 1474:    : public __is_assignable_imp<_Tp, _Arg> {};
        -: 1475:
        -: 1476:// is_copy_assignable
        -: 1477:
        -: 1478:template <class _Tp> struct _LIBCPP_TYPE_VIS_ONLY is_copy_assignable
        -: 1479:    : public is_assignable<typename add_lvalue_reference<_Tp>::type,
        -: 1480:                     const typename add_lvalue_reference<_Tp>::type> {};
        -: 1481:
        -: 1482:// is_move_assignable
        -: 1483:
        -: 1484:template <class _Tp> struct _LIBCPP_TYPE_VIS_ONLY is_move_assignable
        -: 1485:#ifndef _LIBCPP_HAS_NO_RVALUE_REFERENCES
        -: 1486:    : public is_assignable<typename add_lvalue_reference<_Tp>::type,
        -: 1487:                     const typename add_rvalue_reference<_Tp>::type> {};
        -: 1488:#else
        -: 1489:    : public is_copy_assignable<_Tp> {};
        -: 1490:#endif
        -: 1491:
        -: 1492:// is_destructible
        -: 1493:
        -: 1494:template <class _Tp>
        -: 1495:struct __destructible_test
        -: 1496:{
        -: 1497:    _Tp __t;
        -: 1498:};
        -: 1499:
        -: 1500:template <class _Tp>
        -: 1501:decltype((_VSTD::declval<__destructible_test<_Tp> >().~__destructible_test<_Tp>(), true_type()))
        -: 1502:#ifndef _LIBCPP_HAS_NO_RVALUE_REFERENCES
        -: 1503:__is_destructible_test(_Tp&&);
        -: 1504:#else
        -: 1505:__is_destructible_test(_Tp&);
        -: 1506:#endif
        -: 1507:
        -: 1508:false_type
        -: 1509:__is_destructible_test(__any);
        -: 1510:
        -: 1511:template <class _Tp, bool = is_void<_Tp>::value || is_abstract<_Tp>::value
        -: 1512:                                                || is_function<_Tp>::value>
        -: 1513:struct __destructible_imp
        -: 1514:    : public common_type
        -: 1515:        <
        -: 1516:            decltype(__is_destructible_test(declval<_Tp>()))
[...]
        -: 2850:
        -: 2851:#else
        -: 2852:
        -: 2853:template <class _Tp> struct __libcpp_nothrow_destructor
        -: 2854:    : public integral_constant<bool, is_scalar<_Tp>::value ||
        -: 2855:                                     is_reference<_Tp>::value> {};
        -: 2856:
        -: 2857:template <class _Tp> struct _LIBCPP_TYPE_VIS_ONLY is_nothrow_destructible
        -: 2858:    : public __libcpp_nothrow_destructor<typename remove_all_extents<_Tp>::type> {};
        -: 2859:
        -: 2860:#endif
        -: 2861:
        -: 2862:// is_pod
        -: 2863:
        -: 2864:#if __has_feature(is_pod) || (__GNUC__ > 4) || (__GNUC__ == 4 && __GNUC_MINOR__ >= 3)
        -: 2865:
        -: 2866:template <class _Tp> struct _LIBCPP_TYPE_VIS_ONLY is_pod
        -: 2867:    : public integral_constant<bool, __is_pod(_Tp)> {};
        -: 2868:
        -: 2869:#else  // _LIBCPP_HAS_TYPE_TRAITS
        -: 2870:
        -: 2871:template <class _Tp> struct _LIBCPP_TYPE_VIS_ONLY is_pod
        -: 2872:    : public integral_constant<bool, is_trivially_default_constructible<_Tp>::value   &&
        -: 2873:                                     is_trivially_copy_constructible<_Tp>::value      &&
        -: 2874:                                     is_trivially_copy_assignable<_Tp>::value    &&
        -: 2875:                                     is_trivially_destructible<_Tp>::value> {};
        -: 2876:
        -: 2877:#endif  // _LIBCPP_HAS_TYPE_TRAITS
        -: 2878:
        -: 2879:// is_literal_type;
        -: 2880:
        -: 2881:template <class _Tp> struct _LIBCPP_TYPE_VIS_ONLY is_literal_type
        -: 2882:#if __has_feature(is_literal)
        -: 2883:    : public integral_constant<bool, __is_literal(_Tp)>
        -: 2884:#else
        -: 2885:    : integral_constant<bool, is_scalar<typename remove_all_extents<_Tp>::type>::value ||
        -: 2886:                              is_reference<typename remove_all_extents<_Tp>::type>::value>
        -: 2887:#endif
        -: 2888:    {};
        -: 2889:    
        -: 2890:// is_standard_layout;
        -: 2891:
        -: 2892:template <class _Tp> struct _LIBCPP_TYPE_VIS_ONLY is_standard_layout
        -: 2893:#if __has_feature(is_standard_layout)
        -: 2894:    : public integral_constant<bool, __is_standard_layout(_Tp)>
        -: 2895:#else
        -: 2896:    : integral_constant<bool, is_scalar<typename remove_all_extents<_Tp>::type>::value>
        -: 2897:#endif
        -: 2898:    {};
        -: 2899:    
        -: 2900:// is_trivially_copyable;
        -: 2901:
        -: 2902:template <class _Tp> struct _LIBCPP_TYPE_VIS_ONLY is_trivially_copyable
        -: 2903:#if __has_feature(is_trivially_copyable)
        -: 2904:    : public integral_constant<bool, __is_trivially_copyable(_Tp)>
        -: 2905:#else
        -: 2906:    : integral_constant<bool, is_scalar<typename remove_all_extents<_Tp>::type>::value>
        -: 2907:#endif
        -: 2908:    {};
        -: 2909:    
        -: 2910:// is_trivial;
        -: 2911:
        -: 2912:template <class _Tp> struct _LIBCPP_TYPE_VIS_ONLY is_trivial
        -: 2913:#if __has_feature(is_trivial)
        -: 2914:    : public integral_constant<bool, __is_trivial(_Tp)>
        -: 2915:#else
        -: 2916:    : integral_constant<bool, is_trivially_copyable<_Tp>::value &&
        -: 2917:                                 is_trivially_default_constructible<_Tp>::value>
        -: 2918:#endif
        -: 2919:    {};
        -: 2920:
        -: 2921:#ifndef _LIBCPP_HAS_NO_VARIADICS
        -: 2922:
        -: 2923:// Check for complete types
        -: 2924:
        -: 2925:template <class ..._Tp> struct __check_complete;
        -: 2926:
        -: 2927:template <>
        -: 2928:struct __check_complete<>
        -: 2929:{
        -: 2930:};
        -: 2931:
        -: 2932:template <class _Hp, class _T0, class ..._Tp>
        -: 2933:struct __check_complete<_Hp, _T0, _Tp...>
        -: 2934:    : private __check_complete<_Hp>,
        -: 2935:      private __check_complete<_T0, _Tp...>
        -: 2936:{
        -: 2937:};
        -: 2938:
        -: 2939:template <class _Hp>
        -: 2940:struct __check_complete<_Hp, _Hp>
        -: 2941:    : private __check_complete<_Hp>
        -: 2942:{
        -: 2943:};
        -: 2944:
        -: 2945:template <class _Tp>
        -: 2946:struct __check_complete<_Tp>
        -: 2947:{
        -: 2948:    static_assert(sizeof(_Tp) > 0, "Type must be complete.");
        -: 2949:};
        -: 2950:
        -: 2951:template <class _Tp>
        -: 2952:struct __check_complete<_Tp&>
        -: 2953:    : private __check_complete<_Tp>
        -: 2954:{
        -: 2955:};
        -: 2956:
        -: 2957:template <class _Tp>
        -: 2958:struct __check_complete<_Tp&&>
        -: 2959:    : private __check_complete<_Tp>
        -: 2960:{
        -: 2961:};
        -: 2962:
        -: 2963:template <class _Rp, class ..._Param>
        -: 2964:struct __check_complete<_Rp (*)(_Param...)>
        -: 2965:    : private __check_complete<_Rp>
        -: 2966:{
        -: 2967:};
        -: 2968:
        -: 2969:template <class ..._Param>
        -: 2970:struct __check_complete<void (*)(_Param...)>
        -: 2971:{
        -: 2972:};
        -: 2973:
        -: 2974:template <class _Rp, class ..._Param>
        -: 2975:struct __check_complete<_Rp (_Param...)>
        -: 2976:    : private __check_complete<_Rp>
        -: 2977:{
        -: 2978:};
        -: 2979:
        -: 2980:template <class ..._Param>
        -: 2981:struct __check_complete<void (_Param...)>
        -: 2982:{
        -: 2983:};
        -: 2984:
        -: 2985:template <class _Rp, class _Class, class ..._Param>
        -: 2986:struct __check_complete<_Rp (_Class::*)(_Param...)>
        -: 2987:    : private __check_complete<_Class>
        -: 2988:{
        -: 2989:};
        -: 2990:
        -: 2991:template <class _Rp, class _Class, class ..._Param>
        -: 2992:struct __check_complete<_Rp (_Class::*)(_Param...) const>
        -: 2993:    : private __check_complete<_Class>
        -: 2994:{
        -: 2995:};
        -: 2996:
        -: 2997:template <class _Rp, class _Class, class ..._Param>
        -: 2998:struct __check_complete<_Rp (_Class::*)(_Param...) volatile>
        -: 2999:    : private __check_complete<_Class>
        -: 3000:{
        -: 3001:};
        -: 3002:
        -: 3003:template <class _Rp, class _Class, class ..._Param>
        -: 3004:struct __check_complete<_Rp (_Class::*)(_Param...) const volatile>
        -: 3005:    : private __check_complete<_Class>
        -: 3006:{
        -: 3007:};
        -: 3008:
        -: 3009:#if __has_feature(cxx_reference_qualified_functions)
        -: 3010:
        -: 3011:template <class _Rp, class _Class, class ..._Param>
        -: 3012:struct __check_complete<_Rp (_Class::*)(_Param...) &>
        -: 3013:    : private __check_complete<_Class>
        -: 3014:{
        -: 3015:};
        -: 3016:
        -: 3017:template <class _Rp, class _Class, class ..._Param>
        -: 3018:struct __check_complete<_Rp (_Class::*)(_Param...) const&>
        -: 3019:    : private __check_complete<_Class>
        -: 3020:{
        -: 3021:};
        -: 3022:
        -: 3023:template <class _Rp, class _Class, class ..._Param>
        -: 3024:struct __check_complete<_Rp (_Class::*)(_Param...) volatile&>
        -: 3025:    : private __check_complete<_Class>
        -: 3026:{
        -: 3027:};
        -: 3028:
        -: 3029:template <class _Rp, class _Class, class ..._Param>
        -: 3030:struct __check_complete<_Rp (_Class::*)(_Param...) const volatile&>
        -: 3031:    : private __check_complete<_Class>
        -: 3032:{
        -: 3033:};
        -: 3034:
        -: 3035:template <class _Rp, class _Class, class ..._Param>
        -: 3036:struct __check_complete<_Rp (_Class::*)(_Param...) &&>
        -: 3037:    : private __check_complete<_Class>
        -: 3038:{
        -: 3039:};
        -: 3040:
        -: 3041:template <class _Rp, class _Class, class ..._Param>
        -: 3042:struct __check_complete<_Rp (_Class::*)(_Param...) const&&>
        -: 3043:    : private __check_complete<_Class>
        -: 3044:{
        -: 3045:};
        -: 3046:
        -: 3047:template <class _Rp, class _Class, class ..._Param>
        -: 3048:struct __check_complete<_Rp (_Class::*)(_Param...) volatile&&>
        -: 3049:    : private __check_complete<_Class>
        -: 3050:{
        -: 3051:};
        -: 3052:
        -: 3053:template <class _Rp, class _Class, class ..._Param>
        -: 3054:struct __check_complete<_Rp (_Class::*)(_Param...) const volatile&&>
        -: 3055:    : private __check_complete<_Class>
        -: 3056:{
        -: 3057:};
        -: 3058:
        -: 3059:#endif
        -: 3060:
        -: 3061:template <class _Rp, class _Class>
        -: 3062:struct __check_complete<_Rp _Class::*>
        -: 3063:    : private __check_complete<_Class>
        -: 3064:{
        -: 3065:};
        -: 3066:
        -: 3067:// __invoke forward declarations
        -: 3068:
        -: 3069:// fall back - none of the bullets
        -: 3070:
        -: 3071:template <class ..._Args>
        -: 3072:auto
        -: 3073:__invoke(__any, _Args&& ...__args)
        -: 3074:    -> __nat;
        -: 3075:
        -: 3076:// bullets 1 and 2
        -: 3077:
        -: 3078:template <class _Fp, class _A0, class ..._Args,
        -: 3079:            class = typename enable_if
        -: 3080:            <
        -: 3081:                is_member_function_pointer<typename remove_reference<_Fp>::type>::value &&
        -: 3082:                is_base_of<typename __member_pointer_traits<typename remove_reference<_Fp>::type>::_ClassType,
        -: 3083:                           typename remove_reference<_A0>::type>::value
        -: 3084:            >::type
        -: 3085:         >
        -: 3086:_LIBCPP_INLINE_VISIBILITY
        -: 3087:auto
        -: 3088:__invoke(_Fp&& __f, _A0&& __a0, _Args&& ...__args)
        -: 3089:    -> decltype((_VSTD::forward<_A0>(__a0).*__f)(_VSTD::forward<_Args>(__args)...));
        -: 3090:
        -: 3091:template <class _Fp, class _A0, class ..._Args,
        -: 3092:            class = typename enable_if
        -: 3093:            <
        -: 3094:                is_member_function_pointer<typename remove_reference<_Fp>::type>::value &&
        -: 3095:                !is_base_of<typename __member_pointer_traits<typename remove_reference<_Fp>::type>::_ClassType,
        -: 3096:                           typename remove_reference<_A0>::type>::value
        -: 3097:            >::type
        -: 3098:         >
        -: 3099:_LIBCPP_INLINE_VISIBILITY
        -: 3100:auto
        -: 3101:__invoke(_Fp&& __f, _A0&& __a0, _Args&& ...__args)
        -: 3102:    -> decltype(((*_VSTD::forward<_A0>(__a0)).*__f)(_VSTD::forward<_Args>(__args)...));
        -: 3103:
        -: 3104:// bullets 3 and 4
        -: 3105:
        -: 3106:template <class _Fp, class _A0,
        -: 3107:            class = typename enable_if
        -: 3108:            <
        -: 3109:                is_member_object_pointer<typename remove_reference<_Fp>::type>::value &&
        -: 3110:                is_base_of<typename __member_pointer_traits<typename remove_reference<_Fp>::type>::_ClassType,
        -: 3111:                           typename remove_reference<_A0>::type>::value
        -: 3112:            >::type
        -: 3113:         >
        -: 3114:_LIBCPP_INLINE_VISIBILITY
        -: 3115:auto
        -: 3116:__invoke(_Fp&& __f, _A0&& __a0)
        -: 3117:    -> decltype(_VSTD::forward<_A0>(__a0).*__f);
        -: 3118:
        -: 3119:template <class _Fp, class _A0,
        -: 3120:            class = typename enable_if
        -: 3121:            <
        -: 3122:                is_member_object_pointer<typename remove_reference<_Fp>::type>::value &&
        -: 3123:                !is_base_of<typename __member_pointer_traits<typename remove_reference<_Fp>::type>::_ClassType,
        -: 3124:                           typename remove_reference<_A0>::type>::value
        -: 3125:            >::type
        -: 3126:         >
        -: 3127:_LIBCPP_INLINE_VISIBILITY
        -: 3128:auto
        -: 3129:__invoke(_Fp&& __f, _A0&& __a0)
        -: 3130:    -> decltype((*_VSTD::forward<_A0>(__a0)).*__f);
        -: 3131:
        -: 3132:// bullet 5
        -: 3133:
        -: 3134:template <class _Fp, class ..._Args>
        -: 3135:_LIBCPP_INLINE_VISIBILITY
        -: 3136:auto
        -: 3137:__invoke(_Fp&& __f, _Args&& ...__args)
        -: 3138:    -> decltype(_VSTD::forward<_Fp>(__f)(_VSTD::forward<_Args>(__args)...));
        -: 3139:
        -: 3140:// __invokable
        -: 3141:
        -: 3142:template <class _Fp, class ..._Args>
        -: 3143:struct __invokable_imp
        -: 3144:    : private __check_complete<_Fp>
        -: 3145:{
        -: 3146:    typedef decltype(
        -: 3147:            __invoke(_VSTD::declval<_Fp>(), _VSTD::declval<_Args>()...)
        -: 3148:                    ) type;
        -: 3149:    static const bool value = !is_same<type, __nat>::value;
        -: 3150:};
        -: 3151:
        -: 3152:template <class _Fp, class ..._Args>
        -: 3153:struct __invokable
        -: 3154:    : public integral_constant<bool,
        -: 3155:          __invokable_imp<_Fp, _Args...>::value>
        -: 3156:{
        -: 3157:};
        -: 3158:
        -: 3159:// __invoke_of
        -: 3160:
        -: 3161:template <bool _Invokable, class _Fp, class ..._Args>
        -: 3162:struct __invoke_of_imp  // false
        -: 3163:{
        -: 3164:};
        -: 3165:
        -: 3166:template <class _Fp, class ..._Args>
        -: 3167:struct __invoke_of_imp<true, _Fp, _Args...>
        -: 3168:{
        -: 3169:    typedef typename __invokable_imp<_Fp, _Args...>::type type;
        -: 3170:};
        -: 3171:
        -: 3172:template <class _Fp, class ..._Args>
        -: 3173:struct __invoke_of
        -: 3174:    : public __invoke_of_imp<__invokable<_Fp, _Args...>::value, _Fp, _Args...>
        -: 3175:{
        -: 3176:};
        -: 3177:
        -: 3178:template <class _Fp, class ..._Args>
        -: 3179:class _LIBCPP_TYPE_VIS_ONLY result_of<_Fp(_Args...)>
        -: 3180:    : public __invoke_of<_Fp, _Args...>
        -: 3181:{
        -: 3182:};
        -: 3183:
        -: 3184:#if _LIBCPP_STD_VER > 11
        -: 3185:template <class _Tp> using result_of_t = typename result_of<_Tp>::type;
        -: 3186:#endif
        -: 3187:
        -: 3188:#endif  // _LIBCPP_HAS_NO_VARIADICS
        -: 3189:
        -: 3190:template <class _Tp>
        -: 3191:inline _LIBCPP_INLINE_VISIBILITY
        -: 3192:#ifndef _LIBCPP_HAS_NO_ADVANCED_SFINAE
        -: 3193:typename enable_if
        -: 3194:<
        -: 3195:    is_move_constructible<_Tp>::value &&
        -: 3196:    is_move_assignable<_Tp>::value
        -: 3197:>::type
        -: 3198:#else
        -: 3199:void
        -: 3200:#endif
        -: 3201:swap(_Tp& __x, _Tp& __y) _NOEXCEPT_(is_nothrow_move_constructible<_Tp>::value &&
        -: 3202:                                    is_nothrow_move_assignable<_Tp>::value)
        -: 3203:{
        -: 3204:    _Tp __t(_VSTD::move(__x));
        -: 3205:    __x = _VSTD::move(__y);
        -: 3206:    __y = _VSTD::move(__t);
        -: 3207:}
        -: 3208:
        -: 3209:template <class _ForwardIterator1, class _ForwardIterator2>
        -: 3210:inline _LIBCPP_INLINE_VISIBILITY
        -: 3211:void
        -: 3212:iter_swap(_ForwardIterator1 __a, _ForwardIterator2 __b)
        -: 3213:    //                                  _NOEXCEPT_(_NOEXCEPT_(swap(*__a, *__b)))
        -: 3214:               _NOEXCEPT_(_NOEXCEPT_(swap(*_VSTD::declval<_ForwardIterator1>(),
        -: 3215:                                          *_VSTD::declval<_ForwardIterator2>())))
        -: 3216:{
        -: 3217:    swap(*__a, *__b);
        -: 3218:}
        -: 3219:
        -: 3220:// __swappable
        -: 3221:
        -: 3222:namespace __detail
        -: 3223:{
        -: 3224:
        -: 3225:using _VSTD::swap;
        -: 3226:__nat swap(__any, __any);
        -: 3227:
        -: 3228:template <class _Tp>
        -: 3229:struct __swappable
        -: 3230:{
        -: 3231:    typedef decltype(swap(_VSTD::declval<_Tp&>(), _VSTD::declval<_Tp&>())) type;
        -: 3232:    static const bool value = !is_same<type, __nat>::value;
        -: 3233:};
        -: 3234:
        -: 3235:}  // __detail
        -: 3236:
        -: 3237:template <class _Tp>
        -: 3238:struct __is_swappable
        -: 3239:    : public integral_constant<bool, __detail::__swappable<_Tp>::value>
        -: 3240:{
        -: 3241:};
        -: 3242:
        -: 3243:#if __has_feature(cxx_noexcept)
        -: 3244:
        -: 3245:template <bool, class _Tp>
        -: 3246:struct __is_nothrow_swappable_imp
        -: 3247:    : public integral_constant<bool, noexcept(swap(_VSTD::declval<_Tp&>(),
        -: 3248:                                                   _VSTD::declval<_Tp&>()))>
        -: 3249:{
        -: 3250:};
        -: 3251:
        -: 3252:template <class _Tp>
        -: 3253:struct __is_nothrow_swappable_imp<false, _Tp>
        -: 3254:    : public false_type
        -: 3255:{
        -: 3256:};
        -: 3257:
        -: 3258:template <class _Tp>
        -: 3259:struct __is_nothrow_swappable
        -: 3260:    : public __is_nothrow_swappable_imp<__is_swappable<_Tp>::value, _Tp>
        -: 3261:{
        -: 3262:};
        -: 3263:
        -: 3264:#else  // __has_feature(cxx_noexcept)
        -: 3265:
        -: 3266:template <class _Tp>
        -: 3267:struct __is_nothrow_swappable
        -: 3268:    : public false_type
        -: 3269:{
        -: 3270:};
        -: 3271:
        -: 3272:#endif  // __has_feature(cxx_noexcept)
        -: 3273:
        -: 3274:#ifdef _LIBCXX_UNDERLYING_TYPE
        -: 3275:
        -: 3276:template <class _Tp>
        -: 3277:struct underlying_type
        -: 3278:{
        -: 3279:    typedef _LIBCXX_UNDERLYING_TYPE(_Tp) type;
        -: 3280:};
        -: 3281:
        -: 3282:#if _LIBCPP_STD_VER > 11
        -: 3283:template <class _Tp> using underlying_type_t = typename underlying_type<_Tp>::type;
        -: 3284:#endif
        -: 3285:
        -: 3286:#else  // _LIBCXX_UNDERLYING_TYPE
        -: 3287:
        -: 3288:template <class _Tp, bool _Support = false>
        -: 3289:struct underlying_type
        -: 3290:{
        -: 3291:    static_assert(_Support, "The underyling_type trait requires compiler "
        -: 3292:                            "support. Either no such support exists or "
        -: 3293:                            "libc++ does not know how to use it.");
        -: 3294:};
        -: 3295:
        -: 3296:#endif // _LIBCXX_UNDERLYING_TYPE
        -: 3297:
        -: 3298:#ifndef _LIBCPP_HAS_NO_ADVANCED_SFINAE
        -: 3299:
        -: 3300:template <class _Tp>
        -: 3301:struct __has_operator_addressof_imp
        -: 3302:{
        -: 3303:    template <class>
        -: 3304:        static auto __test(__any) -> false_type;
        -: 3305:    template <class _Up>
        -: 3306:        static auto __test(_Up* __u)
        -: 3307:            -> typename __select_2nd<decltype(__u->operator&()), true_type>::type;
        -: 3308:
        -: 3309:    static const bool value = decltype(__test<_Tp>(nullptr))::value;
        -: 3310:};
        -: 3311:
        -: 3312:template <class _Tp>
        -: 3313:struct __has_operator_addressof
        -: 3314:    : public integral_constant<bool, __has_operator_addressof_imp<_Tp>::value>
        -: 3315:{};
        -: 3316:
        -: 3317:#endif  // _LIBCPP_HAS_NO_ADVANCED_SFINAE
        -: 3318:
        -: 3319:_LIBCPP_END_NAMESPACE_STD
        -: 3320:
        -: 3321:#endif  // _LIBCPP_TYPE_TRAITS
